[2m2022-11-05 15:47:32.379[0;39m [32m INFO[0;39m [35m13912[0;39m [2m---[0;39m [2m[  restartedMain][0;39m [36mcom.chen.LeoBlog.Starter                [0;39m [2m:[0;39m Starting Starter using Java 16.0.2 on C-137 with PID 13912 (D:\Javacode\LeoBlog-back\target\classes started by 1 in D:\Javacode\LeoBlog-back)
[2m2022-11-05 15:47:32.389[0;39m [32m INFO[0;39m [35m13912[0;39m [2m---[0;39m [2m[  restartedMain][0;39m [36mcom.chen.LeoBlog.Starter                [0;39m [2m:[0;39m The following profiles are active: dev
[2m2022-11-05 15:47:32.461[0;39m [32m INFO[0;39m [35m13912[0;39m [2m---[0;39m [2m[  restartedMain][0;39m [36mo.s.b.devtools.restart.ChangeableUrls   [0;39m [2m:[0;39m The Class-Path manifest attribute in C:\Users\1\.m2\repository\com\mchange\c3p0\0.9.5.5\c3p0-0.9.5.5.jar referenced one or more files that do not exist: file:/C:/Users/1/.m2/repository/com/mchange/c3p0/0.9.5.5/mchange-commons-java-0.2.19.jar
[2m2022-11-05 15:47:32.462[0;39m [32m INFO[0;39m [35m13912[0;39m [2m---[0;39m [2m[  restartedMain][0;39m [36m.e.DevToolsPropertyDefaultsPostProcessor[0;39m [2m:[0;39m Devtools property defaults active! Set 'spring.devtools.add-properties' to 'false' to disable
[2m2022-11-05 15:47:32.466[0;39m [32m INFO[0;39m [35m13912[0;39m [2m---[0;39m [2m[  restartedMain][0;39m [36m.e.DevToolsPropertyDefaultsPostProcessor[0;39m [2m:[0;39m For additional web related logging consider setting the 'logging.level.web' property to 'DEBUG'
[2m2022-11-05 15:47:33.576[0;39m [32m INFO[0;39m [35m13912[0;39m [2m---[0;39m [2m[  restartedMain][0;39m [36m.s.d.r.c.RepositoryConfigurationDelegate[0;39m [2m:[0;39m Multiple Spring Data modules found, entering strict repository configuration mode!
[2m2022-11-05 15:47:33.583[0;39m [32m INFO[0;39m [35m13912[0;39m [2m---[0;39m [2m[  restartedMain][0;39m [36m.s.d.r.c.RepositoryConfigurationDelegate[0;39m [2m:[0;39m Bootstrapping Spring Data Redis repositories in DEFAULT mode.
[2m2022-11-05 15:47:33.666[0;39m [32m INFO[0;39m [35m13912[0;39m [2m---[0;39m [2m[  restartedMain][0;39m [36m.s.d.r.c.RepositoryConfigurationDelegate[0;39m [2m:[0;39m Finished Spring Data repository scanning in 58 ms. Found 0 Redis repository interfaces.
[2m2022-11-05 15:47:34.449[0;39m [32m INFO[0;39m [35m13912[0;39m [2m---[0;39m [2m[  restartedMain][0;39m [36mo.s.b.w.embedded.tomcat.TomcatWebServer [0;39m [2m:[0;39m Tomcat initialized with port(s): 8080 (http)
[2m2022-11-05 15:47:34.465[0;39m [32m INFO[0;39m [35m13912[0;39m [2m---[0;39m [2m[  restartedMain][0;39m [36mo.a.coyote.http11.Http11NioProtocol     [0;39m [2m:[0;39m Initializing ProtocolHandler ["http-nio-8080"]
[2m2022-11-05 15:47:34.466[0;39m [32m INFO[0;39m [35m13912[0;39m [2m---[0;39m [2m[  restartedMain][0;39m [36mo.apache.catalina.core.StandardService  [0;39m [2m:[0;39m Starting service [Tomcat]
[2m2022-11-05 15:47:34.470[0;39m [32m INFO[0;39m [35m13912[0;39m [2m---[0;39m [2m[  restartedMain][0;39m [36morg.apache.catalina.core.StandardEngine [0;39m [2m:[0;39m Starting Servlet engine: [Apache Tomcat/9.0.45]
[2m2022-11-05 15:47:34.604[0;39m [32m INFO[0;39m [35m13912[0;39m [2m---[0;39m [2m[  restartedMain][0;39m [36mo.a.c.c.C.[Tomcat].[localhost].[/]      [0;39m [2m:[0;39m Initializing Spring embedded WebApplicationContext
[2m2022-11-05 15:47:34.605[0;39m [32m INFO[0;39m [35m13912[0;39m [2m---[0;39m [2m[  restartedMain][0;39m [36mw.s.c.ServletWebServerApplicationContext[0;39m [2m:[0;39m Root WebApplicationContext: initialization completed in 2136 ms
[2m2022-11-05 15:47:34.927[0;39m [32m INFO[0;39m [35m13912[0;39m [2m---[0;39m [2m[  restartedMain][0;39m [36mf.a.AutowiredAnnotationBeanPostProcessor[0;39m [2m:[0;39m Autowired annotation is not supported on static fields: private static int com.chen.LeoBlog.constant.BaseConstant.port
[2m2022-11-05 15:47:35.049[0;39m [32m INFO[0;39m [35m13912[0;39m [2m---[0;39m [2m[g-Init-Reporter][0;39m [36mcom.mchange.v2.log.MLog                 [0;39m [2m:[0;39m MLog clients using slf4j logging.
[2m2022-11-05 15:47:35.195[0;39m [32m INFO[0;39m [35m13912[0;39m [2m---[0;39m [2m[  restartedMain][0;39m [36mcom.mchange.v2.c3p0.C3P0Registry        [0;39m [2m:[0;39m Initializing c3p0-0.9.5.5 [built 11-December-2019 22:18:33 -0800; debug? true; trace: 10]
[2m2022-11-05 15:47:35.693[0;39m [33m WARN[0;39m [35m13912[0;39m [2m---[0;39m [2m[  restartedMain][0;39m [36mc.b.m.core.metadata.TableInfoHelper     [0;39m [2m:[0;39m Can not find table primary key in Class: "com.chen.LeoBlog.po.SetArticleLabel".
[2m2022-11-05 15:47:36.275[0;39m [32m INFO[0;39m [35m13912[0;39m [2m---[0;39m [2m[  restartedMain][0;39m [36mcom.chen.LeoBlog.config.WebMvcConfig    [0;39m [2m:[0;39m CORSé…ç½®æˆåŠŸ
[2m2022-11-05 15:47:36.404[0;39m [32m INFO[0;39m [35m13912[0;39m [2m---[0;39m [2m[  restartedMain][0;39m [36mpertySourcedRequestMappingHandlerMapping[0;39m [2m:[0;39m Mapped URL path [/v2/api-docs] onto method [springfox.documentation.swagger2.web.Swagger2Controller#getDocumentation(String, HttpServletRequest)]
[2m2022-11-05 15:47:36.521[0;39m [32m INFO[0;39m [35m13912[0;39m [2m---[0;39m [2m[  restartedMain][0;39m [36mo.s.s.concurrent.ThreadPoolTaskExecutor [0;39m [2m:[0;39m Initializing ExecutorService 'applicationTaskExecutor'
[2m2022-11-05 15:47:36.551[0;39m [32m INFO[0;39m [35m13912[0;39m [2m---[0;39m [2m[  restartedMain][0;39m [36mo.s.b.d.a.OptionalLiveReloadServer      [0;39m [2m:[0;39m LiveReload server is running on port 35729
[2m2022-11-05 15:47:36.614[0;39m [32m INFO[0;39m [35m13912[0;39m [2m---[0;39m [2m[  restartedMain][0;39m [36mcom.chen.LeoBlog.config.WebMvcConfig    [0;39m [2m:[0;39m é™æ€èµ„æºæ˜ å°„
[2m2022-11-05 15:47:37.235[0;39m [32m INFO[0;39m [35m13912[0;39m [2m---[0;39m [2m[  restartedMain][0;39m [36mo.a.coyote.http11.Http11NioProtocol     [0;39m [2m:[0;39m Starting ProtocolHandler ["http-nio-8080"]
[2m2022-11-05 15:47:37.289[0;39m [32m INFO[0;39m [35m13912[0;39m [2m---[0;39m [2m[  restartedMain][0;39m [36mo.s.b.w.embedded.tomcat.TomcatWebServer [0;39m [2m:[0;39m Tomcat started on port(s): 8080 (http) with context path ''
[2m2022-11-05 15:47:37.293[0;39m [32m INFO[0;39m [35m13912[0;39m [2m---[0;39m [2m[  restartedMain][0;39m [36md.s.w.p.DocumentationPluginsBootstrapper[0;39m [2m:[0;39m Context refreshed
[2m2022-11-05 15:47:37.318[0;39m [32m INFO[0;39m [35m13912[0;39m [2m---[0;39m [2m[  restartedMain][0;39m [36md.s.w.p.DocumentationPluginsBootstrapper[0;39m [2m:[0;39m Found 1 custom documentation plugin(s)
[2m2022-11-05 15:47:37.366[0;39m [32m INFO[0;39m [35m13912[0;39m [2m---[0;39m [2m[  restartedMain][0;39m [36ms.d.s.w.s.ApiListingReferenceScanner    [0;39m [2m:[0;39m Scanning for api listing references
[2m2022-11-05 15:47:37.654[0;39m [32m INFO[0;39m [35m13912[0;39m [2m---[0;39m [2m[  restartedMain][0;39m [36m.d.s.w.r.o.CachingOperationNameGenerator[0;39m [2m:[0;39m Generating unique operation named: getLabelListUsingGET_1
[2m2022-11-05 15:47:37.763[0;39m [32m INFO[0;39m [35m13912[0;39m [2m---[0;39m [2m[  restartedMain][0;39m [36mcom.chen.LeoBlog.Starter                [0;39m [2m:[0;39m Started Starter in 5.989 seconds (JVM running for 6.637)
[2m2022-11-05 15:49:57.429[0;39m [32m INFO[0;39m [35m7948[0;39m [2m---[0;39m [2m[  restartedMain][0;39m [36mcom.chen.LeoBlog.Starter                [0;39m [2m:[0;39m Starting Starter using Java 16.0.2 on C-137 with PID 7948 (D:\Javacode\LeoBlog-back\target\classes started by 1 in D:\Javacode\LeoBlog-back)
[2m2022-11-05 15:49:57.442[0;39m [32m INFO[0;39m [35m7948[0;39m [2m---[0;39m [2m[  restartedMain][0;39m [36mcom.chen.LeoBlog.Starter                [0;39m [2m:[0;39m The following profiles are active: dev
[2m2022-11-05 15:49:57.614[0;39m [32m INFO[0;39m [35m7948[0;39m [2m---[0;39m [2m[  restartedMain][0;39m [36mo.s.b.devtools.restart.ChangeableUrls   [0;39m [2m:[0;39m The Class-Path manifest attribute in C:\Users\1\.m2\repository\com\mchange\c3p0\0.9.5.5\c3p0-0.9.5.5.jar referenced one or more files that do not exist: file:/C:/Users/1/.m2/repository/com/mchange/c3p0/0.9.5.5/mchange-commons-java-0.2.19.jar
[2m2022-11-05 15:49:57.618[0;39m [32m INFO[0;39m [35m7948[0;39m [2m---[0;39m [2m[  restartedMain][0;39m [36m.e.DevToolsPropertyDefaultsPostProcessor[0;39m [2m:[0;39m Devtools property defaults active! Set 'spring.devtools.add-properties' to 'false' to disable
[2m2022-11-05 15:49:57.622[0;39m [32m INFO[0;39m [35m7948[0;39m [2m---[0;39m [2m[  restartedMain][0;39m [36m.e.DevToolsPropertyDefaultsPostProcessor[0;39m [2m:[0;39m For additional web related logging consider setting the 'logging.level.web' property to 'DEBUG'
[2m2022-11-05 15:49:59.463[0;39m [32m INFO[0;39m [35m7948[0;39m [2m---[0;39m [2m[  restartedMain][0;39m [36m.s.d.r.c.RepositoryConfigurationDelegate[0;39m [2m:[0;39m Multiple Spring Data modules found, entering strict repository configuration mode!
[2m2022-11-05 15:49:59.477[0;39m [32m INFO[0;39m [35m7948[0;39m [2m---[0;39m [2m[  restartedMain][0;39m [36m.s.d.r.c.RepositoryConfigurationDelegate[0;39m [2m:[0;39m Bootstrapping Spring Data Redis repositories in DEFAULT mode.
[2m2022-11-05 15:49:59.629[0;39m [32m INFO[0;39m [35m7948[0;39m [2m---[0;39m [2m[  restartedMain][0;39m [36m.s.d.r.c.RepositoryConfigurationDelegate[0;39m [2m:[0;39m Finished Spring Data repository scanning in 104 ms. Found 0 Redis repository interfaces.
[2m2022-11-05 15:50:02.256[0;39m [32m INFO[0;39m [35m7948[0;39m [2m---[0;39m [2m[  restartedMain][0;39m [36mo.s.b.w.embedded.tomcat.TomcatWebServer [0;39m [2m:[0;39m Tomcat initialized with port(s): 8080 (http)
[2m2022-11-05 15:50:02.294[0;39m [32m INFO[0;39m [35m7948[0;39m [2m---[0;39m [2m[  restartedMain][0;39m [36mo.a.coyote.http11.Http11NioProtocol     [0;39m [2m:[0;39m Initializing ProtocolHandler ["http-nio-8080"]
[2m2022-11-05 15:50:02.298[0;39m [32m INFO[0;39m [35m7948[0;39m [2m---[0;39m [2m[  restartedMain][0;39m [36mo.apache.catalina.core.StandardService  [0;39m [2m:[0;39m Starting service [Tomcat]
[2m2022-11-05 15:50:02.299[0;39m [32m INFO[0;39m [35m7948[0;39m [2m---[0;39m [2m[  restartedMain][0;39m [36morg.apache.catalina.core.StandardEngine [0;39m [2m:[0;39m Starting Servlet engine: [Apache Tomcat/9.0.45]
[2m2022-11-05 15:50:02.579[0;39m [32m INFO[0;39m [35m7948[0;39m [2m---[0;39m [2m[  restartedMain][0;39m [36mo.a.c.c.C.[Tomcat].[localhost].[/]      [0;39m [2m:[0;39m Initializing Spring embedded WebApplicationContext
[2m2022-11-05 15:50:02.580[0;39m [32m INFO[0;39m [35m7948[0;39m [2m---[0;39m [2m[  restartedMain][0;39m [36mw.s.c.ServletWebServerApplicationContext[0;39m [2m:[0;39m Root WebApplicationContext: initialization completed in 4950 ms
[2m2022-11-05 15:50:03.405[0;39m [32m INFO[0;39m [35m7948[0;39m [2m---[0;39m [2m[  restartedMain][0;39m [36mf.a.AutowiredAnnotationBeanPostProcessor[0;39m [2m:[0;39m Autowired annotation is not supported on static fields: private static int com.chen.LeoBlog.constant.BaseConstant.port
[2m2022-11-05 15:50:03.774[0;39m [32m INFO[0;39m [35m7948[0;39m [2m---[0;39m [2m[g-Init-Reporter][0;39m [36mcom.mchange.v2.log.MLog                 [0;39m [2m:[0;39m MLog clients using slf4j logging.
[2m2022-11-05 15:50:04.017[0;39m [32m INFO[0;39m [35m7948[0;39m [2m---[0;39m [2m[  restartedMain][0;39m [36mcom.mchange.v2.c3p0.C3P0Registry        [0;39m [2m:[0;39m Initializing c3p0-0.9.5.5 [built 11-December-2019 22:18:33 -0800; debug? true; trace: 10]
[2m2022-11-05 15:50:05.076[0;39m [33m WARN[0;39m [35m7948[0;39m [2m---[0;39m [2m[  restartedMain][0;39m [36mc.b.m.core.metadata.TableInfoHelper     [0;39m [2m:[0;39m Can not find table primary key in Class: "com.chen.LeoBlog.po.SetArticleLabel".
[2m2022-11-05 15:50:06.154[0;39m [32m INFO[0;39m [35m7948[0;39m [2m---[0;39m [2m[  restartedMain][0;39m [36mcom.chen.LeoBlog.config.WebMvcConfig    [0;39m [2m:[0;39m CORSé…ç½®æˆåŠŸ
[2m2022-11-05 15:50:06.481[0;39m [32m INFO[0;39m [35m7948[0;39m [2m---[0;39m [2m[  restartedMain][0;39m [36mpertySourcedRequestMappingHandlerMapping[0;39m [2m:[0;39m Mapped URL path [/v2/api-docs] onto method [springfox.documentation.swagger2.web.Swagger2Controller#getDocumentation(String, HttpServletRequest)]
[2m2022-11-05 15:50:06.701[0;39m [32m INFO[0;39m [35m7948[0;39m [2m---[0;39m [2m[  restartedMain][0;39m [36mo.s.s.concurrent.ThreadPoolTaskExecutor [0;39m [2m:[0;39m Initializing ExecutorService 'applicationTaskExecutor'
[2m2022-11-05 15:50:06.805[0;39m [32m INFO[0;39m [35m7948[0;39m [2m---[0;39m [2m[  restartedMain][0;39m [36mo.s.b.d.a.OptionalLiveReloadServer      [0;39m [2m:[0;39m LiveReload server is running on port 35729
[2m2022-11-05 15:50:07.003[0;39m [32m INFO[0;39m [35m7948[0;39m [2m---[0;39m [2m[  restartedMain][0;39m [36mcom.chen.LeoBlog.config.WebMvcConfig    [0;39m [2m:[0;39m é™æ€èµ„æºæ˜ å°„
[2m2022-11-05 15:50:08.234[0;39m [32m INFO[0;39m [35m7948[0;39m [2m---[0;39m [2m[  restartedMain][0;39m [36mo.a.coyote.http11.Http11NioProtocol     [0;39m [2m:[0;39m Starting ProtocolHandler ["http-nio-8080"]
[2m2022-11-05 15:50:08.341[0;39m [32m INFO[0;39m [35m7948[0;39m [2m---[0;39m [2m[  restartedMain][0;39m [36mo.s.b.w.embedded.tomcat.TomcatWebServer [0;39m [2m:[0;39m Tomcat started on port(s): 8080 (http) with context path ''
[2m2022-11-05 15:50:08.345[0;39m [32m INFO[0;39m [35m7948[0;39m [2m---[0;39m [2m[  restartedMain][0;39m [36md.s.w.p.DocumentationPluginsBootstrapper[0;39m [2m:[0;39m Context refreshed
[2m2022-11-05 15:50:08.394[0;39m [32m INFO[0;39m [35m7948[0;39m [2m---[0;39m [2m[  restartedMain][0;39m [36md.s.w.p.DocumentationPluginsBootstrapper[0;39m [2m:[0;39m Found 1 custom documentation plugin(s)
[2m2022-11-05 15:50:08.528[0;39m [32m INFO[0;39m [35m7948[0;39m [2m---[0;39m [2m[  restartedMain][0;39m [36ms.d.s.w.s.ApiListingReferenceScanner    [0;39m [2m:[0;39m Scanning for api listing references
[2m2022-11-05 15:50:09.078[0;39m [32m INFO[0;39m [35m7948[0;39m [2m---[0;39m [2m[  restartedMain][0;39m [36m.d.s.w.r.o.CachingOperationNameGenerator[0;39m [2m:[0;39m Generating unique operation named: getLabelListUsingGET_1
[2m2022-11-05 15:50:09.291[0;39m [32m INFO[0;39m [35m7948[0;39m [2m---[0;39m [2m[  restartedMain][0;39m [36mcom.chen.LeoBlog.Starter                [0;39m [2m:[0;39m Started Starter in 13.504 seconds (JVM running for 29.309)
[2m2022-11-05 15:54:10.855[0;39m [32m INFO[0;39m [35m7948[0;39m [2m---[0;39m [2m[nio-8080-exec-1][0;39m [36mo.a.c.c.C.[Tomcat].[localhost].[/]      [0;39m [2m:[0;39m Initializing Spring DispatcherServlet 'dispatcherServlet'
[2m2022-11-05 15:54:10.858[0;39m [32m INFO[0;39m [35m7948[0;39m [2m---[0;39m [2m[nio-8080-exec-1][0;39m [36mo.s.web.servlet.DispatcherServlet       [0;39m [2m:[0;39m Initializing Servlet 'dispatcherServlet'
[2m2022-11-05 15:54:10.866[0;39m [32m INFO[0;39m [35m7948[0;39m [2m---[0;39m [2m[nio-8080-exec-1][0;39m [36mo.s.web.servlet.DispatcherServlet       [0;39m [2m:[0;39m Completed initialization in 6 ms
[2m2022-11-05 15:54:33.478[0;39m [32m INFO[0;39m [35m7948[0;39m [2m---[0;39m [2m[nio-8080-exec-7][0;39m [36mc.c.L.service.impl.UserServiceImpl      [0;39m [2m:[0;39m ç”¨æˆ·åç™»å½•[a]
[2m2022-11-05 15:54:33.629[0;39m [32m INFO[0;39m [35m7948[0;39m [2m---[0;39m [2m[nio-8080-exec-7][0;39m [36mc.m.v.c.i.AbstractPoolBackedDataSource  [0;39m [2m:[0;39m Initializing c3p0 pool... com.mchange.v2.c3p0.ComboPooledDataSource [ acquireIncrement -> 3, acquireRetryAttempts -> 30, acquireRetryDelay -> 1000, autoCommitOnClose -> false, automaticTestTable -> null, breakAfterAcquireFailure -> false, checkoutTimeout -> 0, connectionCustomizerClassName -> null, connectionTesterClassName -> com.mchange.v2.c3p0.impl.DefaultConnectionTester, contextClassLoaderSource -> caller, dataSourceName -> 2ycr6fasjmvt5a19l4hxx|3337c8d6, debugUnreturnedConnectionStackTraces -> false, description -> null, driverClass -> com.mysql.cj.jdbc.Driver, extensions -> {}, factoryClassLocation -> null, forceIgnoreUnresolvedTransactions -> false, forceSynchronousCheckins -> false, forceUseNamedDriverClass -> false, identityToken -> 2ycr6fasjmvt5a19l4hxx|3337c8d6, idleConnectionTestPeriod -> 120, initialPoolSize -> 3, jdbcUrl -> jdbc:mysql://49.235.100.240:3306/leo_blog?useSSL=false&allowPublicKeyRetrieval=True&allowReconnect=true, maxAdministrativeTaskTime -> 0, maxConnectionAge -> 0, maxIdleTime -> 0, maxIdleTimeExcessConnections -> 0, maxPoolSize -> 15, maxStatements -> 0, maxStatementsPerConnection -> 0, minPoolSize -> 3, numHelperThreads -> 3, preferredTestQuery -> null, privilegeSpawnedThreads -> false, properties -> {password=******, user=******}, propertyCycle -> 0, statementCacheNumDeferredCloseThreads -> 0, testConnectionOnCheckin -> true, testConnectionOnCheckout -> false, unreturnedConnectionTimeout -> 0, userOverrides -> {}, usesTraditionalReflectiveProxies -> false ]
[2m2022-11-05 15:54:34.048[0;39m [32m INFO[0;39m [35m7948[0;39m [2m---[0;39m [2m[nio-8080-exec-7][0;39m [36mc.c.L.service.impl.UserServiceImpl      [0;39m [2m:[0;39m ç™»é™†æˆåŠŸ:token: 6f01637b-5b34-43fe-8882-8ca3f3d5a946
[2m2022-11-05 15:54:35.436[0;39m [32m INFO[0;39m [35m7948[0;39m [2m---[0;39m [2m[nio-8080-exec-8][0;39m [36mc.c.L.c.SocketEndPointController        [0;39m [2m:[0;39m æ–°è¿žæŽ¥->userId:21,session:org.apache.tomcat.websocket.WsSession@50eb9ff5
[2m2022-11-05 15:54:35.807[0;39m [32m INFO[0;39m [35m7948[0;39m [2m---[0;39m [2m[nio-8080-exec-2][0;39m [36mc.c.L.service.impl.ArticleServiceImpl   [0;39m [2m:[0;39m page: [1], size: [20]
[2m2022-11-05 16:00:14.602[0;39m [32m INFO[0;39m [35m7948[0;39m [2m---[0;39m [2m[nio-8080-exec-1][0;39m [36mc.c.L.c.SocketEndPointController        [0;39m [2m:[0;39m æ”¶åˆ°å®¢æˆ·ç«¯æ¶ˆæ¯:{"userId":21,"receiverId":-2088849339,"message":"ä½ å¥½ï¼Œå®˜æ–¹ã€‚","update_time":"2022-11-05T08:00:14.599Z"}
[2m2022-11-05 16:01:38.733[0;39m [32m INFO[0;39m [35m7948[0;39m [2m---[0;39m [2m[nio-8080-exec-7][0;39m [36mc.c.L.c.SocketEndPointController        [0;39m [2m:[0;39m æ”¶åˆ°å®¢æˆ·ç«¯æ¶ˆæ¯:{"userId":21,"receiverId":-2088849339,"message":"test","update_time":"2022-11-05T08:00:50.212Z"}
[2m2022-11-05 16:03:16.378[0;39m [32m INFO[0;39m [35m7948[0;39m [2m---[0;39m [2m[nio-8080-exec-9][0;39m [36mc.c.L.c.SocketEndPointController        [0;39m [2m:[0;39m æ–°è¿žæŽ¥->userId:21,session:org.apache.tomcat.websocket.WsSession@adc18ca
[2m2022-11-05 16:12:19.523[0;39m [32m INFO[0;39m [35m7948[0;39m [2m---[0;39m [2m[io-8080-exec-10][0;39m [36mc.c.L.c.SocketEndPointController        [0;39m [2m:[0;39m è¿žæŽ¥å…³é—­->userId: 21
[2m2022-11-05 16:12:19.524[0;39m [32m INFO[0;39m [35m7948[0;39m [2m---[0;39m [2m[nio-8080-exec-2][0;39m [36mc.c.L.c.SocketEndPointController        [0;39m [2m:[0;39m è¿žæŽ¥å…³é—­->userId: 21
[2m2022-11-05 16:12:21.636[0;39m [32m INFO[0;39m [35m7948[0;39m [2m---[0;39m [2m[nio-8080-exec-7][0;39m [36mc.c.L.c.SocketEndPointController        [0;39m [2m:[0;39m æ–°è¿žæŽ¥->userId:21,session:org.apache.tomcat.websocket.WsSession@11454e4c
[2m2022-11-05 16:12:45.106[0;39m [32m INFO[0;39m [35m7948[0;39m [2m---[0;39m [2m[nio-8080-exec-9][0;39m [36mc.c.L.c.SocketEndPointController        [0;39m [2m:[0;39m è¿žæŽ¥å…³é—­->userId: 21
[2m2022-11-05 22:53:18.854[0;39m [32m INFO[0;39m [35m20416[0;39m [2m---[0;39m [2m[  restartedMain][0;39m [36mcom.chen.LeoBlog.Starter                [0;39m [2m:[0;39m Starting Starter using Java 16.0.2 on C-137 with PID 20416 (D:\Javacode\LeoBlog-back\target\classes started by 1 in D:\Javacode\LeoBlog-back)
[2m2022-11-05 22:53:18.857[0;39m [32m INFO[0;39m [35m20416[0;39m [2m---[0;39m [2m[  restartedMain][0;39m [36mcom.chen.LeoBlog.Starter                [0;39m [2m:[0;39m The following profiles are active: dev
[2m2022-11-05 22:53:18.921[0;39m [32m INFO[0;39m [35m20416[0;39m [2m---[0;39m [2m[  restartedMain][0;39m [36mo.s.b.devtools.restart.ChangeableUrls   [0;39m [2m:[0;39m The Class-Path manifest attribute in C:\Users\1\.m2\repository\com\mchange\c3p0\0.9.5.5\c3p0-0.9.5.5.jar referenced one or more files that do not exist: file:/C:/Users/1/.m2/repository/com/mchange/c3p0/0.9.5.5/mchange-commons-java-0.2.19.jar
[2m2022-11-05 22:53:18.922[0;39m [32m INFO[0;39m [35m20416[0;39m [2m---[0;39m [2m[  restartedMain][0;39m [36m.e.DevToolsPropertyDefaultsPostProcessor[0;39m [2m:[0;39m Devtools property defaults active! Set 'spring.devtools.add-properties' to 'false' to disable
[2m2022-11-05 22:53:18.923[0;39m [32m INFO[0;39m [35m20416[0;39m [2m---[0;39m [2m[  restartedMain][0;39m [36m.e.DevToolsPropertyDefaultsPostProcessor[0;39m [2m:[0;39m For additional web related logging consider setting the 'logging.level.web' property to 'DEBUG'
[2m2022-11-05 22:53:19.831[0;39m [32m INFO[0;39m [35m20416[0;39m [2m---[0;39m [2m[  restartedMain][0;39m [36m.s.d.r.c.RepositoryConfigurationDelegate[0;39m [2m:[0;39m Multiple Spring Data modules found, entering strict repository configuration mode!
[2m2022-11-05 22:53:19.837[0;39m [32m INFO[0;39m [35m20416[0;39m [2m---[0;39m [2m[  restartedMain][0;39m [36m.s.d.r.c.RepositoryConfigurationDelegate[0;39m [2m:[0;39m Bootstrapping Spring Data Redis repositories in DEFAULT mode.
[2m2022-11-05 22:53:19.891[0;39m [32m INFO[0;39m [35m20416[0;39m [2m---[0;39m [2m[  restartedMain][0;39m [36m.s.d.r.c.RepositoryConfigurationDelegate[0;39m [2m:[0;39m Finished Spring Data repository scanning in 38 ms. Found 0 Redis repository interfaces.
[2m2022-11-05 22:53:21.047[0;39m [32m INFO[0;39m [35m20416[0;39m [2m---[0;39m [2m[  restartedMain][0;39m [36mo.s.b.w.embedded.tomcat.TomcatWebServer [0;39m [2m:[0;39m Tomcat initialized with port(s): 8080 (http)
[2m2022-11-05 22:53:21.062[0;39m [32m INFO[0;39m [35m20416[0;39m [2m---[0;39m [2m[  restartedMain][0;39m [36mo.a.coyote.http11.Http11NioProtocol     [0;39m [2m:[0;39m Initializing ProtocolHandler ["http-nio-8080"]
[2m2022-11-05 22:53:21.063[0;39m [32m INFO[0;39m [35m20416[0;39m [2m---[0;39m [2m[  restartedMain][0;39m [36mo.apache.catalina.core.StandardService  [0;39m [2m:[0;39m Starting service [Tomcat]
[2m2022-11-05 22:53:21.064[0;39m [32m INFO[0;39m [35m20416[0;39m [2m---[0;39m [2m[  restartedMain][0;39m [36morg.apache.catalina.core.StandardEngine [0;39m [2m:[0;39m Starting Servlet engine: [Apache Tomcat/9.0.45]
[2m2022-11-05 22:53:21.213[0;39m [32m INFO[0;39m [35m20416[0;39m [2m---[0;39m [2m[  restartedMain][0;39m [36mo.a.c.c.C.[Tomcat].[localhost].[/]      [0;39m [2m:[0;39m Initializing Spring embedded WebApplicationContext
[2m2022-11-05 22:53:21.214[0;39m [32m INFO[0;39m [35m20416[0;39m [2m---[0;39m [2m[  restartedMain][0;39m [36mw.s.c.ServletWebServerApplicationContext[0;39m [2m:[0;39m Root WebApplicationContext: initialization completed in 2288 ms
[2m2022-11-05 22:53:22.066[0;39m [32m INFO[0;39m [35m20416[0;39m [2m---[0;39m [2m[  restartedMain][0;39m [36mf.a.AutowiredAnnotationBeanPostProcessor[0;39m [2m:[0;39m Autowired annotation is not supported on static fields: private static int com.chen.LeoBlog.constant.BaseConstant.port
[2m2022-11-05 22:53:22.571[0;39m [32m INFO[0;39m [35m20416[0;39m [2m---[0;39m [2m[g-Init-Reporter][0;39m [36mcom.mchange.v2.log.MLog                 [0;39m [2m:[0;39m MLog clients using slf4j logging.
[2m2022-11-05 22:53:22.708[0;39m [32m INFO[0;39m [35m20416[0;39m [2m---[0;39m [2m[  restartedMain][0;39m [36mcom.mchange.v2.c3p0.C3P0Registry        [0;39m [2m:[0;39m Initializing c3p0-0.9.5.5 [built 11-December-2019 22:18:33 -0800; debug? true; trace: 10]
[2m2022-11-05 22:53:23.385[0;39m [33m WARN[0;39m [35m20416[0;39m [2m---[0;39m [2m[  restartedMain][0;39m [36mc.b.m.core.metadata.TableInfoHelper     [0;39m [2m:[0;39m Can not find table primary key in Class: "com.chen.LeoBlog.po.SetArticleLabel".
[2m2022-11-05 22:53:24.146[0;39m [32m INFO[0;39m [35m20416[0;39m [2m---[0;39m [2m[  restartedMain][0;39m [36mcom.chen.LeoBlog.config.WebMvcConfig    [0;39m [2m:[0;39m CORSé…ç½®æˆåŠŸ
[2m2022-11-05 22:53:24.341[0;39m [32m INFO[0;39m [35m20416[0;39m [2m---[0;39m [2m[  restartedMain][0;39m [36mpertySourcedRequestMappingHandlerMapping[0;39m [2m:[0;39m Mapped URL path [/v2/api-docs] onto method [springfox.documentation.swagger2.web.Swagger2Controller#getDocumentation(String, HttpServletRequest)]
[2m2022-11-05 22:53:24.749[0;39m [32m INFO[0;39m [35m20416[0;39m [2m---[0;39m [2m[  restartedMain][0;39m [36mo.s.s.concurrent.ThreadPoolTaskExecutor [0;39m [2m:[0;39m Initializing ExecutorService 'applicationTaskExecutor'
[2m2022-11-05 22:53:24.794[0;39m [32m INFO[0;39m [35m20416[0;39m [2m---[0;39m [2m[  restartedMain][0;39m [36mo.s.b.d.a.OptionalLiveReloadServer      [0;39m [2m:[0;39m LiveReload server is running on port 35729
[2m2022-11-05 22:53:24.870[0;39m [32m INFO[0;39m [35m20416[0;39m [2m---[0;39m [2m[  restartedMain][0;39m [36mcom.chen.LeoBlog.config.WebMvcConfig    [0;39m [2m:[0;39m é™æ€èµ„æºæ˜ å°„
[2m2022-11-05 22:53:25.999[0;39m [32m INFO[0;39m [35m20416[0;39m [2m---[0;39m [2m[  restartedMain][0;39m [36mo.a.coyote.http11.Http11NioProtocol     [0;39m [2m:[0;39m Starting ProtocolHandler ["http-nio-8080"]
[2m2022-11-05 22:53:26.104[0;39m [32m INFO[0;39m [35m20416[0;39m [2m---[0;39m [2m[  restartedMain][0;39m [36mo.s.b.w.embedded.tomcat.TomcatWebServer [0;39m [2m:[0;39m Tomcat started on port(s): 8080 (http) with context path ''
[2m2022-11-05 22:53:26.114[0;39m [32m INFO[0;39m [35m20416[0;39m [2m---[0;39m [2m[  restartedMain][0;39m [36md.s.w.p.DocumentationPluginsBootstrapper[0;39m [2m:[0;39m Context refreshed
[2m2022-11-05 22:53:26.180[0;39m [32m INFO[0;39m [35m20416[0;39m [2m---[0;39m [2m[  restartedMain][0;39m [36md.s.w.p.DocumentationPluginsBootstrapper[0;39m [2m:[0;39m Found 1 custom documentation plugin(s)
[2m2022-11-05 22:53:26.340[0;39m [32m INFO[0;39m [35m20416[0;39m [2m---[0;39m [2m[  restartedMain][0;39m [36ms.d.s.w.s.ApiListingReferenceScanner    [0;39m [2m:[0;39m Scanning for api listing references
[2m2022-11-05 22:53:26.909[0;39m [32m INFO[0;39m [35m20416[0;39m [2m---[0;39m [2m[  restartedMain][0;39m [36m.d.s.w.r.o.CachingOperationNameGenerator[0;39m [2m:[0;39m Generating unique operation named: getLabelListUsingGET_1
[2m2022-11-05 22:53:26.997[0;39m [32m INFO[0;39m [35m20416[0;39m [2m---[0;39m [2m[  restartedMain][0;39m [36mcom.chen.LeoBlog.Starter                [0;39m [2m:[0;39m Started Starter in 8.935 seconds (JVM running for 9.622)
[2m2022-11-05 22:58:10.886[0;39m [32m INFO[0;39m [35m20416[0;39m [2m---[0;39m [2m[nio-8080-exec-2][0;39m [36mo.a.c.c.C.[Tomcat].[localhost].[/]      [0;39m [2m:[0;39m Initializing Spring DispatcherServlet 'dispatcherServlet'
[2m2022-11-05 22:58:10.886[0;39m [32m INFO[0;39m [35m20416[0;39m [2m---[0;39m [2m[nio-8080-exec-2][0;39m [36mo.s.web.servlet.DispatcherServlet       [0;39m [2m:[0;39m Initializing Servlet 'dispatcherServlet'
[2m2022-11-05 22:58:10.897[0;39m [32m INFO[0;39m [35m20416[0;39m [2m---[0;39m [2m[nio-8080-exec-2][0;39m [36mo.s.web.servlet.DispatcherServlet       [0;39m [2m:[0;39m Completed initialization in 10 ms
[2m2022-11-05 22:58:15.347[0;39m [32m INFO[0;39m [35m20416[0;39m [2m---[0;39m [2m[io-8080-exec-10][0;39m [36mc.c.L.service.impl.UserServiceImpl      [0;39m [2m:[0;39m ç”¨æˆ·åç™»å½•[a]
[2m2022-11-05 22:58:15.432[0;39m [32m INFO[0;39m [35m20416[0;39m [2m---[0;39m [2m[io-8080-exec-10][0;39m [36mc.m.v.c.i.AbstractPoolBackedDataSource  [0;39m [2m:[0;39m Initializing c3p0 pool... com.mchange.v2.c3p0.ComboPooledDataSource [ acquireIncrement -> 3, acquireRetryAttempts -> 30, acquireRetryDelay -> 1000, autoCommitOnClose -> false, automaticTestTable -> null, breakAfterAcquireFailure -> false, checkoutTimeout -> 0, connectionCustomizerClassName -> null, connectionTesterClassName -> com.mchange.v2.c3p0.impl.DefaultConnectionTester, contextClassLoaderSource -> caller, dataSourceName -> 2ycr6fask206y61s1q21m|7e5e7bbd, debugUnreturnedConnectionStackTraces -> false, description -> null, driverClass -> com.mysql.cj.jdbc.Driver, extensions -> {}, factoryClassLocation -> null, forceIgnoreUnresolvedTransactions -> false, forceSynchronousCheckins -> false, forceUseNamedDriverClass -> false, identityToken -> 2ycr6fask206y61s1q21m|7e5e7bbd, idleConnectionTestPeriod -> 120, initialPoolSize -> 3, jdbcUrl -> jdbc:mysql://49.235.100.240:3306/leo_blog?useSSL=false&allowPublicKeyRetrieval=True&allowReconnect=true, maxAdministrativeTaskTime -> 0, maxConnectionAge -> 0, maxIdleTime -> 0, maxIdleTimeExcessConnections -> 0, maxPoolSize -> 15, maxStatements -> 0, maxStatementsPerConnection -> 0, minPoolSize -> 3, numHelperThreads -> 3, preferredTestQuery -> null, privilegeSpawnedThreads -> false, properties -> {password=******, user=******}, propertyCycle -> 0, statementCacheNumDeferredCloseThreads -> 0, testConnectionOnCheckin -> true, testConnectionOnCheckout -> false, unreturnedConnectionTimeout -> 0, userOverrides -> {}, usesTraditionalReflectiveProxies -> false ]
[2m2022-11-05 22:58:15.868[0;39m [32m INFO[0;39m [35m20416[0;39m [2m---[0;39m [2m[io-8080-exec-10][0;39m [36mc.c.L.service.impl.UserServiceImpl      [0;39m [2m:[0;39m ç™»é™†æˆåŠŸ:token: 6f01637b-5b34-43fe-8882-8ca3f3d5a946
[2m2022-11-05 22:58:16.994[0;39m [32m INFO[0;39m [35m20416[0;39m [2m---[0;39m [2m[nio-8080-exec-4][0;39m [36mc.c.L.c.SocketEndPointController        [0;39m [2m:[0;39m æ–°è¿žæŽ¥->userId:21,session:org.apache.tomcat.websocket.WsSession@114eec9
[2m2022-11-05 22:58:17.207[0;39m [32m INFO[0;39m [35m20416[0;39m [2m---[0;39m [2m[nio-8080-exec-5][0;39m [36mc.c.L.service.impl.ArticleServiceImpl   [0;39m [2m:[0;39m page: [1], size: [20]
[2m2022-11-05 23:04:17.817[0;39m [32m INFO[0;39m [35m20416[0;39m [2m---[0;39m [2m[nio-8080-exec-1][0;39m [36mc.c.L.c.SocketEndPointController        [0;39m [2m:[0;39m æ–°è¿žæŽ¥->userId:21,session:org.apache.tomcat.websocket.WsSession@782b3ff4
[2m2022-11-05 23:04:34.869[0;39m [32m INFO[0;39m [35m20416[0;39m [2m---[0;39m [2m[nio-8080-exec-7][0;39m [36mc.c.L.c.SocketEndPointController        [0;39m [2m:[0;39m æ–°è¿žæŽ¥->userId:21,session:org.apache.tomcat.websocket.WsSession@6652c154
[2m2022-11-05 23:04:36.772[0;39m [32m INFO[0;39m [35m20416[0;39m [2m---[0;39m [2m[io-8080-exec-10][0;39m [36mc.c.L.c.SocketEndPointController        [0;39m [2m:[0;39m æ–°è¿žæŽ¥->userId:21,session:org.apache.tomcat.websocket.WsSession@3288fb6a
[2m2022-11-05 23:04:38.421[0;39m [32m INFO[0;39m [35m20416[0;39m [2m---[0;39m [2m[nio-8080-exec-8][0;39m [36mc.c.L.c.SocketEndPointController        [0;39m [2m:[0;39m æ–°è¿žæŽ¥->userId:21,session:org.apache.tomcat.websocket.WsSession@bcb18d1
[2m2022-11-05 23:04:43.416[0;39m [32m INFO[0;39m [35m20416[0;39m [2m---[0;39m [2m[nio-8080-exec-9][0;39m [36mc.c.L.controller.ArticleController      [0;39m [2m:[0;39m keyword:nihao
[2m2022-11-05 23:04:43.528[0;39m [32m INFO[0;39m [35m20416[0;39m [2m---[0;39m [2m[nio-8080-exec-4][0;39m [36mc.c.L.controller.ArticleController      [0;39m [2m:[0;39m keyword:nihao
[2m2022-11-05 23:04:46.719[0;39m [32m INFO[0;39m [35m20416[0;39m [2m---[0;39m [2m[nio-8080-exec-3][0;39m [36mc.c.L.controller.ArticleController      [0;39m [2m:[0;39m keyword:ä½ 
[2m2022-11-05 23:05:34.633[0;39m [32m INFO[0;39m [35m20416[0;39m [2m---[0;39m [2m[nio-8080-exec-5][0;39m [36mc.c.L.service.impl.ArticleServiceImpl   [0;39m [2m:[0;39m articleId: [652854448]
[2m2022-11-05 23:05:34.637[0;39m [32m INFO[0;39m [35m20416[0;39m [2m---[0;39m [2m[nio-8080-exec-6][0;39m [36mc.c.L.service.impl.CommentServiceImpl   [0;39m [2m:[0;39m articleId: [652854448]
[2m2022-11-05 23:06:27.703[0;39m [32m INFO[0;39m [35m20416[0;39m [2m---[0;39m [2m[nio-8080-exec-6][0;39m [36mc.c.L.c.SocketEndPointController        [0;39m [2m:[0;39m æ–°è¿žæŽ¥->userId:21,session:org.apache.tomcat.websocket.WsSession@2c5ccd2d
[2m2022-11-05 23:06:29.478[0;39m [32m INFO[0;39m [35m20416[0;39m [2m---[0;39m [2m[nio-8080-exec-7][0;39m [36mc.c.L.c.SocketEndPointController        [0;39m [2m:[0;39m æ–°è¿žæŽ¥->userId:21,session:org.apache.tomcat.websocket.WsSession@6f553922
[2m2022-11-05 23:06:40.933[0;39m [32m INFO[0;39m [35m20416[0;39m [2m---[0;39m [2m[nio-8080-exec-4][0;39m [36mc.c.L.c.SocketEndPointController        [0;39m [2m:[0;39m æ–°è¿žæŽ¥->userId:21,session:org.apache.tomcat.websocket.WsSession@5b0a61be
[2m2022-11-05 23:06:46.589[0;39m [32m INFO[0;39m [35m20416[0;39m [2m---[0;39m [2m[nio-8080-exec-9][0;39m [36mc.c.L.c.SocketEndPointController        [0;39m [2m:[0;39m æ–°è¿žæŽ¥->userId:21,session:org.apache.tomcat.websocket.WsSession@3f4a36ef
[2m2022-11-05 23:06:53.794[0;39m [32m INFO[0;39m [35m20416[0;39m [2m---[0;39m [2m[nio-8080-exec-3][0;39m [36mc.c.L.c.SocketEndPointController        [0;39m [2m:[0;39m æ–°è¿žæŽ¥->userId:21,session:org.apache.tomcat.websocket.WsSession@42ea83d6
[2m2022-11-05 23:07:10.254[0;39m [32m INFO[0;39m [35m20416[0;39m [2m---[0;39m [2m[nio-8080-exec-8][0;39m [36mc.c.L.service.impl.ArticleServiceImpl   [0;39m [2m:[0;39m page: [1], size: [20]
[2m2022-11-05 23:07:25.545[0;39m [32m INFO[0;39m [35m20416[0;39m [2m---[0;39m [2m[nio-8080-exec-2][0;39m [36mc.c.L.c.SocketEndPointController        [0;39m [2m:[0;39m æ–°è¿žæŽ¥->userId:21,session:org.apache.tomcat.websocket.WsSession@3080bb66
[2m2022-11-05 23:07:29.471[0;39m [32m INFO[0;39m [35m20416[0;39m [2m---[0;39m [2m[nio-8080-exec-9][0;39m [36mc.c.L.c.SocketEndPointController        [0;39m [2m:[0;39m æ–°è¿žæŽ¥->userId:21,session:org.apache.tomcat.websocket.WsSession@5eaefe15
[2m2022-11-05 23:07:48.427[0;39m [32m INFO[0;39m [35m20416[0;39m [2m---[0;39m [2m[io-8080-exec-10][0;39m [36mc.c.L.c.SocketEndPointController        [0;39m [2m:[0;39m æ–°è¿žæŽ¥->userId:21,session:org.apache.tomcat.websocket.WsSession@2c4632ca
[2m2022-11-05 23:07:52.447[0;39m [32m INFO[0;39m [35m20416[0;39m [2m---[0;39m [2m[nio-8080-exec-2][0;39m [36mc.c.L.c.SocketEndPointController        [0;39m [2m:[0;39m æ–°è¿žæŽ¥->userId:21,session:org.apache.tomcat.websocket.WsSession@59415c93
[2m2022-11-05 23:07:55.722[0;39m [32m INFO[0;39m [35m20416[0;39m [2m---[0;39m [2m[nio-8080-exec-1][0;39m [36mc.c.L.controller.ArticleController      [0;39m [2m:[0;39m keyword:ä½ 
[2m2022-11-05 23:08:00.323[0;39m [32m INFO[0;39m [35m20416[0;39m [2m---[0;39m [2m[nio-8080-exec-9][0;39m [36mc.c.L.controller.ArticleController      [0;39m [2m:[0;39m keyword:ä½ 
[2m2022-11-05 23:08:08.556[0;39m [32m INFO[0;39m [35m20416[0;39m [2m---[0;39m [2m[nio-8080-exec-5][0;39m [36mc.c.L.controller.ArticleController      [0;39m [2m:[0;39m keyword:ä½ å¥½
[2m2022-11-05 23:08:08.633[0;39m [32m INFO[0;39m [35m20416[0;39m [2m---[0;39m [2m[nio-8080-exec-3][0;39m [36mc.c.L.controller.ArticleController      [0;39m [2m:[0;39m keyword:ä½ å¥½
[2m2022-11-05 23:08:16.850[0;39m [32m INFO[0;39m [35m20416[0;39m [2m---[0;39m [2m[nio-8080-exec-7][0;39m [36mc.c.L.c.SocketEndPointController        [0;39m [2m:[0;39m è¿žæŽ¥å…³é—­->userId: 21
[2m2022-11-05 23:08:16.851[0;39m [32m INFO[0;39m [35m20416[0;39m [2m---[0;39m [2m[nio-8080-exec-6][0;39m [36mc.c.L.c.SocketEndPointController        [0;39m [2m:[0;39m è¿žæŽ¥å…³é—­->userId: 21
[2m2022-11-05 23:08:16.851[0;39m [32m INFO[0;39m [35m20416[0;39m [2m---[0;39m [2m[nio-8080-exec-9][0;39m [36mc.c.L.c.SocketEndPointController        [0;39m [2m:[0;39m è¿žæŽ¥å…³é—­->userId: 21
[2m2022-11-05 23:08:16.851[0;39m [32m INFO[0;39m [35m20416[0;39m [2m---[0;39m [2m[io-8080-exec-14][0;39m [36mc.c.L.c.SocketEndPointController        [0;39m [2m:[0;39m è¿žæŽ¥å…³é—­->userId: 21
[2m2022-11-05 23:08:16.851[0;39m [32m INFO[0;39m [35m20416[0;39m [2m---[0;39m [2m[nio-8080-exec-5][0;39m [36mc.c.L.c.SocketEndPointController        [0;39m [2m:[0;39m è¿žæŽ¥å…³é—­->userId: 21
[2m2022-11-05 23:08:16.851[0;39m [32m INFO[0;39m [35m20416[0;39m [2m---[0;39m [2m[nio-8080-exec-2][0;39m [36mc.c.L.c.SocketEndPointController        [0;39m [2m:[0;39m è¿žæŽ¥å…³é—­->userId: 21
[2m2022-11-05 23:08:16.851[0;39m [32m INFO[0;39m [35m20416[0;39m [2m---[0;39m [2m[nio-8080-exec-4][0;39m [36mc.c.L.c.SocketEndPointController        [0;39m [2m:[0;39m è¿žæŽ¥å…³é—­->userId: 21
[2m2022-11-05 23:08:16.851[0;39m [32m INFO[0;39m [35m20416[0;39m [2m---[0;39m [2m[io-8080-exec-11][0;39m [36mc.c.L.c.SocketEndPointController        [0;39m [2m:[0;39m è¿žæŽ¥å…³é—­->userId: 21
[2m2022-11-05 23:08:16.851[0;39m [32m INFO[0;39m [35m20416[0;39m [2m---[0;39m [2m[io-8080-exec-10][0;39m [36mc.c.L.c.SocketEndPointController        [0;39m [2m:[0;39m è¿žæŽ¥å…³é—­->userId: 21
[2m2022-11-05 23:08:16.851[0;39m [32m INFO[0;39m [35m20416[0;39m [2m---[0;39m [2m[io-8080-exec-15][0;39m [36mc.c.L.c.SocketEndPointController        [0;39m [2m:[0;39m è¿žæŽ¥å…³é—­->userId: 21
[2m2022-11-05 23:08:16.851[0;39m [32m INFO[0;39m [35m20416[0;39m [2m---[0;39m [2m[io-8080-exec-12][0;39m [36mc.c.L.c.SocketEndPointController        [0;39m [2m:[0;39m è¿žæŽ¥å…³é—­->userId: 21
[2m2022-11-05 23:08:16.851[0;39m [32m INFO[0;39m [35m20416[0;39m [2m---[0;39m [2m[nio-8080-exec-1][0;39m [36mc.c.L.c.SocketEndPointController        [0;39m [2m:[0;39m è¿žæŽ¥å…³é—­->userId: 21
[2m2022-11-05 23:08:16.852[0;39m [32m INFO[0;39m [35m20416[0;39m [2m---[0;39m [2m[nio-8080-exec-3][0;39m [36mc.c.L.c.SocketEndPointController        [0;39m [2m:[0;39m è¿žæŽ¥å…³é—­->userId: 21
[2m2022-11-05 23:08:16.856[0;39m [32m INFO[0;39m [35m20416[0;39m [2m---[0;39m [2m[io-8080-exec-13][0;39m [36mc.c.L.c.SocketEndPointController        [0;39m [2m:[0;39m è¿žæŽ¥å…³é—­->userId: 21
[2m2022-11-05 23:08:18.767[0;39m [32m INFO[0;39m [35m20416[0;39m [2m---[0;39m [2m[nio-8080-exec-7][0;39m [36mc.c.L.c.SocketEndPointController        [0;39m [2m:[0;39m æ–°è¿žæŽ¥->userId:21,session:org.apache.tomcat.websocket.WsSession@18a5a475
[2m2022-11-05 23:08:18.968[0;39m [32m INFO[0;39m [35m20416[0;39m [2m---[0;39m [2m[io-8080-exec-14][0;39m [36mc.c.L.controller.ArticleController      [0;39m [2m:[0;39m keyword:ä½ å¥½
[2m2022-11-05 23:08:19.255[0;39m [32m INFO[0;39m [35m20416[0;39m [2m---[0;39m [2m[nio-8080-exec-4][0;39m [36mc.c.L.controller.ArticleController      [0;39m [2m:[0;39m keyword:ä½ å¥½
[2m2022-11-05 23:08:22.879[0;39m [32m INFO[0;39m [35m20416[0;39m [2m---[0;39m [2m[io-8080-exec-13][0;39m [36mc.c.L.service.impl.ArticleServiceImpl   [0;39m [2m:[0;39m page: [1], size: [20]
[2m2022-11-05 23:16:42.782[0;39m [32m INFO[0;39m [35m20416[0;39m [2m---[0;39m [2m[io-8080-exec-10][0;39m [36mc.c.L.service.impl.ArticleServiceImpl   [0;39m [2m:[0;39m page: [1], size: [20]
[2m2022-11-05 23:16:53.796[0;39m [32m INFO[0;39m [35m20416[0;39m [2m---[0;39m [2m[nio-8080-exec-2][0;39m [36mc.c.L.c.SocketEndPointController        [0;39m [2m:[0;39m æ–°è¿žæŽ¥->userId:21,session:org.apache.tomcat.websocket.WsSession@37c1bf0
[2m2022-11-05 23:16:54.135[0;39m [32m INFO[0;39m [35m20416[0;39m [2m---[0;39m [2m[io-8080-exec-15][0;39m [36mc.c.L.service.impl.ArticleServiceImpl   [0;39m [2m:[0;39m page: [1], size: [20]
[2m2022-11-05 23:17:08.007[0;39m [32m INFO[0;39m [35m20416[0;39m [2m---[0;39m [2m[nio-8080-exec-6][0;39m [36mc.c.L.c.SocketEndPointController        [0;39m [2m:[0;39m æ–°è¿žæŽ¥->userId:21,session:org.apache.tomcat.websocket.WsSession@4674c975
[2m2022-11-05 23:17:08.176[0;39m [32m INFO[0;39m [35m20416[0;39m [2m---[0;39m [2m[nio-8080-exec-5][0;39m [36mc.c.L.service.impl.ArticleServiceImpl   [0;39m [2m:[0;39m page: [1], size: [20]
[2m2022-11-05 23:17:12.011[0;39m [32m INFO[0;39m [35m20416[0;39m [2m---[0;39m [2m[io-8080-exec-14][0;39m [36mc.c.L.c.SocketEndPointController        [0;39m [2m:[0;39m æ–°è¿žæŽ¥->userId:21,session:org.apache.tomcat.websocket.WsSession@5c23d186
[2m2022-11-05 23:17:12.441[0;39m [32m INFO[0;39m [35m20416[0;39m [2m---[0;39m [2m[io-8080-exec-15][0;39m [36mc.c.L.service.impl.ArticleServiceImpl   [0;39m [2m:[0;39m page: [1], size: [20]
[2m2022-11-05 23:17:20.749[0;39m [32m INFO[0;39m [35m20416[0;39m [2m---[0;39m [2m[nio-8080-exec-7][0;39m [36mc.c.L.service.impl.ArticleServiceImpl   [0;39m [2m:[0;39m page: [1], size: [20]
[2m2022-11-05 23:18:18.384[0;39m [32m INFO[0;39m [35m20416[0;39m [2m---[0;39m [2m[io-8080-exec-15][0;39m [36mc.c.L.c.SocketEndPointController        [0;39m [2m:[0;39m è¿žæŽ¥å…³é—­->userId: 21
[2m2022-11-05 23:18:18.384[0;39m [32m INFO[0;39m [35m20416[0;39m [2m---[0;39m [2m[io-8080-exec-10][0;39m [36mc.c.L.c.SocketEndPointController        [0;39m [2m:[0;39m è¿žæŽ¥å…³é—­->userId: 21
[2m2022-11-05 23:18:18.390[0;39m [32m INFO[0;39m [35m20416[0;39m [2m---[0;39m [2m[io-8080-exec-13][0;39m [36mc.c.L.c.SocketEndPointController        [0;39m [2m:[0;39m è¿žæŽ¥å…³é—­->userId: 21
[2m2022-11-05 23:18:18.391[0;39m [32m INFO[0;39m [35m20416[0;39m [2m---[0;39m [2m[nio-8080-exec-4][0;39m [36mc.c.L.c.SocketEndPointController        [0;39m [2m:[0;39m è¿žæŽ¥å…³é—­->userId: 21
[2m2022-11-05 23:18:22.400[0;39m [32m INFO[0;39m [35m20416[0;39m [2m---[0;39m [2m[nio-8080-exec-2][0;39m [36mc.c.L.c.SocketEndPointController        [0;39m [2m:[0;39m æ–°è¿žæŽ¥->userId:21,session:org.apache.tomcat.websocket.WsSession@211c3180
[2m2022-11-05 23:18:22.856[0;39m [32m INFO[0;39m [35m20416[0;39m [2m---[0;39m [2m[io-8080-exec-14][0;39m [36mc.c.L.service.impl.ArticleServiceImpl   [0;39m [2m:[0;39m page: [1], size: [20]
[2m2022-11-05 23:18:26.275[0;39m [32m INFO[0;39m [35m20416[0;39m [2m---[0;39m [2m[nio-8080-exec-7][0;39m [36mc.c.L.service.impl.ArticleServiceImpl   [0;39m [2m:[0;39m page: [1], size: [20]
[2m2022-11-05 23:18:44.127[0;39m [32m INFO[0;39m [35m20416[0;39m [2m---[0;39m [2m[io-8080-exec-13][0;39m [36mc.c.L.service.impl.ArticleServiceImpl   [0;39m [2m:[0;39m page: [1], size: [20]
[2m2022-11-05 23:18:47.804[0;39m [32m INFO[0;39m [35m20416[0;39m [2m---[0;39m [2m[nio-8080-exec-6][0;39m [36mc.c.L.service.impl.ArticleServiceImpl   [0;39m [2m:[0;39m page: [1], size: [20]
[2m2022-11-05 23:18:50.451[0;39m [32m INFO[0;39m [35m20416[0;39m [2m---[0;39m [2m[nio-8080-exec-4][0;39m [36mc.c.L.service.impl.ArticleServiceImpl   [0;39m [2m:[0;39m page: [1], size: [20]
[2m2022-11-05 23:18:50.462[0;39m [32m INFO[0;39m [35m20416[0;39m [2m---[0;39m [2m[nio-8080-exec-7][0;39m [36mc.c.L.service.impl.ArticleServiceImpl   [0;39m [2m:[0;39m page: [1], size: [20]
[2m2022-11-05 23:18:51.563[0;39m [32m INFO[0;39m [35m20416[0;39m [2m---[0;39m [2m[nio-8080-exec-5][0;39m [36mc.c.L.service.impl.ArticleServiceImpl   [0;39m [2m:[0;39m page: [1], size: [20]
[2m2022-11-05 23:21:08.399[0;39m [32m INFO[0;39m [35m20416[0;39m [2m---[0;39m [2m[nio-8080-exec-4][0;39m [36mc.c.L.c.SocketEndPointController        [0;39m [2m:[0;39m è¿žæŽ¥å…³é—­->userId: 21
[2m2022-11-05 23:21:10.164[0;39m [32m INFO[0;39m [35m20416[0;39m [2m---[0;39m [2m[io-8080-exec-15][0;39m [36mc.c.L.c.SocketEndPointController        [0;39m [2m:[0;39m æ–°è¿žæŽ¥->userId:21,session:org.apache.tomcat.websocket.WsSession@5b90550d
[2m2022-11-05 23:21:12.870[0;39m [32m INFO[0;39m [35m20416[0;39m [2m---[0;39m [2m[io-8080-exec-15][0;39m [36mc.c.L.service.impl.ArticleServiceImpl   [0;39m [2m:[0;39m page: [1], size: [20]
[2m2022-11-05 23:25:49.553[0;39m [32m INFO[0;39m [35m20416[0;39m [2m---[0;39m [2m[io-8080-exec-14][0;39m [36mc.c.L.service.impl.ArticleServiceImpl   [0;39m [2m:[0;39m page: [2], size: [20]
[2m2022-11-05 23:26:03.723[0;39m [32m INFO[0;39m [35m20416[0;39m [2m---[0;39m [2m[nio-8080-exec-6][0;39m [36mc.c.L.service.impl.CommentServiceImpl   [0;39m [2m:[0;39m articleId: [654064425]
[2m2022-11-05 23:26:03.723[0;39m [32m INFO[0;39m [35m20416[0;39m [2m---[0;39m [2m[io-8080-exec-10][0;39m [36mc.c.L.service.impl.ArticleServiceImpl   [0;39m [2m:[0;39m articleId: [654064425]
[2m2022-11-05 23:33:43.787[0;39m [32m INFO[0;39m [35m20416[0;39m [2m---[0;39m [2m[nio-8080-exec-5][0;39m [36mc.c.L.c.SocketEndPointController        [0;39m [2m:[0;39m è¿žæŽ¥å…³é—­->userId: 21
[2m2022-11-05 23:33:45.718[0;39m [32m INFO[0;39m [35m20416[0;39m [2m---[0;39m [2m[io-8080-exec-10][0;39m [36mc.c.L.c.SocketEndPointController        [0;39m [2m:[0;39m æ–°è¿žæŽ¥->userId:21,session:org.apache.tomcat.websocket.WsSession@7e4a0c70
[2m2022-11-05 23:33:45.880[0;39m [32m INFO[0;39m [35m20416[0;39m [2m---[0;39m [2m[io-8080-exec-13][0;39m [36mc.c.L.service.impl.ArticleServiceImpl   [0;39m [2m:[0;39m articleId: [654064425]
[2m2022-11-05 23:33:45.880[0;39m [32m INFO[0;39m [35m20416[0;39m [2m---[0;39m [2m[nio-8080-exec-2][0;39m [36mc.c.L.service.impl.CommentServiceImpl   [0;39m [2m:[0;39m articleId: [654064425]
[2m2022-11-05 23:34:07.814[0;39m [32m INFO[0;39m [35m20416[0;39m [2m---[0;39m [2m[io-8080-exec-10][0;39m [36mc.c.L.c.SocketEndPointController        [0;39m [2m:[0;39m è¿žæŽ¥å…³é—­->userId: 21
[2m2022-11-05 23:34:09.253[0;39m [32m INFO[0;39m [35m20416[0;39m [2m---[0;39m [2m[io-8080-exec-13][0;39m [36mc.c.L.c.SocketEndPointController        [0;39m [2m:[0;39m æ–°è¿žæŽ¥->userId:21,session:org.apache.tomcat.websocket.WsSession@65a9dc98
[2m2022-11-05 23:34:09.383[0;39m [32m INFO[0;39m [35m20416[0;39m [2m---[0;39m [2m[nio-8080-exec-4][0;39m [36mc.c.L.service.impl.ArticleServiceImpl   [0;39m [2m:[0;39m articleId: [654064425]
[2m2022-11-05 23:34:09.384[0;39m [32m INFO[0;39m [35m20416[0;39m [2m---[0;39m [2m[nio-8080-exec-7][0;39m [36mc.c.L.service.impl.CommentServiceImpl   [0;39m [2m:[0;39m articleId: [654064425]
[2m2022-11-05 23:37:17.992[0;39m [32m INFO[0;39m [35m20416[0;39m [2m---[0;39m [2m[io-8080-exec-15][0;39m [36mc.c.L.c.SocketEndPointController        [0;39m [2m:[0;39m æ–°è¿žæŽ¥->userId:21,session:org.apache.tomcat.websocket.WsSession@7bfd1e6f
[2m2022-11-05 23:37:51.062[0;39m [32m INFO[0;39m [35m20416[0;39m [2m---[0;39m [2m[nio-8080-exec-7][0;39m [36mc.c.L.c.SocketEndPointController        [0;39m [2m:[0;39m è¿žæŽ¥å…³é—­->userId: 21
[2m2022-11-05 23:37:51.062[0;39m [32m INFO[0;39m [35m20416[0;39m [2m---[0;39m [2m[nio-8080-exec-4][0;39m [36mc.c.L.c.SocketEndPointController        [0;39m [2m:[0;39m è¿žæŽ¥å…³é—­->userId: 21
[2m2022-11-05 23:37:53.732[0;39m [32m INFO[0;39m [35m20416[0;39m [2m---[0;39m [2m[nio-8080-exec-5][0;39m [36mc.c.L.c.SocketEndPointController        [0;39m [2m:[0;39m æ–°è¿žæŽ¥->userId:21,session:org.apache.tomcat.websocket.WsSession@57784e41
[2m2022-11-05 23:37:53.929[0;39m [32m INFO[0;39m [35m20416[0;39m [2m---[0;39m [2m[io-8080-exec-15][0;39m [36mc.c.L.service.impl.ArticleServiceImpl   [0;39m [2m:[0;39m articleId: [654064425]
[2m2022-11-05 23:37:53.942[0;39m [32m INFO[0;39m [35m20416[0;39m [2m---[0;39m [2m[nio-8080-exec-2][0;39m [36mc.c.L.service.impl.CommentServiceImpl   [0;39m [2m:[0;39m articleId: [654064425]
[2m2022-11-05 23:38:08.274[0;39m [32m INFO[0;39m [35m20416[0;39m [2m---[0;39m [2m[nio-8080-exec-7][0;39m [36mc.c.L.c.SocketEndPointController        [0;39m [2m:[0;39m æ–°è¿žæŽ¥->userId:21,session:org.apache.tomcat.websocket.WsSession@4e188443
[2m2022-11-05 23:38:10.145[0;39m [32m INFO[0;39m [35m20416[0;39m [2m---[0;39m [2m[nio-8080-exec-8][0;39m [36mc.c.L.c.SocketEndPointController        [0;39m [2m:[0;39m æ–°è¿žæŽ¥->userId:21,session:org.apache.tomcat.websocket.WsSession@142f5f5f
[2m2022-11-05 23:38:13.339[0;39m [32m INFO[0;39m [35m20416[0;39m [2m---[0;39m [2m[nio-8080-exec-6][0;39m [36mc.c.L.c.SocketEndPointController        [0;39m [2m:[0;39m æ–°è¿žæŽ¥->userId:21,session:org.apache.tomcat.websocket.WsSession@2410f0b8
[2m2022-11-05 23:38:15.278[0;39m [32m INFO[0;39m [35m20416[0;39m [2m---[0;39m [2m[io-8080-exec-10][0;39m [36mc.c.L.c.SocketEndPointController        [0;39m [2m:[0;39m æ–°è¿žæŽ¥->userId:21,session:org.apache.tomcat.websocket.WsSession@7c47ddc6
[2m2022-11-05 23:38:42.270[0;39m [32m INFO[0;39m [35m20416[0;39m [2m---[0;39m [2m[nio-8080-exec-8][0;39m [36mc.c.L.c.SocketEndPointController        [0;39m [2m:[0;39m æ–°è¿žæŽ¥->userId:21,session:org.apache.tomcat.websocket.WsSession@2962eec6
[2m2022-11-05 23:39:21.151[0;39m [32m INFO[0;39m [35m20416[0;39m [2m---[0;39m [2m[nio-8080-exec-8][0;39m [36mc.c.L.c.SocketEndPointController        [0;39m [2m:[0;39m è¿žæŽ¥å…³é—­->userId: 21
[2m2022-11-05 23:39:21.151[0;39m [32m INFO[0;39m [35m20416[0;39m [2m---[0;39m [2m[nio-8080-exec-4][0;39m [36mc.c.L.c.SocketEndPointController        [0;39m [2m:[0;39m è¿žæŽ¥å…³é—­->userId: 21
[2m2022-11-05 23:39:21.151[0;39m [32m INFO[0;39m [35m20416[0;39m [2m---[0;39m [2m[nio-8080-exec-5][0;39m [36mc.c.L.c.SocketEndPointController        [0;39m [2m:[0;39m è¿žæŽ¥å…³é—­->userId: 21
[2m2022-11-05 23:39:21.151[0;39m [32m INFO[0;39m [35m20416[0;39m [2m---[0;39m [2m[nio-8080-exec-6][0;39m [36mc.c.L.c.SocketEndPointController        [0;39m [2m:[0;39m è¿žæŽ¥å…³é—­->userId: 21
[2m2022-11-05 23:39:21.152[0;39m [32m INFO[0;39m [35m20416[0;39m [2m---[0;39m [2m[io-8080-exec-15][0;39m [36mc.c.L.c.SocketEndPointController        [0;39m [2m:[0;39m è¿žæŽ¥å…³é—­->userId: 21
[2m2022-11-05 23:39:21.152[0;39m [32m INFO[0;39m [35m20416[0;39m [2m---[0;39m [2m[nio-8080-exec-2][0;39m [36mc.c.L.c.SocketEndPointController        [0;39m [2m:[0;39m è¿žæŽ¥å…³é—­->userId: 21
[2m2022-11-05 23:39:24.113[0;39m [32m INFO[0;39m [35m20416[0;39m [2m---[0;39m [2m[io-8080-exec-14][0;39m [36mc.c.L.c.SocketEndPointController        [0;39m [2m:[0;39m æ–°è¿žæŽ¥->userId:21,session:org.apache.tomcat.websocket.WsSession@52e0b8a8
[2m2022-11-05 23:39:24.389[0;39m [32m INFO[0;39m [35m20416[0;39m [2m---[0;39m [2m[nio-8080-exec-8][0;39m [36mc.c.L.service.impl.ArticleServiceImpl   [0;39m [2m:[0;39m articleId: [654064425]
[2m2022-11-05 23:39:24.392[0;39m [32m INFO[0;39m [35m20416[0;39m [2m---[0;39m [2m[nio-8080-exec-4][0;39m [36mc.c.L.service.impl.CommentServiceImpl   [0;39m [2m:[0;39m articleId: [654064425]
[2m2022-11-05 23:40:07.582[0;39m [32m INFO[0;39m [35m20416[0;39m [2m---[0;39m [2m[io-8080-exec-10][0;39m [36mc.c.L.c.SocketEndPointController        [0;39m [2m:[0;39m æ–°è¿žæŽ¥->userId:21,session:org.apache.tomcat.websocket.WsSession@13b81e99
[2m2022-11-05 23:40:16.845[0;39m [32m INFO[0;39m [35m20416[0;39m [2m---[0;39m [2m[nio-8080-exec-4][0;39m [36mc.c.L.c.SocketEndPointController        [0;39m [2m:[0;39m æ–°è¿žæŽ¥->userId:21,session:org.apache.tomcat.websocket.WsSession@4e71b146
[2m2022-11-05 23:41:23.404[0;39m [32m INFO[0;39m [35m20416[0;39m [2m---[0;39m [2m[nio-8080-exec-5][0;39m [36mc.c.L.c.SocketEndPointController        [0;39m [2m:[0;39m æ”¶åˆ°å®¢æˆ·ç«¯æ¶ˆæ¯:{"userId":21,"receiverId":-2088849339,"message":"tst1","update_time":"2022-11-05T15:41:23.403Z"}
[2m2022-11-05 23:41:44.275[0;39m [32m INFO[0;39m [35m20416[0;39m [2m---[0;39m [2m[nio-8080-exec-2][0;39m [36mc.c.L.c.SocketEndPointController        [0;39m [2m:[0;39m æ”¶åˆ°å®¢æˆ·ç«¯æ¶ˆæ¯:{"userId":21,"receiverId":-2088849339,"message":"test1?","update_time":"2022-11-05T15:41:44.275Z"}
[2m2022-11-05 23:41:56.525[0;39m [32m INFO[0;39m [35m20416[0;39m [2m---[0;39m [2m[io-8080-exec-15][0;39m [36mc.c.L.c.SocketEndPointController        [0;39m [2m:[0;39m æ”¶åˆ°å®¢æˆ·ç«¯æ¶ˆæ¯:{"userId":21,"receiverId":1,"message":"hh","update_time":"2022-11-05T15:41:56.525Z"}
[2m2022-11-05 23:48:09.144[0;39m [32m INFO[0;39m [35m20416[0;39m [2m---[0;39m [2m[nio-8080-exec-5][0;39m [36mc.c.L.c.SocketEndPointController        [0;39m [2m:[0;39m è¿žæŽ¥å…³é—­->userId: 21
[2m2022-11-05 23:48:09.144[0;39m [32m INFO[0;39m [35m20416[0;39m [2m---[0;39m [2m[nio-8080-exec-6][0;39m [36mc.c.L.c.SocketEndPointController        [0;39m [2m:[0;39m è¿žæŽ¥å…³é—­->userId: 21
[2m2022-11-05 23:48:09.144[0;39m [32m INFO[0;39m [35m20416[0;39m [2m---[0;39m [2m[io-8080-exec-10][0;39m [36mc.c.L.c.SocketEndPointController        [0;39m [2m:[0;39m è¿žæŽ¥å…³é—­->userId: 21
[2m2022-11-05 23:48:12.440[0;39m [32m INFO[0;39m [35m20416[0;39m [2m---[0;39m [2m[io-8080-exec-14][0;39m [36mc.c.L.c.SocketEndPointController        [0;39m [2m:[0;39m æ–°è¿žæŽ¥->userId:21,session:org.apache.tomcat.websocket.WsSession@70619d7b
[2m2022-11-05 23:48:12.874[0;39m [32m INFO[0;39m [35m20416[0;39m [2m---[0;39m [2m[nio-8080-exec-8][0;39m [36mc.c.L.service.impl.ArticleServiceImpl   [0;39m [2m:[0;39m articleId: [654064425]
[2m2022-11-05 23:48:12.875[0;39m [32m INFO[0;39m [35m20416[0;39m [2m---[0;39m [2m[nio-8080-exec-5][0;39m [36mc.c.L.service.impl.CommentServiceImpl   [0;39m [2m:[0;39m articleId: [654064425]
[2m2022-11-05 23:49:38.838[0;39m [32m INFO[0;39m [35m20416[0;39m [2m---[0;39m [2m[nio-8080-exec-6][0;39m [36mc.c.L.c.SocketEndPointController        [0;39m [2m:[0;39m è¿žæŽ¥å…³é—­->userId: 21
[2m2022-11-05 23:49:42.784[0;39m [32m INFO[0;39m [35m20416[0;39m [2m---[0;39m [2m[nio-8080-exec-4][0;39m [36mc.c.L.service.impl.UserServiceImpl      [0;39m [2m:[0;39m ç”¨æˆ·åç™»å½•[a]
[2m2022-11-05 23:49:42.812[0;39m [32m INFO[0;39m [35m20416[0;39m [2m---[0;39m [2m[nio-8080-exec-4][0;39m [36mc.c.L.service.impl.UserServiceImpl      [0;39m [2m:[0;39m ç™»é™†æˆåŠŸ:token: 6f01637b-5b34-43fe-8882-8ca3f3d5a946
[2m2022-11-05 23:49:43.768[0;39m [32m INFO[0;39m [35m20416[0;39m [2m---[0;39m [2m[nio-8080-exec-5][0;39m [36mc.c.L.c.SocketEndPointController        [0;39m [2m:[0;39m æ–°è¿žæŽ¥->userId:21,session:org.apache.tomcat.websocket.WsSession@3fc4fccb
[2m2022-11-05 23:49:44.760[0;39m [32m INFO[0;39m [35m20416[0;39m [2m---[0;39m [2m[nio-8080-exec-5][0;39m [36mc.c.L.service.impl.ArticleServiceImpl   [0;39m [2m:[0;39m page: [1], size: [20]
[2m2022-11-05 23:49:51.551[0;39m [32m INFO[0;39m [35m20416[0;39m [2m---[0;39m [2m[nio-8080-exec-4][0;39m [36mc.c.L.service.impl.ArticleServiceImpl   [0;39m [2m:[0;39m articleId: [4209162439360517]
[2m2022-11-05 23:49:51.552[0;39m [32m INFO[0;39m [35m20416[0;39m [2m---[0;39m [2m[nio-8080-exec-2][0;39m [36mc.c.L.service.impl.CommentServiceImpl   [0;39m [2m:[0;39m articleId: [4209162439360517]
[2m2022-11-05 23:51:14.287[0;39m [32m INFO[0;39m [35m20416[0;39m [2m---[0;39m [2m[io-8080-exec-10][0;39m [36mc.c.L.c.SocketEndPointController        [0;39m [2m:[0;39m è¿žæŽ¥å…³é—­->userId: 21
[2m2022-11-05 23:51:16.029[0;39m [32m INFO[0;39m [35m20416[0;39m [2m---[0;39m [2m[nio-8080-exec-8][0;39m [36mc.c.L.c.SocketEndPointController        [0;39m [2m:[0;39m æ–°è¿žæŽ¥->userId:21,session:org.apache.tomcat.websocket.WsSession@953cddc
[2m2022-11-05 23:51:16.347[0;39m [32m INFO[0;39m [35m20416[0;39m [2m---[0;39m [2m[io-8080-exec-15][0;39m [36mc.c.L.service.impl.ArticleServiceImpl   [0;39m [2m:[0;39m articleId: [4209162439360517]
[2m2022-11-05 23:51:16.378[0;39m [32m INFO[0;39m [35m20416[0;39m [2m---[0;39m [2m[io-8080-exec-14][0;39m [36mc.c.L.service.impl.CommentServiceImpl   [0;39m [2m:[0;39m articleId: [4209162439360517]
