[2m2022-11-04 11:47:47.196[0;39m [32m INFO[0;39m [35m15596[0;39m [2m---[0;39m [2m[  restartedMain][0;39m [36mcom.chen.LeoBlog.Starter                [0;39m [2m:[0;39m Starting Starter using Java 16.0.2 on C-137 with PID 15596 (D:\Javacode\LeoBlog-back\target\classes started by 1 in D:\Javacode\LeoBlog-back)
[2m2022-11-04 11:47:47.205[0;39m [32m INFO[0;39m [35m15596[0;39m [2m---[0;39m [2m[  restartedMain][0;39m [36mcom.chen.LeoBlog.Starter                [0;39m [2m:[0;39m The following profiles are active: dev
[2m2022-11-04 11:47:47.283[0;39m [32m INFO[0;39m [35m15596[0;39m [2m---[0;39m [2m[  restartedMain][0;39m [36m.e.DevToolsPropertyDefaultsPostProcessor[0;39m [2m:[0;39m Devtools property defaults active! Set 'spring.devtools.add-properties' to 'false' to disable
[2m2022-11-04 11:47:47.284[0;39m [32m INFO[0;39m [35m15596[0;39m [2m---[0;39m [2m[  restartedMain][0;39m [36m.e.DevToolsPropertyDefaultsPostProcessor[0;39m [2m:[0;39m For additional web related logging consider setting the 'logging.level.web' property to 'DEBUG'
[2m2022-11-04 11:47:48.284[0;39m [32m INFO[0;39m [35m15596[0;39m [2m---[0;39m [2m[  restartedMain][0;39m [36m.s.d.r.c.RepositoryConfigurationDelegate[0;39m [2m:[0;39m Multiple Spring Data modules found, entering strict repository configuration mode!
[2m2022-11-04 11:47:48.288[0;39m [32m INFO[0;39m [35m15596[0;39m [2m---[0;39m [2m[  restartedMain][0;39m [36m.s.d.r.c.RepositoryConfigurationDelegate[0;39m [2m:[0;39m Bootstrapping Spring Data Redis repositories in DEFAULT mode.
[2m2022-11-04 11:47:48.342[0;39m [32m INFO[0;39m [35m15596[0;39m [2m---[0;39m [2m[  restartedMain][0;39m [36m.s.d.r.c.RepositoryConfigurationDelegate[0;39m [2m:[0;39m Finished Spring Data repository scanning in 37 ms. Found 0 Redis repository interfaces.
[2m2022-11-04 11:47:49.224[0;39m [32m INFO[0;39m [35m15596[0;39m [2m---[0;39m [2m[  restartedMain][0;39m [36mo.s.b.w.embedded.tomcat.TomcatWebServer [0;39m [2m:[0;39m Tomcat initialized with port(s): 8080 (http)
[2m2022-11-04 11:47:49.233[0;39m [32m INFO[0;39m [35m15596[0;39m [2m---[0;39m [2m[  restartedMain][0;39m [36mo.a.coyote.http11.Http11NioProtocol     [0;39m [2m:[0;39m Initializing ProtocolHandler ["http-nio-8080"]
[2m2022-11-04 11:47:49.234[0;39m [32m INFO[0;39m [35m15596[0;39m [2m---[0;39m [2m[  restartedMain][0;39m [36mo.apache.catalina.core.StandardService  [0;39m [2m:[0;39m Starting service [Tomcat]
[2m2022-11-04 11:47:49.235[0;39m [32m INFO[0;39m [35m15596[0;39m [2m---[0;39m [2m[  restartedMain][0;39m [36morg.apache.catalina.core.StandardEngine [0;39m [2m:[0;39m Starting Servlet engine: [Apache Tomcat/9.0.45]
[2m2022-11-04 11:47:49.369[0;39m [32m INFO[0;39m [35m15596[0;39m [2m---[0;39m [2m[  restartedMain][0;39m [36mo.a.c.c.C.[Tomcat].[localhost].[/]      [0;39m [2m:[0;39m Initializing Spring embedded WebApplicationContext
[2m2022-11-04 11:47:49.369[0;39m [32m INFO[0;39m [35m15596[0;39m [2m---[0;39m [2m[  restartedMain][0;39m [36mw.s.c.ServletWebServerApplicationContext[0;39m [2m:[0;39m Root WebApplicationContext: initialization completed in 2083 ms
[2m2022-11-04 11:47:49.673[0;39m [32m INFO[0;39m [35m15596[0;39m [2m---[0;39m [2m[  restartedMain][0;39m [36mf.a.AutowiredAnnotationBeanPostProcessor[0;39m [2m:[0;39m Autowired annotation is not supported on static fields: private static int com.chen.LeoBlog.constant.BaseConstant.port
[2m2022-11-04 11:47:49.820[0;39m [32m INFO[0;39m [35m15596[0;39m [2m---[0;39m [2m[g-Init-Reporter][0;39m [36mcom.mchange.v2.log.MLog                 [0;39m [2m:[0;39m MLog clients using slf4j logging.
[2m2022-11-04 11:47:49.847[0;39m [32m INFO[0;39m [35m15596[0;39m [2m---[0;39m [2m[  restartedMain][0;39m [36mcom.mchange.v2.c3p0.C3P0Registry        [0;39m [2m:[0;39m Initializing c3p0-0.9.5.5 [built 11-December-2019 22:18:33 -0800; debug? true; trace: 10]
[2m2022-11-04 11:47:50.371[0;39m [33m WARN[0;39m [35m15596[0;39m [2m---[0;39m [2m[  restartedMain][0;39m [36mc.b.m.core.metadata.TableInfoHelper     [0;39m [2m:[0;39m Can not find table primary key in Class: "com.chen.LeoBlog.po.SetArticleLabel".
[2m2022-11-04 11:47:50.902[0;39m [32m INFO[0;39m [35m15596[0;39m [2m---[0;39m [2m[  restartedMain][0;39m [36mcom.chen.LeoBlog.config.WebMvcConfig    [0;39m [2m:[0;39m CORSé…ç½®æˆåŠŸ
[2m2022-11-04 11:47:50.994[0;39m [32m INFO[0;39m [35m15596[0;39m [2m---[0;39m [2m[  restartedMain][0;39m [36mpertySourcedRequestMappingHandlerMapping[0;39m [2m:[0;39m Mapped URL path [/v2/api-docs] onto method [springfox.documentation.swagger2.web.Swagger2Controller#getDocumentation(String, HttpServletRequest)]
[2m2022-11-04 11:47:51.106[0;39m [32m INFO[0;39m [35m15596[0;39m [2m---[0;39m [2m[  restartedMain][0;39m [36mo.s.s.concurrent.ThreadPoolTaskExecutor [0;39m [2m:[0;39m Initializing ExecutorService 'applicationTaskExecutor'
[2m2022-11-04 11:47:51.174[0;39m [32m INFO[0;39m [35m15596[0;39m [2m---[0;39m [2m[  restartedMain][0;39m [36mo.s.b.d.a.OptionalLiveReloadServer      [0;39m [2m:[0;39m LiveReload server is running on port 35729
[2m2022-11-04 11:47:51.228[0;39m [32m INFO[0;39m [35m15596[0;39m [2m---[0;39m [2m[  restartedMain][0;39m [36mcom.chen.LeoBlog.config.WebMvcConfig    [0;39m [2m:[0;39m é™æ€èµ„æºæ˜ å°„
[2m2022-11-04 11:47:51.896[0;39m [32m INFO[0;39m [35m15596[0;39m [2m---[0;39m [2m[  restartedMain][0;39m [36mo.a.coyote.http11.Http11NioProtocol     [0;39m [2m:[0;39m Starting ProtocolHandler ["http-nio-8080"]
[2m2022-11-04 11:47:51.975[0;39m [32m INFO[0;39m [35m15596[0;39m [2m---[0;39m [2m[  restartedMain][0;39m [36mo.s.b.w.embedded.tomcat.TomcatWebServer [0;39m [2m:[0;39m Tomcat started on port(s): 8080 (http) with context path ''
[2m2022-11-04 11:47:51.977[0;39m [32m INFO[0;39m [35m15596[0;39m [2m---[0;39m [2m[  restartedMain][0;39m [36md.s.w.p.DocumentationPluginsBootstrapper[0;39m [2m:[0;39m Context refreshed
[2m2022-11-04 11:47:51.997[0;39m [32m INFO[0;39m [35m15596[0;39m [2m---[0;39m [2m[  restartedMain][0;39m [36md.s.w.p.DocumentationPluginsBootstrapper[0;39m [2m:[0;39m Found 1 custom documentation plugin(s)
[2m2022-11-04 11:47:52.054[0;39m [32m INFO[0;39m [35m15596[0;39m [2m---[0;39m [2m[  restartedMain][0;39m [36ms.d.s.w.s.ApiListingReferenceScanner    [0;39m [2m:[0;39m Scanning for api listing references
[2m2022-11-04 11:47:52.312[0;39m [32m INFO[0;39m [35m15596[0;39m [2m---[0;39m [2m[  restartedMain][0;39m [36m.d.s.w.r.o.CachingOperationNameGenerator[0;39m [2m:[0;39m Generating unique operation named: getLabelListUsingGET_1
[2m2022-11-04 11:47:52.397[0;39m [32m INFO[0;39m [35m15596[0;39m [2m---[0;39m [2m[  restartedMain][0;39m [36mcom.chen.LeoBlog.Starter                [0;39m [2m:[0;39m Started Starter in 6.338 seconds (JVM running for 8.053)
[2m2022-11-04 11:49:34.766[0;39m [32m INFO[0;39m [35m15596[0;39m [2m---[0;39m [2m[nio-8080-exec-1][0;39m [36mo.a.c.c.C.[Tomcat].[localhost].[/]      [0;39m [2m:[0;39m Initializing Spring DispatcherServlet 'dispatcherServlet'
[2m2022-11-04 11:49:34.766[0;39m [32m INFO[0;39m [35m15596[0;39m [2m---[0;39m [2m[nio-8080-exec-1][0;39m [36mo.s.web.servlet.DispatcherServlet       [0;39m [2m:[0;39m Initializing Servlet 'dispatcherServlet'
[2m2022-11-04 11:49:34.768[0;39m [32m INFO[0;39m [35m15596[0;39m [2m---[0;39m [2m[nio-8080-exec-1][0;39m [36mo.s.web.servlet.DispatcherServlet       [0;39m [2m:[0;39m Completed initialization in 1 ms
[2m2022-11-04 12:03:23.043[0;39m [32m INFO[0;39m [35m15596[0;39m [2m---[0;39m [2m[nio-8080-exec-2][0;39m [36mc.c.L.c.SocketEndPointController        [0;39m [2m:[0;39m æ–°è¿žæŽ¥->userId:-2088849339,session:org.apache.tomcat.websocket.WsSession@507c68bd
[2m2022-11-04 12:03:23.754[0;39m [32m INFO[0;39m [35m15596[0;39m [2m---[0;39m [2m[nio-8080-exec-5][0;39m [36mc.c.L.service.impl.ArticleServiceImpl   [0;39m [2m:[0;39m page: [1], size: [20]
[2m2022-11-04 12:03:23.888[0;39m [32m INFO[0;39m [35m15596[0;39m [2m---[0;39m [2m[nio-8080-exec-1][0;39m [36mc.m.v.c.i.AbstractPoolBackedDataSource  [0;39m [2m:[0;39m Initializing c3p0 pool... com.mchange.v2.c3p0.ComboPooledDataSource [ acquireIncrement -> 3, acquireRetryAttempts -> 30, acquireRetryDelay -> 1000, autoCommitOnClose -> false, automaticTestTable -> null, breakAfterAcquireFailure -> false, checkoutTimeout -> 0, connectionCustomizerClassName -> null, connectionTesterClassName -> com.mchange.v2.c3p0.impl.DefaultConnectionTester, contextClassLoaderSource -> caller, dataSourceName -> 2ycjfgashysfyp1pupclz|6256de21, debugUnreturnedConnectionStackTraces -> false, description -> null, driverClass -> com.mysql.cj.jdbc.Driver, extensions -> {}, factoryClassLocation -> null, forceIgnoreUnresolvedTransactions -> false, forceSynchronousCheckins -> false, forceUseNamedDriverClass -> false, identityToken -> 2ycjfgashysfyp1pupclz|6256de21, idleConnectionTestPeriod -> 120, initialPoolSize -> 3, jdbcUrl -> jdbc:mysql://49.235.100.240:3306/leo_blog?useSSL=false&allowPublicKeyRetrieval=True&allowReconnect=true, maxAdministrativeTaskTime -> 0, maxConnectionAge -> 0, maxIdleTime -> 0, maxIdleTimeExcessConnections -> 0, maxPoolSize -> 15, maxStatements -> 0, maxStatementsPerConnection -> 0, minPoolSize -> 3, numHelperThreads -> 3, preferredTestQuery -> null, privilegeSpawnedThreads -> false, properties -> {password=******, user=******}, propertyCycle -> 0, statementCacheNumDeferredCloseThreads -> 0, testConnectionOnCheckin -> true, testConnectionOnCheckout -> false, unreturnedConnectionTimeout -> 0, userOverrides -> {}, usesTraditionalReflectiveProxies -> false ]
[2m2022-11-04 12:05:08.307[0;39m [32m INFO[0;39m [35m15596[0;39m [2m---[0;39m [2m[nio-8080-exec-4][0;39m [36mc.c.L.c.SocketEndPointController        [0;39m [2m:[0;39m è¿žæŽ¥å…³é—­->userId: -2088849339
[2m2022-11-04 12:05:10.232[0;39m [32m INFO[0;39m [35m15596[0;39m [2m---[0;39m [2m[nio-8080-exec-6][0;39m [36mc.c.L.c.SocketEndPointController        [0;39m [2m:[0;39m æ–°è¿žæŽ¥->userId:-2088849339,session:org.apache.tomcat.websocket.WsSession@18629cad
[2m2022-11-04 12:05:10.455[0;39m [32m INFO[0;39m [35m15596[0;39m [2m---[0;39m [2m[nio-8080-exec-4][0;39m [36mc.c.L.service.impl.ArticleServiceImpl   [0;39m [2m:[0;39m page: [1], size: [20]
[2m2022-11-04 12:05:32.607[0;39m [32m INFO[0;39m [35m15596[0;39m [2m---[0;39m [2m[nio-8080-exec-4][0;39m [36mc.c.L.c.SocketEndPointController        [0;39m [2m:[0;39m è¿žæŽ¥å…³é—­->userId: -2088849339
[2m2022-11-04 12:05:34.147[0;39m [32m INFO[0;39m [35m15596[0;39m [2m---[0;39m [2m[nio-8080-exec-2][0;39m [36mc.c.L.c.SocketEndPointController        [0;39m [2m:[0;39m æ–°è¿žæŽ¥->userId:-2088849339,session:org.apache.tomcat.websocket.WsSession@1aab3481
[2m2022-11-04 12:05:47.116[0;39m [32m INFO[0;39m [35m15596[0;39m [2m---[0;39m [2m[nio-8080-exec-7][0;39m [36mc.c.L.c.SocketEndPointController        [0;39m [2m:[0;39m è¿žæŽ¥å…³é—­->userId: -2088849339
[2m2022-11-04 12:05:48.731[0;39m [32m INFO[0;39m [35m15596[0;39m [2m---[0;39m [2m[nio-8080-exec-4][0;39m [36mc.c.L.c.SocketEndPointController        [0;39m [2m:[0;39m æ–°è¿žæŽ¥->userId:-2088849339,session:org.apache.tomcat.websocket.WsSession@6c59a206
[2m2022-11-04 12:06:08.265[0;39m [32m INFO[0;39m [35m15596[0;39m [2m---[0;39m [2m[nio-8080-exec-6][0;39m [36mc.c.L.c.SocketEndPointController        [0;39m [2m:[0;39m è¿žæŽ¥å…³é—­->userId: -2088849339
[2m2022-11-04 12:06:09.897[0;39m [32m INFO[0;39m [35m15596[0;39m [2m---[0;39m [2m[nio-8080-exec-7][0;39m [36mc.c.L.c.SocketEndPointController        [0;39m [2m:[0;39m æ–°è¿žæŽ¥->userId:-2088849339,session:org.apache.tomcat.websocket.WsSession@63037eb
[2m2022-11-04 12:06:37.178[0;39m [32m INFO[0;39m [35m15596[0;39m [2m---[0;39m [2m[nio-8080-exec-4][0;39m [36mc.c.L.c.SocketEndPointController        [0;39m [2m:[0;39m è¿žæŽ¥å…³é—­->userId: -2088849339
[2m2022-11-04 12:06:38.763[0;39m [32m INFO[0;39m [35m15596[0;39m [2m---[0;39m [2m[io-8080-exec-10][0;39m [36mc.c.L.c.SocketEndPointController        [0;39m [2m:[0;39m æ–°è¿žæŽ¥->userId:-2088849339,session:org.apache.tomcat.websocket.WsSession@2e0af950
[2m2022-11-04 12:07:30.494[0;39m [32m INFO[0;39m [35m15596[0;39m [2m---[0;39m [2m[nio-8080-exec-3][0;39m [36mc.c.L.c.SocketEndPointController        [0;39m [2m:[0;39m è¿žæŽ¥å…³é—­->userId: -2088849339
[2m2022-11-04 12:07:32.452[0;39m [32m INFO[0;39m [35m15596[0;39m [2m---[0;39m [2m[nio-8080-exec-1][0;39m [36mc.c.L.c.SocketEndPointController        [0;39m [2m:[0;39m æ–°è¿žæŽ¥->userId:-2088849339,session:org.apache.tomcat.websocket.WsSession@157452e1
[2m2022-11-04 12:07:50.767[0;39m [32m INFO[0;39m [35m15596[0;39m [2m---[0;39m [2m[nio-8080-exec-5][0;39m [36mc.c.L.c.SocketEndPointController        [0;39m [2m:[0;39m è¿žæŽ¥å…³é—­->userId: -2088849339
[2m2022-11-04 12:07:52.473[0;39m [32m INFO[0;39m [35m15596[0;39m [2m---[0;39m [2m[nio-8080-exec-3][0;39m [36mc.c.L.c.SocketEndPointController        [0;39m [2m:[0;39m æ–°è¿žæŽ¥->userId:-2088849339,session:org.apache.tomcat.websocket.WsSession@4f8fe87a
[2m2022-11-04 12:08:29.040[0;39m [32m INFO[0;39m [35m15596[0;39m [2m---[0;39m [2m[nio-8080-exec-6][0;39m [36mc.c.L.c.SocketEndPointController        [0;39m [2m:[0;39m è¿žæŽ¥å…³é—­->userId: -2088849339
[2m2022-11-04 12:08:30.933[0;39m [32m INFO[0;39m [35m15596[0;39m [2m---[0;39m [2m[nio-8080-exec-3][0;39m [36mc.c.L.c.SocketEndPointController        [0;39m [2m:[0;39m æ–°è¿žæŽ¥->userId:-2088849339,session:org.apache.tomcat.websocket.WsSession@4de58f76
[2m2022-11-04 12:09:10.239[0;39m [32m INFO[0;39m [35m15596[0;39m [2m---[0;39m [2m[nio-8080-exec-2][0;39m [36mc.c.L.c.SocketEndPointController        [0;39m [2m:[0;39m è¿žæŽ¥å…³é—­->userId: -2088849339
[2m2022-11-04 12:09:12.046[0;39m [32m INFO[0;39m [35m15596[0;39m [2m---[0;39m [2m[nio-8080-exec-6][0;39m [36mc.c.L.c.SocketEndPointController        [0;39m [2m:[0;39m æ–°è¿žæŽ¥->userId:-2088849339,session:org.apache.tomcat.websocket.WsSession@1fe60f7
[2m2022-11-04 12:09:25.394[0;39m [32m INFO[0;39m [35m15596[0;39m [2m---[0;39m [2m[nio-8080-exec-1][0;39m [36mc.c.L.c.SocketEndPointController        [0;39m [2m:[0;39m è¿žæŽ¥å…³é—­->userId: -2088849339
[2m2022-11-04 12:09:26.912[0;39m [32m INFO[0;39m [35m15596[0;39m [2m---[0;39m [2m[nio-8080-exec-9][0;39m [36mc.c.L.c.SocketEndPointController        [0;39m [2m:[0;39m æ–°è¿žæŽ¥->userId:-2088849339,session:org.apache.tomcat.websocket.WsSession@3ab513d
[2m2022-11-04 12:09:43.992[0;39m [32m INFO[0;39m [35m15596[0;39m [2m---[0;39m [2m[nio-8080-exec-9][0;39m [36mc.c.L.service.impl.CommentServiceImpl   [0;39m [2m:[0;39m userId: [-2088849339]
[2m2022-11-04 12:10:16.751[0;39m [32m INFO[0;39m [35m15596[0;39m [2m---[0;39m [2m[nio-8080-exec-5][0;39m [36mc.c.L.c.SocketEndPointController        [0;39m [2m:[0;39m è¿žæŽ¥å…³é—­->userId: -2088849339
[2m2022-11-04 12:10:18.013[0;39m [32m INFO[0;39m [35m15596[0;39m [2m---[0;39m [2m[io-8080-exec-10][0;39m [36mc.c.L.c.SocketEndPointController        [0;39m [2m:[0;39m æ–°è¿žæŽ¥->userId:-2088849339,session:org.apache.tomcat.websocket.WsSession@1dc48e8b
[2m2022-11-04 12:10:18.152[0;39m [32m INFO[0;39m [35m15596[0;39m [2m---[0;39m [2m[nio-8080-exec-8][0;39m [36mc.c.L.service.impl.CommentServiceImpl   [0;39m [2m:[0;39m userId: [-2088849339]
[2m2022-11-04 12:10:21.692[0;39m [32m INFO[0;39m [35m15596[0;39m [2m---[0;39m [2m[nio-8080-exec-3][0;39m [36mc.c.L.c.SocketEndPointController        [0;39m [2m:[0;39m è¿žæŽ¥å…³é—­->userId: -2088849339
[2m2022-11-04 12:10:23.055[0;39m [32m INFO[0;39m [35m15596[0;39m [2m---[0;39m [2m[nio-8080-exec-9][0;39m [36mc.c.L.c.SocketEndPointController        [0;39m [2m:[0;39m æ–°è¿žæŽ¥->userId:-2088849339,session:org.apache.tomcat.websocket.WsSession@309cbb37
[2m2022-11-04 12:10:23.205[0;39m [32m INFO[0;39m [35m15596[0;39m [2m---[0;39m [2m[nio-8080-exec-6][0;39m [36mc.c.L.service.impl.CommentServiceImpl   [0;39m [2m:[0;39m userId: [-2088849339]
[2m2022-11-04 12:11:53.920[0;39m [32m INFO[0;39m [35m15596[0;39m [2m---[0;39m [2m[nio-8080-exec-3][0;39m [36mc.c.L.c.SocketEndPointController        [0;39m [2m:[0;39m è¿žæŽ¥å…³é—­->userId: -2088849339
[2m2022-11-04 12:11:55.488[0;39m [32m INFO[0;39m [35m15596[0;39m [2m---[0;39m [2m[nio-8080-exec-5][0;39m [36mc.c.L.c.SocketEndPointController        [0;39m [2m:[0;39m æ–°è¿žæŽ¥->userId:-2088849339,session:org.apache.tomcat.websocket.WsSession@6792b023
[2m2022-11-04 12:11:55.612[0;39m [32m INFO[0;39m [35m15596[0;39m [2m---[0;39m [2m[io-8080-exec-10][0;39m [36mc.c.L.service.impl.CommentServiceImpl   [0;39m [2m:[0;39m userId: [-2088849339]
[2m2022-11-04 12:12:28.270[0;39m [32m INFO[0;39m [35m15596[0;39m [2m---[0;39m [2m[nio-8080-exec-7][0;39m [36mc.c.L.c.SocketEndPointController        [0;39m [2m:[0;39m è¿žæŽ¥å…³é—­->userId: -2088849339
[2m2022-11-04 12:12:29.789[0;39m [32m INFO[0;39m [35m15596[0;39m [2m---[0;39m [2m[nio-8080-exec-1][0;39m [36mc.c.L.c.SocketEndPointController        [0;39m [2m:[0;39m æ–°è¿žæŽ¥->userId:-2088849339,session:org.apache.tomcat.websocket.WsSession@4b6c8e52
[2m2022-11-04 12:12:29.910[0;39m [32m INFO[0;39m [35m15596[0;39m [2m---[0;39m [2m[nio-8080-exec-9][0;39m [36mc.c.L.service.impl.CommentServiceImpl   [0;39m [2m:[0;39m userId: [-2088849339]
[2m2022-11-04 12:13:59.206[0;39m [32m INFO[0;39m [35m15596[0;39m [2m---[0;39m [2m[nio-8080-exec-8][0;39m [36mc.c.L.c.SocketEndPointController        [0;39m [2m:[0;39m è¿žæŽ¥å…³é—­->userId: -2088849339
[2m2022-11-04 12:14:00.818[0;39m [32m INFO[0;39m [35m15596[0;39m [2m---[0;39m [2m[nio-8080-exec-1][0;39m [36mc.c.L.c.SocketEndPointController        [0;39m [2m:[0;39m æ–°è¿žæŽ¥->userId:-2088849339,session:org.apache.tomcat.websocket.WsSession@5261468f
[2m2022-11-04 12:14:00.990[0;39m [32m INFO[0;39m [35m15596[0;39m [2m---[0;39m [2m[nio-8080-exec-9][0;39m [36mc.c.L.service.impl.CommentServiceImpl   [0;39m [2m:[0;39m userId: [-2088849339]
[2m2022-11-04 12:14:40.641[0;39m [32m INFO[0;39m [35m15596[0;39m [2m---[0;39m [2m[nio-8080-exec-6][0;39m [36mc.c.L.c.SocketEndPointController        [0;39m [2m:[0;39m è¿žæŽ¥å…³é—­->userId: -2088849339
[2m2022-11-04 12:14:42.253[0;39m [32m INFO[0;39m [35m15596[0;39m [2m---[0;39m [2m[nio-8080-exec-7][0;39m [36mc.c.L.c.SocketEndPointController        [0;39m [2m:[0;39m æ–°è¿žæŽ¥->userId:-2088849339,session:org.apache.tomcat.websocket.WsSession@d4bf947
[2m2022-11-04 12:14:42.361[0;39m [32m INFO[0;39m [35m15596[0;39m [2m---[0;39m [2m[nio-8080-exec-1][0;39m [36mc.c.L.service.impl.CommentServiceImpl   [0;39m [2m:[0;39m userId: [-2088849339]
[2m2022-11-04 12:15:58.648[0;39m [32m INFO[0;39m [35m15596[0;39m [2m---[0;39m [2m[nio-8080-exec-6][0;39m [36mc.c.L.c.SocketEndPointController        [0;39m [2m:[0;39m è¿žæŽ¥å…³é—­->userId: -2088849339
[2m2022-11-04 12:16:00.250[0;39m [32m INFO[0;39m [35m15596[0;39m [2m---[0;39m [2m[nio-8080-exec-8][0;39m [36mc.c.L.c.SocketEndPointController        [0;39m [2m:[0;39m æ–°è¿žæŽ¥->userId:-2088849339,session:org.apache.tomcat.websocket.WsSession@21ffeedb
[2m2022-11-04 12:16:00.387[0;39m [32m INFO[0;39m [35m15596[0;39m [2m---[0;39m [2m[nio-8080-exec-1][0;39m [36mc.c.L.service.impl.CommentServiceImpl   [0;39m [2m:[0;39m userId: [-2088849339]
[2m2022-11-04 12:16:06.480[0;39m [32m INFO[0;39m [35m15596[0;39m [2m---[0;39m [2m[nio-8080-exec-5][0;39m [36mc.c.L.c.SocketEndPointController        [0;39m [2m:[0;39m è¿žæŽ¥å…³é—­->userId: -2088849339
[2m2022-11-04 12:16:07.824[0;39m [32m INFO[0;39m [35m15596[0;39m [2m---[0;39m [2m[nio-8080-exec-9][0;39m [36mc.c.L.c.SocketEndPointController        [0;39m [2m:[0;39m æ–°è¿žæŽ¥->userId:-2088849339,session:org.apache.tomcat.websocket.WsSession@50f02cbe
[2m2022-11-04 12:16:07.961[0;39m [32m INFO[0;39m [35m15596[0;39m [2m---[0;39m [2m[nio-8080-exec-7][0;39m [36mc.c.L.service.impl.CommentServiceImpl   [0;39m [2m:[0;39m userId: [-2088849339]
[2m2022-11-04 12:16:52.285[0;39m [32m INFO[0;39m [35m15596[0;39m [2m---[0;39m [2m[nio-8080-exec-3][0;39m [36mc.c.L.c.SocketEndPointController        [0;39m [2m:[0;39m è¿žæŽ¥å…³é—­->userId: -2088849339
[2m2022-11-04 12:16:53.554[0;39m [32m INFO[0;39m [35m15596[0;39m [2m---[0;39m [2m[nio-8080-exec-1][0;39m [36mc.c.L.c.SocketEndPointController        [0;39m [2m:[0;39m æ–°è¿žæŽ¥->userId:-2088849339,session:org.apache.tomcat.websocket.WsSession@14e6484
[2m2022-11-04 12:16:53.672[0;39m [32m INFO[0;39m [35m15596[0;39m [2m---[0;39m [2m[nio-8080-exec-9][0;39m [36mc.c.L.service.impl.CommentServiceImpl   [0;39m [2m:[0;39m userId: [-2088849339]
[2m2022-11-04 12:18:21.862[0;39m [32m INFO[0;39m [35m15596[0;39m [2m---[0;39m [2m[nio-8080-exec-8][0;39m [36mc.c.L.service.impl.UserServiceImpl      [0;39m [2m:[0;39m ç”¨æˆ·åç™»å½•[a]
[2m2022-11-04 12:18:21.894[0;39m [32m INFO[0;39m [35m15596[0;39m [2m---[0;39m [2m[nio-8080-exec-8][0;39m [36mc.c.L.service.impl.UserServiceImpl      [0;39m [2m:[0;39m ç™»é™†æˆåŠŸ:token: 6f01637b-5b34-43fe-8882-8ca3f3d5a946
[2m2022-11-04 12:18:22.000[0;39m [32m INFO[0;39m [35m15596[0;39m [2m---[0;39m [2m[nio-8080-exec-7][0;39m [36mc.c.L.c.SocketEndPointController        [0;39m [2m:[0;39m æ–°è¿žæŽ¥->userId:21,session:org.apache.tomcat.websocket.WsSession@1ccfdfe4
[2m2022-11-04 12:18:22.187[0;39m [32m INFO[0;39m [35m15596[0;39m [2m---[0;39m [2m[nio-8080-exec-6][0;39m [36mc.c.L.service.impl.ArticleServiceImpl   [0;39m [2m:[0;39m page: [1], size: [20]
[2m2022-11-04 12:20:49.046[0;39m [32m INFO[0;39m [35m15596[0;39m [2m---[0;39m [2m[nio-8080-exec-6][0;39m [36mc.c.L.c.SocketEndPointController        [0;39m [2m:[0;39m è¿žæŽ¥å…³é—­->userId: 21
[2m2022-11-04 12:20:49.046[0;39m [32m INFO[0;39m [35m15596[0;39m [2m---[0;39m [2m[nio-8080-exec-5][0;39m [36mc.c.L.c.SocketEndPointController        [0;39m [2m:[0;39m è¿žæŽ¥å…³é—­->userId: -2088849339
[2m2022-11-04 12:20:50.710[0;39m [32m INFO[0;39m [35m15596[0;39m [2m---[0;39m [2m[io-8080-exec-10][0;39m [36mc.c.L.c.SocketEndPointController        [0;39m [2m:[0;39m æ–°è¿žæŽ¥->userId:21,session:org.apache.tomcat.websocket.WsSession@4872206d
[2m2022-11-04 12:20:53.686[0;39m [32m INFO[0;39m [35m15596[0;39m [2m---[0;39m [2m[nio-8080-exec-8][0;39m [36mc.c.L.service.impl.CommentServiceImpl   [0;39m [2m:[0;39m userId: [21]
[2m2022-11-04 12:21:12.395[0;39m [32m INFO[0;39m [35m15596[0;39m [2m---[0;39m [2m[nio-8080-exec-8][0;39m [36mc.c.L.service.impl.ArticleServiceImpl   [0;39m [2m:[0;39m page: [1], size: [20]
[2m2022-11-04 12:23:41.096[0;39m [32m INFO[0;39m [35m15596[0;39m [2m---[0;39m [2m[nio-8080-exec-5][0;39m [36mc.c.L.service.impl.ArticleServiceImpl   [0;39m [2m:[0;39m articleId: [4209162439360517]
[2m2022-11-04 12:23:41.096[0;39m [32m INFO[0;39m [35m15596[0;39m [2m---[0;39m [2m[nio-8080-exec-8][0;39m [36mc.c.L.service.impl.CommentServiceImpl   [0;39m [2m:[0;39m articleId: [4209162439360517]
[2m2022-11-04 12:23:58.905[0;39m [32m INFO[0;39m [35m15596[0;39m [2m---[0;39m [2m[io-8080-exec-10][0;39m [36mc.c.L.c.SocketEndPointController        [0;39m [2m:[0;39m è¿žæŽ¥å…³é—­->userId: 21
[2m2022-11-04 12:24:00.524[0;39m [32m INFO[0;39m [35m15596[0;39m [2m---[0;39m [2m[nio-8080-exec-3][0;39m [36mc.c.L.c.SocketEndPointController        [0;39m [2m:[0;39m æ–°è¿žæŽ¥->userId:21,session:org.apache.tomcat.websocket.WsSession@dac8164
[2m2022-11-04 12:24:00.678[0;39m [32m INFO[0;39m [35m15596[0;39m [2m---[0;39m [2m[nio-8080-exec-1][0;39m [36mc.c.L.service.impl.ArticleServiceImpl   [0;39m [2m:[0;39m articleId: [4209162439360517]
[2m2022-11-04 12:24:00.684[0;39m [32m INFO[0;39m [35m15596[0;39m [2m---[0;39m [2m[nio-8080-exec-9][0;39m [36mc.c.L.service.impl.CommentServiceImpl   [0;39m [2m:[0;39m articleId: [4209162439360517]
[2m2022-11-04 12:24:30.805[0;39m [32m INFO[0;39m [35m15596[0;39m [2m---[0;39m [2m[nio-8080-exec-8][0;39m [36mc.c.L.c.SocketEndPointController        [0;39m [2m:[0;39m è¿žæŽ¥å…³é—­->userId: 21
[2m2022-11-04 12:24:32.575[0;39m [32m INFO[0;39m [35m15596[0;39m [2m---[0;39m [2m[io-8080-exec-10][0;39m [36mc.c.L.c.SocketEndPointController        [0;39m [2m:[0;39m æ–°è¿žæŽ¥->userId:21,session:org.apache.tomcat.websocket.WsSession@287d4ecf
[2m2022-11-04 12:24:32.702[0;39m [32m INFO[0;39m [35m15596[0;39m [2m---[0;39m [2m[nio-8080-exec-9][0;39m [36mc.c.L.service.impl.CommentServiceImpl   [0;39m [2m:[0;39m articleId: [4209162439360517]
[2m2022-11-04 12:24:32.702[0;39m [32m INFO[0;39m [35m15596[0;39m [2m---[0;39m [2m[nio-8080-exec-3][0;39m [36mc.c.L.service.impl.ArticleServiceImpl   [0;39m [2m:[0;39m articleId: [4209162439360517]
[2m2022-11-04 12:24:56.106[0;39m [32m INFO[0;39m [35m15596[0;39m [2m---[0;39m [2m[io-8080-exec-10][0;39m [36mc.c.L.service.impl.ArticleServiceImpl   [0;39m [2m:[0;39m page: [1], size: [20]
[2m2022-11-04 12:24:57.045[0;39m [32m INFO[0;39m [35m15596[0;39m [2m---[0;39m [2m[nio-8080-exec-3][0;39m [36mc.c.L.service.impl.ArticleServiceImpl   [0;39m [2m:[0;39m page: [2], size: [20]
[2m2022-11-04 12:25:02.342[0;39m [32m INFO[0;39m [35m15596[0;39m [2m---[0;39m [2m[io-8080-exec-10][0;39m [36mc.c.L.service.impl.ArticleServiceImpl   [0;39m [2m:[0;39m page: [3], size: [20]
[2m2022-11-04 12:25:04.937[0;39m [32m INFO[0;39m [35m15596[0;39m [2m---[0;39m [2m[nio-8080-exec-2][0;39m [36mc.c.L.service.impl.ArticleServiceImpl   [0;39m [2m:[0;39m page: [1], size: [20]
[2m2022-11-04 12:25:05.355[0;39m [32m INFO[0;39m [35m15596[0;39m [2m---[0;39m [2m[nio-8080-exec-7][0;39m [36mc.c.L.service.impl.ArticleServiceImpl   [0;39m [2m:[0;39m page: [4], size: [20]
[2m2022-11-04 12:25:13.979[0;39m [32m INFO[0;39m [35m15596[0;39m [2m---[0;39m [2m[nio-8080-exec-5][0;39m [36mc.c.L.service.impl.ArticleServiceImpl   [0;39m [2m:[0;39m page: [5], size: [20]
[2m2022-11-04 12:25:15.942[0;39m [32m INFO[0;39m [35m15596[0;39m [2m---[0;39m [2m[nio-8080-exec-7][0;39m [36mc.c.L.service.impl.ArticleServiceImpl   [0;39m [2m:[0;39m page: [6], size: [20]
[2m2022-11-04 12:25:17.492[0;39m [32m INFO[0;39m [35m15596[0;39m [2m---[0;39m [2m[nio-8080-exec-4][0;39m [36mc.c.L.service.impl.ArticleServiceImpl   [0;39m [2m:[0;39m page: [7], size: [20]
[2m2022-11-04 12:25:18.874[0;39m [32m INFO[0;39m [35m15596[0;39m [2m---[0;39m [2m[nio-8080-exec-2][0;39m [36mc.c.L.service.impl.ArticleServiceImpl   [0;39m [2m:[0;39m page: [8], size: [20]
[2m2022-11-04 12:25:20.673[0;39m [32m INFO[0;39m [35m15596[0;39m [2m---[0;39m [2m[nio-8080-exec-5][0;39m [36mc.c.L.service.impl.ArticleServiceImpl   [0;39m [2m:[0;39m page: [9], size: [20]
[2m2022-11-04 12:26:40.499[0;39m [32m INFO[0;39m [35m15596[0;39m [2m---[0;39m [2m[nio-8080-exec-4][0;39m [36mc.c.L.c.SocketEndPointController        [0;39m [2m:[0;39m è¿žæŽ¥å…³é—­->userId: 21
[2m2022-11-04 12:26:42.887[0;39m [32m INFO[0;39m [35m15596[0;39m [2m---[0;39m [2m[nio-8080-exec-8][0;39m [36mc.c.L.c.SocketEndPointController        [0;39m [2m:[0;39m æ–°è¿žæŽ¥->userId:21,session:org.apache.tomcat.websocket.WsSession@7b18a90d
[2m2022-11-04 12:26:43.090[0;39m [32m INFO[0;39m [35m15596[0;39m [2m---[0;39m [2m[nio-8080-exec-4][0;39m [36mc.c.L.service.impl.ArticleServiceImpl   [0;39m [2m:[0;39m page: [1], size: [20]
[2m2022-11-04 12:26:48.991[0;39m [32m INFO[0;39m [35m15596[0;39m [2m---[0;39m [2m[nio-8080-exec-5][0;39m [36mc.c.L.service.impl.ArticleServiceImpl   [0;39m [2m:[0;39m page: [1], size: [20]
[2m2022-11-04 12:27:11.836[0;39m [32m INFO[0;39m [35m15596[0;39m [2m---[0;39m [2m[nio-8080-exec-5][0;39m [36mc.c.L.c.SocketEndPointController        [0;39m [2m:[0;39m è¿žæŽ¥å…³é—­->userId: 21
[2m2022-11-04 12:27:14.097[0;39m [32m INFO[0;39m [35m15596[0;39m [2m---[0;39m [2m[nio-8080-exec-2][0;39m [36mc.c.L.c.SocketEndPointController        [0;39m [2m:[0;39m æ–°è¿žæŽ¥->userId:21,session:org.apache.tomcat.websocket.WsSession@37a8b3f0
[2m2022-11-04 12:27:14.443[0;39m [32m INFO[0;39m [35m15596[0;39m [2m---[0;39m [2m[nio-8080-exec-5][0;39m [36mc.c.L.service.impl.ArticleServiceImpl   [0;39m [2m:[0;39m page: [1], size: [20]
[2m2022-11-04 12:27:20.757[0;39m [32m INFO[0;39m [35m15596[0;39m [2m---[0;39m [2m[io-8080-exec-10][0;39m [36mc.c.L.service.impl.ArticleServiceImpl   [0;39m [2m:[0;39m page: [1], size: [20]
[2m2022-11-04 12:27:57.647[0;39m [32m INFO[0;39m [35m15596[0;39m [2m---[0;39m [2m[io-8080-exec-10][0;39m [36mc.c.L.c.SocketEndPointController        [0;39m [2m:[0;39m è¿žæŽ¥å…³é—­->userId: 21
[2m2022-11-04 12:27:59.848[0;39m [32m INFO[0;39m [35m15596[0;39m [2m---[0;39m [2m[nio-8080-exec-2][0;39m [36mc.c.L.c.SocketEndPointController        [0;39m [2m:[0;39m æ–°è¿žæŽ¥->userId:21,session:org.apache.tomcat.websocket.WsSession@62cb0b90
[2m2022-11-04 12:28:00.131[0;39m [32m INFO[0;39m [35m15596[0;39m [2m---[0;39m [2m[io-8080-exec-10][0;39m [36mc.c.L.service.impl.ArticleServiceImpl   [0;39m [2m:[0;39m page: [1], size: [20]
[2m2022-11-04 12:28:03.478[0;39m [32m INFO[0;39m [35m15596[0;39m [2m---[0;39m [2m[io-8080-exec-10][0;39m [36mc.c.L.service.impl.ArticleServiceImpl   [0;39m [2m:[0;39m page: [1], size: [20]
[2m2022-11-04 12:28:18.259[0;39m [32m INFO[0;39m [35m15596[0;39m [2m---[0;39m [2m[nio-8080-exec-9][0;39m [36mc.c.L.service.impl.ArticleServiceImpl   [0;39m [2m:[0;39m page: [2], size: [20]
[2m2022-11-04 12:28:24.062[0;39m [32m INFO[0;39m [35m15596[0;39m [2m---[0;39m [2m[nio-8080-exec-8][0;39m [36mc.c.L.service.impl.ArticleServiceImpl   [0;39m [2m:[0;39m page: [3], size: [20]
[2m2022-11-04 12:31:38.178[0;39m [32m INFO[0;39m [35m15596[0;39m [2m---[0;39m [2m[nio-8080-exec-2][0;39m [36mc.c.L.c.SocketEndPointController        [0;39m [2m:[0;39m æ–°è¿žæŽ¥->userId:21,session:org.apache.tomcat.websocket.WsSession@7e1e1e72
[2m2022-11-04 12:31:58.581[0;39m [32m INFO[0;39m [35m15596[0;39m [2m---[0;39m [2m[nio-8080-exec-3][0;39m [36mc.c.L.c.SocketEndPointController        [0;39m [2m:[0;39m æ–°è¿žæŽ¥->userId:21,session:org.apache.tomcat.websocket.WsSession@5821bb75
[2m2022-11-04 12:33:06.213[0;39m [32m INFO[0;39m [35m15596[0;39m [2m---[0;39m [2m[nio-8080-exec-9][0;39m [36mc.c.L.c.SocketEndPointController        [0;39m [2m:[0;39m è¿žæŽ¥å…³é—­->userId: 21
[2m2022-11-04 12:33:06.221[0;39m [32m INFO[0;39m [35m15596[0;39m [2m---[0;39m [2m[nio-8080-exec-2][0;39m [36mc.c.L.c.SocketEndPointController        [0;39m [2m:[0;39m è¿žæŽ¥å…³é—­->userId: 21
[2m2022-11-04 12:33:06.216[0;39m [32m INFO[0;39m [35m15596[0;39m [2m---[0;39m [2m[nio-8080-exec-6][0;39m [36mc.c.L.c.SocketEndPointController        [0;39m [2m:[0;39m è¿žæŽ¥å…³é—­->userId: 21
[2m2022-11-04 12:33:08.404[0;39m [32m INFO[0;39m [35m15596[0;39m [2m---[0;39m [2m[nio-8080-exec-4][0;39m [36mc.c.L.c.SocketEndPointController        [0;39m [2m:[0;39m æ–°è¿žæŽ¥->userId:21,session:org.apache.tomcat.websocket.WsSession@72978076
[2m2022-11-04 12:33:34.227[0;39m [32m INFO[0;39m [35m15596[0;39m [2m---[0;39m [2m[nio-8080-exec-5][0;39m [36mc.c.L.c.SocketEndPointController        [0;39m [2m:[0;39m æ–°è¿žæŽ¥->userId:21,session:org.apache.tomcat.websocket.WsSession@51b9ceed
[2m2022-11-04 12:33:37.949[0;39m [32m INFO[0;39m [35m15596[0;39m [2m---[0;39m [2m[nio-8080-exec-2][0;39m [36mc.c.L.c.SocketEndPointController        [0;39m [2m:[0;39m è¿žæŽ¥å…³é—­->userId: 21
[2m2022-11-04 12:33:37.950[0;39m [32m INFO[0;39m [35m15596[0;39m [2m---[0;39m [2m[nio-8080-exec-6][0;39m [36mc.c.L.c.SocketEndPointController        [0;39m [2m:[0;39m è¿žæŽ¥å…³é—­->userId: 21
[2m2022-11-04 12:33:40.454[0;39m [32m INFO[0;39m [35m15596[0;39m [2m---[0;39m [2m[nio-8080-exec-4][0;39m [36mc.c.L.c.SocketEndPointController        [0;39m [2m:[0;39m æ–°è¿žæŽ¥->userId:21,session:org.apache.tomcat.websocket.WsSession@6cd208c5
[2m2022-11-04 12:33:49.673[0;39m [32m INFO[0;39m [35m15596[0;39m [2m---[0;39m [2m[nio-8080-exec-5][0;39m [36mc.c.L.c.SocketEndPointController        [0;39m [2m:[0;39m æ–°è¿žæŽ¥->userId:21,session:org.apache.tomcat.websocket.WsSession@4628070c
[2m2022-11-04 12:34:17.497[0;39m [32m INFO[0;39m [35m15596[0;39m [2m---[0;39m [2m[nio-8080-exec-2][0;39m [36mc.c.L.c.SocketEndPointController        [0;39m [2m:[0;39m æ–°è¿žæŽ¥->userId:21,session:org.apache.tomcat.websocket.WsSession@360a5536
[2m2022-11-04 12:34:21.322[0;39m [32m INFO[0;39m [35m15596[0;39m [2m---[0;39m [2m[nio-8080-exec-7][0;39m [36mc.c.L.c.SocketEndPointController        [0;39m [2m:[0;39m è¿žæŽ¥å…³é—­->userId: 21
[2m2022-11-04 12:34:21.322[0;39m [32m INFO[0;39m [35m15596[0;39m [2m---[0;39m [2m[nio-8080-exec-4][0;39m [36mc.c.L.c.SocketEndPointController        [0;39m [2m:[0;39m è¿žæŽ¥å…³é—­->userId: 21
[2m2022-11-04 12:34:21.322[0;39m [32m INFO[0;39m [35m15596[0;39m [2m---[0;39m [2m[nio-8080-exec-3][0;39m [36mc.c.L.c.SocketEndPointController        [0;39m [2m:[0;39m è¿žæŽ¥å…³é—­->userId: 21
[2m2022-11-04 12:34:24.638[0;39m [32m INFO[0;39m [35m15596[0;39m [2m---[0;39m [2m[nio-8080-exec-5][0;39m [36mc.c.L.c.SocketEndPointController        [0;39m [2m:[0;39m æ–°è¿žæŽ¥->userId:21,session:org.apache.tomcat.websocket.WsSession@63fea0df
[2m2022-11-04 12:35:34.682[0;39m [32m INFO[0;39m [35m15596[0;39m [2m---[0;39m [2m[nio-8080-exec-3][0;39m [36mc.c.L.c.SocketEndPointController        [0;39m [2m:[0;39m æ–°è¿žæŽ¥->userId:21,session:org.apache.tomcat.websocket.WsSession@27dd03d2
[2m2022-11-04 12:35:57.379[0;39m [32m INFO[0;39m [35m15596[0;39m [2m---[0;39m [2m[nio-8080-exec-5][0;39m [36mc.c.L.c.SocketEndPointController        [0;39m [2m:[0;39m æ–°è¿žæŽ¥->userId:21,session:org.apache.tomcat.websocket.WsSession@3edc0604
[2m2022-11-04 12:36:19.664[0;39m [32m INFO[0;39m [35m15596[0;39m [2m---[0;39m [2m[nio-8080-exec-8][0;39m [36mc.c.L.c.SocketEndPointController        [0;39m [2m:[0;39m æ–°è¿žæŽ¥->userId:21,session:org.apache.tomcat.websocket.WsSession@39f54157
[2m2022-11-04 12:36:25.897[0;39m [32m INFO[0;39m [35m15596[0;39m [2m---[0;39m [2m[nio-8080-exec-5][0;39m [36mc.c.L.c.SocketEndPointController        [0;39m [2m:[0;39m è¿žæŽ¥å…³é—­->userId: 21
[2m2022-11-04 12:36:25.898[0;39m [32m INFO[0;39m [35m15596[0;39m [2m---[0;39m [2m[nio-8080-exec-9][0;39m [36mc.c.L.c.SocketEndPointController        [0;39m [2m:[0;39m è¿žæŽ¥å…³é—­->userId: 21
[2m2022-11-04 12:36:25.897[0;39m [32m INFO[0;39m [35m15596[0;39m [2m---[0;39m [2m[io-8080-exec-10][0;39m [36mc.c.L.c.SocketEndPointController        [0;39m [2m:[0;39m è¿žæŽ¥å…³é—­->userId: 21
[2m2022-11-04 12:36:25.899[0;39m [32m INFO[0;39m [35m15596[0;39m [2m---[0;39m [2m[nio-8080-exec-2][0;39m [36mc.c.L.c.SocketEndPointController        [0;39m [2m:[0;39m è¿žæŽ¥å…³é—­->userId: 21
[2m2022-11-04 12:36:28.289[0;39m [32m INFO[0;39m [35m15596[0;39m [2m---[0;39m [2m[nio-8080-exec-8][0;39m [36mc.c.L.c.SocketEndPointController        [0;39m [2m:[0;39m æ–°è¿žæŽ¥->userId:21,session:org.apache.tomcat.websocket.WsSession@7652ac49
[2m2022-11-04 12:37:09.369[0;39m [32m INFO[0;39m [35m15596[0;39m [2m---[0;39m [2m[io-8080-exec-10][0;39m [36mc.c.L.c.SocketEndPointController        [0;39m [2m:[0;39m è¿žæŽ¥å…³é—­->userId: 21
[2m2022-11-04 12:37:12.146[0;39m [32m INFO[0;39m [35m15596[0;39m [2m---[0;39m [2m[nio-8080-exec-9][0;39m [36mc.c.L.c.SocketEndPointController        [0;39m [2m:[0;39m æ–°è¿žæŽ¥->userId:21,session:org.apache.tomcat.websocket.WsSession@15da43be
[2m2022-11-04 12:37:36.772[0;39m [32m INFO[0;39m [35m15596[0;39m [2m---[0;39m [2m[nio-8080-exec-1][0;39m [36mc.c.L.c.SocketEndPointController        [0;39m [2m:[0;39m æ–°è¿žæŽ¥->userId:21,session:org.apache.tomcat.websocket.WsSession@34b80632
[2m2022-11-04 12:37:41.554[0;39m [32m INFO[0;39m [35m15596[0;39m [2m---[0;39m [2m[nio-8080-exec-6][0;39m [36mc.c.L.c.SocketEndPointController        [0;39m [2m:[0;39m æ–°è¿žæŽ¥->userId:21,session:org.apache.tomcat.websocket.WsSession@744469c0
[2m2022-11-04 12:38:29.931[0;39m [32m INFO[0;39m [35m15596[0;39m [2m---[0;39m [2m[nio-8080-exec-5][0;39m [36mc.c.L.c.SocketEndPointController        [0;39m [2m:[0;39m æ–°è¿žæŽ¥->userId:21,session:org.apache.tomcat.websocket.WsSession@7cfe7cea
[2m2022-11-04 12:43:21.440[0;39m [32m INFO[0;39m [35m15596[0;39m [2m---[0;39m [2m[io-8080-exec-10][0;39m [36mc.c.L.c.SocketEndPointController        [0;39m [2m:[0;39m æ–°è¿žæŽ¥->userId:21,session:org.apache.tomcat.websocket.WsSession@63bc6975
[2m2022-11-04 12:44:07.792[0;39m [32m INFO[0;39m [35m15596[0;39m [2m---[0;39m [2m[io-8080-exec-10][0;39m [36mc.c.L.c.SocketEndPointController        [0;39m [2m:[0;39m æ–°è¿žæŽ¥->userId:21,session:org.apache.tomcat.websocket.WsSession@73a68fed
[2m2022-11-04 12:44:51.497[0;39m [32m INFO[0;39m [35m15596[0;39m [2m---[0;39m [2m[nio-8080-exec-7][0;39m [36mc.c.L.service.impl.ArticleServiceImpl   [0;39m [2m:[0;39m page: [1], size: [20]
[2m2022-11-04 12:45:21.735[0;39m [32m INFO[0;39m [35m15596[0;39m [2m---[0;39m [2m[nio-8080-exec-1][0;39m [36mc.c.L.service.impl.ArticleServiceImpl   [0;39m [2m:[0;39m page: [2], size: [20]
[2m2022-11-04 12:45:53.174[0;39m [32m INFO[0;39m [35m15596[0;39m [2m---[0;39m [2m[nio-8080-exec-2][0;39m [36mc.c.L.service.impl.ArticleServiceImpl   [0;39m [2m:[0;39m articleId: [654064425]
[2m2022-11-04 12:45:53.181[0;39m [32m INFO[0;39m [35m15596[0;39m [2m---[0;39m [2m[nio-8080-exec-7][0;39m [36mc.c.L.service.impl.CommentServiceImpl   [0;39m [2m:[0;39m articleId: [654064425]
[2m2022-11-04 12:47:06.693[0;39m [32m INFO[0;39m [35m15596[0;39m [2m---[0;39m [2m[nio-8080-exec-9][0;39m [36mc.c.L.c.SocketEndPointController        [0;39m [2m:[0;39m è¿žæŽ¥å…³é—­->userId: 21
[2m2022-11-04 12:47:06.693[0;39m [32m INFO[0;39m [35m15596[0;39m [2m---[0;39m [2m[nio-8080-exec-8][0;39m [36mc.c.L.c.SocketEndPointController        [0;39m [2m:[0;39m è¿žæŽ¥å…³é—­->userId: 21
[2m2022-11-04 12:47:06.693[0;39m [32m INFO[0;39m [35m15596[0;39m [2m---[0;39m [2m[nio-8080-exec-6][0;39m [36mc.c.L.c.SocketEndPointController        [0;39m [2m:[0;39m è¿žæŽ¥å…³é—­->userId: 21
[2m2022-11-04 12:47:06.694[0;39m [32m INFO[0;39m [35m15596[0;39m [2m---[0;39m [2m[nio-8080-exec-1][0;39m [36mc.c.L.c.SocketEndPointController        [0;39m [2m:[0;39m è¿žæŽ¥å…³é—­->userId: 21
[2m2022-11-04 12:47:06.693[0;39m [32m INFO[0;39m [35m15596[0;39m [2m---[0;39m [2m[nio-8080-exec-5][0;39m [36mc.c.L.c.SocketEndPointController        [0;39m [2m:[0;39m è¿žæŽ¥å…³é—­->userId: 21
[2m2022-11-04 12:47:06.695[0;39m [32m INFO[0;39m [35m15596[0;39m [2m---[0;39m [2m[io-8080-exec-10][0;39m [36mc.c.L.c.SocketEndPointController        [0;39m [2m:[0;39m è¿žæŽ¥å…³é—­->userId: 21
[2m2022-11-04 12:47:09.230[0;39m [32m INFO[0;39m [35m15596[0;39m [2m---[0;39m [2m[nio-8080-exec-7][0;39m [36mc.c.L.c.SocketEndPointController        [0;39m [2m:[0;39m æ–°è¿žæŽ¥->userId:21,session:org.apache.tomcat.websocket.WsSession@b2897b5
[2m2022-11-04 12:47:09.363[0;39m [32m INFO[0;39m [35m15596[0;39m [2m---[0;39m [2m[nio-8080-exec-9][0;39m [36mc.c.L.service.impl.ArticleServiceImpl   [0;39m [2m:[0;39m articleId: [654064425]
[2m2022-11-04 12:47:09.381[0;39m [32m INFO[0;39m [35m15596[0;39m [2m---[0;39m [2m[nio-8080-exec-5][0;39m [36mc.c.L.service.impl.CommentServiceImpl   [0;39m [2m:[0;39m articleId: [654064425]
[2m2022-11-04 12:47:14.547[0;39m [32m INFO[0;39m [35m15596[0;39m [2m---[0;39m [2m[nio-8080-exec-5][0;39m [36mc.c.L.service.impl.ArticleServiceImpl   [0;39m [2m:[0;39m page: [1], size: [20]
[2m2022-11-04 12:47:45.961[0;39m [32m INFO[0;39m [35m15596[0;39m [2m---[0;39m [2m[nio-8080-exec-9][0;39m [36mc.c.L.service.impl.CommentServiceImpl   [0;39m [2m:[0;39m userId: [21]
[2m2022-11-04 13:57:44.684[0;39m [32m INFO[0;39m [35m15596[0;39m [2m---[0;39m [2m[nio-8080-exec-9][0;39m [36mc.c.L.c.SocketEndPointController        [0;39m [2m:[0;39m æ–°è¿žæŽ¥->userId:21,session:org.apache.tomcat.websocket.WsSession@53c42a2f
[2m2022-11-04 13:58:23.589[0;39m [32m INFO[0;39m [35m15596[0;39m [2m---[0;39m [2m[nio-8080-exec-2][0;39m [36mc.c.L.service.impl.ArticleServiceImpl   [0;39m [2m:[0;39m page: [1], size: [20]
[2m2022-11-04 13:59:10.553[0;39m [32m INFO[0;39m [35m15596[0;39m [2m---[0;39m [2m[nio-8080-exec-1][0;39m [36mc.c.L.service.impl.ArticleServiceImpl   [0;39m [2m:[0;39m articleId: [1413497860]
[2m2022-11-04 13:59:10.553[0;39m [32m INFO[0;39m [35m15596[0;39m [2m---[0;39m [2m[nio-8080-exec-8][0;39m [36mc.c.L.service.impl.CommentServiceImpl   [0;39m [2m:[0;39m articleId: [1413497860]
[2m2022-11-04 14:00:47.625[0;39m [32m INFO[0;39m [35m15596[0;39m [2m---[0;39m [2m[nio-8080-exec-2][0;39m [36mc.c.L.c.SocketEndPointController        [0;39m [2m:[0;39m è¿žæŽ¥å…³é—­->userId: 21
[2m2022-11-04 14:00:47.631[0;39m [32m INFO[0;39m [35m15596[0;39m [2m---[0;39m [2m[nio-8080-exec-3][0;39m [36mc.c.L.c.SocketEndPointController        [0;39m [2m:[0;39m è¿žæŽ¥å…³é—­->userId: 21
[2m2022-11-04 14:00:51.820[0;39m [32m INFO[0;39m [35m15596[0;39m [2m---[0;39m [2m[io-8080-exec-10][0;39m [36mc.c.L.c.SocketEndPointController        [0;39m [2m:[0;39m æ–°è¿žæŽ¥->userId:21,session:org.apache.tomcat.websocket.WsSession@12056991
[2m2022-11-04 14:00:51.930[0;39m [32m INFO[0;39m [35m15596[0;39m [2m---[0;39m [2m[nio-8080-exec-8][0;39m [36mc.c.L.service.impl.ArticleServiceImpl   [0;39m [2m:[0;39m page: [1], size: [20]
[2m2022-11-04 14:01:04.352[0;39m [32m INFO[0;39m [35m15596[0;39m [2m---[0;39m [2m[nio-8080-exec-5][0;39m [36mc.c.L.service.impl.ArticleServiceImpl   [0;39m [2m:[0;39m articleId: [3715653517180932]
[2m2022-11-04 14:01:04.352[0;39m [32m INFO[0;39m [35m15596[0;39m [2m---[0;39m [2m[nio-8080-exec-1][0;39m [36mc.c.L.service.impl.CommentServiceImpl   [0;39m [2m:[0;39m articleId: [3715653517180932]
[2m2022-11-04 14:01:11.321[0;39m [32m INFO[0;39m [35m15596[0;39m [2m---[0;39m [2m[nio-8080-exec-2][0;39m [36mc.c.L.service.impl.ArticleServiceImpl   [0;39m [2m:[0;39m page: [1], size: [20]
[2m2022-11-04 14:03:44.145[0;39m [32m INFO[0;39m [35m15596[0;39m [2m---[0;39m [2m[nio-8080-exec-7][0;39m [36mc.c.L.c.SocketEndPointController        [0;39m [2m:[0;39m è¿žæŽ¥å…³é—­->userId: 21
[2m2022-11-04 14:03:46.968[0;39m [32m INFO[0;39m [35m15596[0;39m [2m---[0;39m [2m[nio-8080-exec-9][0;39m [36mc.c.L.c.SocketEndPointController        [0;39m [2m:[0;39m æ–°è¿žæŽ¥->userId:21,session:org.apache.tomcat.websocket.WsSession@7a53669a
[2m2022-11-04 14:03:47.168[0;39m [32m INFO[0;39m [35m15596[0;39m [2m---[0;39m [2m[nio-8080-exec-7][0;39m [36mc.c.L.service.impl.ArticleServiceImpl   [0;39m [2m:[0;39m page: [1], size: [20]
[2m2022-11-04 14:03:55.022[0;39m [32m INFO[0;39m [35m15596[0;39m [2m---[0;39m [2m[nio-8080-exec-4][0;39m [36mc.c.L.service.impl.ArticleServiceImpl   [0;39m [2m:[0;39m page: [1], size: [20]
[2m2022-11-04 14:04:08.056[0;39m [32m INFO[0;39m [35m15596[0;39m [2m---[0;39m [2m[nio-8080-exec-5][0;39m [36mc.c.L.service.impl.CommentServiceImpl   [0;39m [2m:[0;39m articleId: [652714427]
[2m2022-11-04 14:04:08.123[0;39m [32m INFO[0;39m [35m15596[0;39m [2m---[0;39m [2m[nio-8080-exec-2][0;39m [36mc.c.L.service.impl.ArticleServiceImpl   [0;39m [2m:[0;39m articleId: [652714427]
[2m2022-11-04 14:04:24.364[0;39m [32m INFO[0;39m [35m15596[0;39m [2m---[0;39m [2m[nio-8080-exec-9][0;39m [36mc.c.L.service.impl.CommentServiceImpl   [0;39m [2m:[0;39m userId: [21]
[2m2022-11-04 14:04:57.306[0;39m [32m INFO[0;39m [35m15596[0;39m [2m---[0;39m [2m[nio-8080-exec-6][0;39m [36mc.c.L.c.SocketEndPointController        [0;39m [2m:[0;39m è¿žæŽ¥å…³é—­->userId: 21
[2m2022-11-04 14:04:59.321[0;39m [32m INFO[0;39m [35m15596[0;39m [2m---[0;39m [2m[nio-8080-exec-2][0;39m [36mc.c.L.c.SocketEndPointController        [0;39m [2m:[0;39m æ–°è¿žæŽ¥->userId:21,session:org.apache.tomcat.websocket.WsSession@2b88c1ab
[2m2022-11-04 14:04:59.481[0;39m [32m INFO[0;39m [35m15596[0;39m [2m---[0;39m [2m[nio-8080-exec-1][0;39m [36mc.c.L.service.impl.ArticleServiceImpl   [0;39m [2m:[0;39m page: [1], size: [20]
[2m2022-11-04 14:05:15.333[0;39m [32m INFO[0;39m [35m15596[0;39m [2m---[0;39m [2m[nio-8080-exec-3][0;39m [36mc.c.L.c.SocketEndPointController        [0;39m [2m:[0;39m æ–°è¿žæŽ¥->userId:21,session:org.apache.tomcat.websocket.WsSession@227ea0c1
[2m2022-11-04 14:08:41.230[0;39m [32m INFO[0;39m [35m15596[0;39m [2m---[0;39m [2m[nio-8080-exec-9][0;39m [36mc.c.L.c.SocketEndPointController        [0;39m [2m:[0;39m è¿žæŽ¥å…³é—­->userId: 21
[2m2022-11-04 14:08:41.230[0;39m [32m INFO[0;39m [35m15596[0;39m [2m---[0;39m [2m[io-8080-exec-10][0;39m [36mc.c.L.c.SocketEndPointController        [0;39m [2m:[0;39m è¿žæŽ¥å…³é—­->userId: 21
[2m2022-11-04 14:08:43.588[0;39m [32m INFO[0;39m [35m15596[0;39m [2m---[0;39m [2m[nio-8080-exec-7][0;39m [36mc.c.L.c.SocketEndPointController        [0;39m [2m:[0;39m æ–°è¿žæŽ¥->userId:21,session:org.apache.tomcat.websocket.WsSession@3e1a5155
[2m2022-11-04 14:10:45.432[0;39m [32m INFO[0;39m [35m15596[0;39m [2m---[0;39m [2m[nio-8080-exec-3][0;39m [36mc.c.L.c.SocketEndPointController        [0;39m [2m:[0;39m è¿žæŽ¥å…³é—­->userId: 21
[2m2022-11-04 14:10:48.125[0;39m [32m INFO[0;39m [35m15596[0;39m [2m---[0;39m [2m[nio-8080-exec-1][0;39m [36mc.c.L.c.SocketEndPointController        [0;39m [2m:[0;39m æ–°è¿žæŽ¥->userId:21,session:org.apache.tomcat.websocket.WsSession@3da4de67
[2m2022-11-04 14:14:50.929[0;39m [32m INFO[0;39m [35m15596[0;39m [2m---[0;39m [2m[nio-8080-exec-1][0;39m [36mc.c.L.c.SocketEndPointController        [0;39m [2m:[0;39m è¿žæŽ¥å…³é—­->userId: 21
[2m2022-11-04 14:14:53.158[0;39m [32m INFO[0;39m [35m15596[0;39m [2m---[0;39m [2m[nio-8080-exec-9][0;39m [36mc.c.L.c.SocketEndPointController        [0;39m [2m:[0;39m æ–°è¿žæŽ¥->userId:21,session:org.apache.tomcat.websocket.WsSession@2e4e78c2
[2m2022-11-04 14:16:03.907[0;39m [32m INFO[0;39m [35m15596[0;39m [2m---[0;39m [2m[nio-8080-exec-5][0;39m [36mc.c.L.c.SocketEndPointController        [0;39m [2m:[0;39m è¿žæŽ¥å…³é—­->userId: 21
[2m2022-11-04 14:16:06.508[0;39m [32m INFO[0;39m [35m15596[0;39m [2m---[0;39m [2m[nio-8080-exec-4][0;39m [36mc.c.L.c.SocketEndPointController        [0;39m [2m:[0;39m æ–°è¿žæŽ¥->userId:21,session:org.apache.tomcat.websocket.WsSession@59a923e
[2m2022-11-04 14:17:17.875[0;39m [32m INFO[0;39m [35m15596[0;39m [2m---[0;39m [2m[nio-8080-exec-6][0;39m [36mc.c.L.c.SocketEndPointController        [0;39m [2m:[0;39m è¿žæŽ¥å…³é—­->userId: 21
[2m2022-11-04 14:17:20.049[0;39m [32m INFO[0;39m [35m15596[0;39m [2m---[0;39m [2m[io-8080-exec-10][0;39m [36mc.c.L.c.SocketEndPointController        [0;39m [2m:[0;39m æ–°è¿žæŽ¥->userId:21,session:org.apache.tomcat.websocket.WsSession@3573378
[2m2022-11-04 14:18:13.416[0;39m [32m INFO[0;39m [35m15596[0;39m [2m---[0;39m [2m[nio-8080-exec-2][0;39m [36mc.c.L.c.SocketEndPointController        [0;39m [2m:[0;39m è¿žæŽ¥å…³é—­->userId: 21
[2m2022-11-04 14:18:15.745[0;39m [32m INFO[0;39m [35m15596[0;39m [2m---[0;39m [2m[nio-8080-exec-9][0;39m [36mc.c.L.c.SocketEndPointController        [0;39m [2m:[0;39m æ–°è¿žæŽ¥->userId:21,session:org.apache.tomcat.websocket.WsSession@7331eac9
[2m2022-11-04 14:19:17.062[0;39m [32m INFO[0;39m [35m15596[0;39m [2m---[0;39m [2m[io-8080-exec-10][0;39m [36mc.c.L.c.SocketEndPointController        [0;39m [2m:[0;39m è¿žæŽ¥å…³é—­->userId: 21
[2m2022-11-04 14:19:19.548[0;39m [32m INFO[0;39m [35m15596[0;39m [2m---[0;39m [2m[nio-8080-exec-5][0;39m [36mc.c.L.c.SocketEndPointController        [0;39m [2m:[0;39m æ–°è¿žæŽ¥->userId:21,session:org.apache.tomcat.websocket.WsSession@180bb494
[2m2022-11-04 14:19:31.151[0;39m [32m INFO[0;39m [35m15596[0;39m [2m---[0;39m [2m[nio-8080-exec-8][0;39m [36mc.c.L.c.SocketEndPointController        [0;39m [2m:[0;39m è¿žæŽ¥å…³é—­->userId: 21
[2m2022-11-04 14:19:33.569[0;39m [32m INFO[0;39m [35m15596[0;39m [2m---[0;39m [2m[nio-8080-exec-3][0;39m [36mc.c.L.c.SocketEndPointController        [0;39m [2m:[0;39m æ–°è¿žæŽ¥->userId:21,session:org.apache.tomcat.websocket.WsSession@fd0403
[2m2022-11-04 14:21:14.459[0;39m [32m INFO[0;39m [35m15596[0;39m [2m---[0;39m [2m[nio-8080-exec-9][0;39m [36mc.c.L.c.SocketEndPointController        [0;39m [2m:[0;39m è¿žæŽ¥å…³é—­->userId: 21
[2m2022-11-04 14:21:16.897[0;39m [32m INFO[0;39m [35m15596[0;39m [2m---[0;39m [2m[nio-8080-exec-6][0;39m [36mc.c.L.c.SocketEndPointController        [0;39m [2m:[0;39m æ–°è¿žæŽ¥->userId:21,session:org.apache.tomcat.websocket.WsSession@58cc8818
[2m2022-11-04 14:21:59.471[0;39m [32m INFO[0;39m [35m15596[0;39m [2m---[0;39m [2m[nio-8080-exec-8][0;39m [36mc.c.L.c.SocketEndPointController        [0;39m [2m:[0;39m è¿žæŽ¥å…³é—­->userId: 21
[2m2022-11-04 14:22:01.704[0;39m [32m INFO[0;39m [35m15596[0;39m [2m---[0;39m [2m[nio-8080-exec-1][0;39m [36mc.c.L.c.SocketEndPointController        [0;39m [2m:[0;39m æ–°è¿žæŽ¥->userId:21,session:org.apache.tomcat.websocket.WsSession@43c9e3a0
[2m2022-11-04 14:22:27.693[0;39m [32m INFO[0;39m [35m15596[0;39m [2m---[0;39m [2m[nio-8080-exec-2][0;39m [36mc.c.L.service.impl.CommentServiceImpl   [0;39m [2m:[0;39m articleId: [4209162439360517]
[2m2022-11-04 14:22:27.745[0;39m [32m INFO[0;39m [35m15596[0;39m [2m---[0;39m [2m[nio-8080-exec-8][0;39m [36mc.c.L.service.impl.ArticleServiceImpl   [0;39m [2m:[0;39m articleId: [4209162439360517]
[2m2022-11-04 14:24:50.395[0;39m [32m INFO[0;39m [35m15596[0;39m [2m---[0;39m [2m[nio-8080-exec-8][0;39m [36mc.c.L.c.SocketEndPointController        [0;39m [2m:[0;39m è¿žæŽ¥å…³é—­->userId: 21
[2m2022-11-04 14:24:52.517[0;39m [32m INFO[0;39m [35m15596[0;39m [2m---[0;39m [2m[nio-8080-exec-6][0;39m [36mc.c.L.c.SocketEndPointController        [0;39m [2m:[0;39m æ–°è¿žæŽ¥->userId:21,session:org.apache.tomcat.websocket.WsSession@69ee6e6e
[2m2022-11-04 14:25:07.852[0;39m [32m INFO[0;39m [35m15596[0;39m [2m---[0;39m [2m[nio-8080-exec-6][0;39m [36mc.c.L.service.impl.ArticleServiceImpl   [0;39m [2m:[0;39m page: [1], size: [20]
[2m2022-11-04 14:25:11.144[0;39m [32m INFO[0;39m [35m15596[0;39m [2m---[0;39m [2m[nio-8080-exec-4][0;39m [36mc.c.L.service.impl.ArticleServiceImpl   [0;39m [2m:[0;39m articleId: [4209162439360517]
[2m2022-11-04 14:25:11.144[0;39m [32m INFO[0;39m [35m15596[0;39m [2m---[0;39m [2m[nio-8080-exec-8][0;39m [36mc.c.L.service.impl.CommentServiceImpl   [0;39m [2m:[0;39m articleId: [4209162439360517]
[2m2022-11-04 14:26:14.930[0;39m [32m INFO[0;39m [35m15596[0;39m [2m---[0;39m [2m[nio-8080-exec-5][0;39m [36mc.c.L.service.impl.ArticleServiceImpl   [0;39m [2m:[0;39m page: [1], size: [20]
[2m2022-11-04 14:26:19.668[0;39m [32m INFO[0;39m [35m15596[0;39m [2m---[0;39m [2m[nio-8080-exec-4][0;39m [36mc.c.L.service.impl.ArticleServiceImpl   [0;39m [2m:[0;39m articleId: [652714427]
[2m2022-11-04 14:26:19.668[0;39m [32m INFO[0;39m [35m15596[0;39m [2m---[0;39m [2m[nio-8080-exec-7][0;39m [36mc.c.L.service.impl.CommentServiceImpl   [0;39m [2m:[0;39m articleId: [652714427]
[2m2022-11-04 14:26:28.249[0;39m [32m INFO[0;39m [35m15596[0;39m [2m---[0;39m [2m[nio-8080-exec-6][0;39m [36mc.c.L.service.impl.ArticleServiceImpl   [0;39m [2m:[0;39m articleId: [1413497860]
[2m2022-11-04 14:26:28.259[0;39m [32m INFO[0;39m [35m15596[0;39m [2m---[0;39m [2m[nio-8080-exec-5][0;39m [36mc.c.L.service.impl.CommentServiceImpl   [0;39m [2m:[0;39m articleId: [1413497860]
[2m2022-11-04 14:26:40.961[0;39m [32m INFO[0;39m [35m15596[0;39m [2m---[0;39m [2m[io-8080-exec-10][0;39m [36mc.c.L.service.impl.ArticleServiceImpl   [0;39m [2m:[0;39m articleId: [3715653517180932]
[2m2022-11-04 14:26:40.961[0;39m [32m INFO[0;39m [35m15596[0;39m [2m---[0;39m [2m[nio-8080-exec-1][0;39m [36mc.c.L.service.impl.CommentServiceImpl   [0;39m [2m:[0;39m articleId: [3715653517180932]
[2m2022-11-04 14:26:49.569[0;39m [32m INFO[0;39m [35m15596[0;39m [2m---[0;39m [2m[nio-8080-exec-6][0;39m [36mc.c.L.service.impl.ArticleServiceImpl   [0;39m [2m:[0;39m articleId: [654667045]
[2m2022-11-04 14:26:49.571[0;39m [32m INFO[0;39m [35m15596[0;39m [2m---[0;39m [2m[nio-8080-exec-5][0;39m [36mc.c.L.service.impl.CommentServiceImpl   [0;39m [2m:[0;39m articleId: [654667045]
[2m2022-11-04 14:27:10.777[0;39m [32m INFO[0;39m [35m15596[0;39m [2m---[0;39m [2m[nio-8080-exec-7][0;39m [36mc.c.L.c.SocketEndPointController        [0;39m [2m:[0;39m è¿žæŽ¥å…³é—­->userId: 21
[2m2022-11-04 14:27:12.922[0;39m [32m INFO[0;39m [35m15596[0;39m [2m---[0;39m [2m[nio-8080-exec-9][0;39m [36mc.c.L.c.SocketEndPointController        [0;39m [2m:[0;39m æ–°è¿žæŽ¥->userId:21,session:org.apache.tomcat.websocket.WsSession@6a1f80ae
[2m2022-11-04 14:27:13.194[0;39m [32m INFO[0;39m [35m15596[0;39m [2m---[0;39m [2m[nio-8080-exec-7][0;39m [36mc.c.L.service.impl.ArticleServiceImpl   [0;39m [2m:[0;39m page: [1], size: [20]
[2m2022-11-04 14:27:16.397[0;39m [32m INFO[0;39m [35m15596[0;39m [2m---[0;39m [2m[nio-8080-exec-1][0;39m [36mc.c.L.service.impl.ArticleServiceImpl   [0;39m [2m:[0;39m articleId: [4209162439360517]
[2m2022-11-04 14:27:16.399[0;39m [32m INFO[0;39m [35m15596[0;39m [2m---[0;39m [2m[nio-8080-exec-8][0;39m [36mc.c.L.service.impl.CommentServiceImpl   [0;39m [2m:[0;39m articleId: [4209162439360517]
[2m2022-11-04 14:27:20.880[0;39m [32m INFO[0;39m [35m15596[0;39m [2m---[0;39m [2m[nio-8080-exec-9][0;39m [36mc.c.L.service.impl.ArticleServiceImpl   [0;39m [2m:[0;39m articleId: [1413497860]
[2m2022-11-04 14:27:20.880[0;39m [32m INFO[0;39m [35m15596[0;39m [2m---[0;39m [2m[nio-8080-exec-6][0;39m [36mc.c.L.service.impl.CommentServiceImpl   [0;39m [2m:[0;39m articleId: [1413497860]
[2m2022-11-04 14:29:51.935[0;39m [32m INFO[0;39m [35m15596[0;39m [2m---[0;39m [2m[nio-8080-exec-7][0;39m [36mc.c.L.service.impl.ArticleServiceImpl   [0;39m [2m:[0;39m articleId: [4494734814871563]
[2m2022-11-04 14:29:51.936[0;39m [32m INFO[0;39m [35m15596[0;39m [2m---[0;39m [2m[nio-8080-exec-3][0;39m [36mc.c.L.service.impl.CommentServiceImpl   [0;39m [2m:[0;39m articleId: [4494734814871563]
[2m2022-11-04 14:30:22.319[0;39m [32m INFO[0;39m [35m15596[0;39m [2m---[0;39m [2m[io-8080-exec-10][0;39m [36mc.c.L.c.SocketEndPointController        [0;39m [2m:[0;39m è¿žæŽ¥å…³é—­->userId: 21
[2m2022-11-04 14:30:24.551[0;39m [32m INFO[0;39m [35m15596[0;39m [2m---[0;39m [2m[nio-8080-exec-3][0;39m [36mc.c.L.c.SocketEndPointController        [0;39m [2m:[0;39m æ–°è¿žæŽ¥->userId:21,session:org.apache.tomcat.websocket.WsSession@7cf276a0
[2m2022-11-04 14:30:24.706[0;39m [32m INFO[0;39m [35m15596[0;39m [2m---[0;39m [2m[nio-8080-exec-5][0;39m [36mc.c.L.service.impl.ArticleServiceImpl   [0;39m [2m:[0;39m articleId: [4494734814871563]
[2m2022-11-04 14:30:24.706[0;39m [32m INFO[0;39m [35m15596[0;39m [2m---[0;39m [2m[nio-8080-exec-8][0;39m [36mc.c.L.service.impl.CommentServiceImpl   [0;39m [2m:[0;39m articleId: [4494734814871563]
[2m2022-11-04 14:32:43.295[0;39m [32m INFO[0;39m [35m15596[0;39m [2m---[0;39m [2m[nio-8080-exec-8][0;39m [36mc.c.L.service.impl.ArticleServiceImpl   [0;39m [2m:[0;39m page: [1], size: [20]
[2m2022-11-04 14:32:47.616[0;39m [32m INFO[0;39m [35m15596[0;39m [2m---[0;39m [2m[nio-8080-exec-7][0;39m [36mc.c.L.service.impl.ArticleServiceImpl   [0;39m [2m:[0;39m articleId: [4209162439360517]
[2m2022-11-04 14:32:47.627[0;39m [32m INFO[0;39m [35m15596[0;39m [2m---[0;39m [2m[nio-8080-exec-2][0;39m [36mc.c.L.service.impl.CommentServiceImpl   [0;39m [2m:[0;39m articleId: [4209162439360517]
[2m2022-11-04 14:34:27.741[0;39m [32m INFO[0;39m [35m15596[0;39m [2m---[0;39m [2m[nio-8080-exec-7][0;39m [36mc.c.L.c.SocketEndPointController        [0;39m [2m:[0;39m è¿žæŽ¥å…³é—­->userId: 21
[2m2022-11-04 14:34:30.013[0;39m [32m INFO[0;39m [35m15596[0;39m [2m---[0;39m [2m[nio-8080-exec-9][0;39m [36mc.c.L.c.SocketEndPointController        [0;39m [2m:[0;39m æ–°è¿žæŽ¥->userId:21,session:org.apache.tomcat.websocket.WsSession@555dd7d3
[2m2022-11-04 14:34:30.232[0;39m [32m INFO[0;39m [35m15596[0;39m [2m---[0;39m [2m[nio-8080-exec-7][0;39m [36mc.c.L.service.impl.ArticleServiceImpl   [0;39m [2m:[0;39m page: [1], size: [20]
[2m2022-11-04 14:37:24.823[0;39m [32m INFO[0;39m [35m15596[0;39m [2m---[0;39m [2m[nio-8080-exec-4][0;39m [36mc.c.L.c.SocketEndPointController        [0;39m [2m:[0;39m è¿žæŽ¥å…³é—­->userId: 21
[2m2022-11-04 14:37:27.716[0;39m [32m INFO[0;39m [35m15596[0;39m [2m---[0;39m [2m[io-8080-exec-10][0;39m [36mc.c.L.c.SocketEndPointController        [0;39m [2m:[0;39m æ–°è¿žæŽ¥->userId:21,session:org.apache.tomcat.websocket.WsSession@1601765d
[2m2022-11-04 14:37:42.502[0;39m [32m INFO[0;39m [35m15596[0;39m [2m---[0;39m [2m[nio-8080-exec-6][0;39m [36mc.c.L.service.impl.CommentServiceImpl   [0;39m [2m:[0;39m userId: [21]
[2m2022-11-04 14:39:03.169[0;39m [32m INFO[0;39m [35m15596[0;39m [2m---[0;39m [2m[nio-8080-exec-1][0;39m [36mc.c.L.c.SocketEndPointController        [0;39m [2m:[0;39m è¿žæŽ¥å…³é—­->userId: 21
[2m2022-11-04 14:39:05.561[0;39m [32m INFO[0;39m [35m15596[0;39m [2m---[0;39m [2m[nio-8080-exec-7][0;39m [36mc.c.L.c.SocketEndPointController        [0;39m [2m:[0;39m æ–°è¿žæŽ¥->userId:21,session:org.apache.tomcat.websocket.WsSession@59de0dc4
[2m2022-11-04 14:42:55.795[0;39m [32m INFO[0;39m [35m15596[0;39m [2m---[0;39m [2m[nio-8080-exec-4][0;39m [36mc.c.L.c.SocketEndPointController        [0;39m [2m:[0;39m è¿žæŽ¥å…³é—­->userId: 21
[2m2022-11-04 14:42:57.890[0;39m [32m INFO[0;39m [35m15596[0;39m [2m---[0;39m [2m[nio-8080-exec-9][0;39m [36mc.c.L.c.SocketEndPointController        [0;39m [2m:[0;39m æ–°è¿žæŽ¥->userId:21,session:org.apache.tomcat.websocket.WsSession@50f32697
[2m2022-11-04 14:49:44.172[0;39m [32m INFO[0;39m [35m15596[0;39m [2m---[0;39m [2m[nio-8080-exec-2][0;39m [36mc.c.L.service.impl.CommentServiceImpl   [0;39m [2m:[0;39m userId: [21]
[2m2022-11-04 14:50:11.622[0;39m [32m INFO[0;39m [35m15596[0;39m [2m---[0;39m [2m[nio-8080-exec-3][0;39m [36mc.c.L.c.SocketEndPointController        [0;39m [2m:[0;39m è¿žæŽ¥å…³é—­->userId: 21
[2m2022-11-04 14:50:13.733[0;39m [32m INFO[0;39m [35m15596[0;39m [2m---[0;39m [2m[nio-8080-exec-4][0;39m [36mc.c.L.c.SocketEndPointController        [0;39m [2m:[0;39m æ–°è¿žæŽ¥->userId:21,session:org.apache.tomcat.websocket.WsSession@53a58878
[2m2022-11-04 14:50:26.580[0;39m [32m INFO[0;39m [35m15596[0;39m [2m---[0;39m [2m[nio-8080-exec-9][0;39m [36mc.c.L.service.impl.ArticleServiceImpl   [0;39m [2m:[0;39m page: [1], size: [20]
[2m2022-11-04 15:09:04.513[0;39m [32m INFO[0;39m [35m15596[0;39m [2m---[0;39m [2m[nio-8080-exec-7][0;39m [36mc.c.L.c.SocketEndPointController        [0;39m [2m:[0;39m è¿žæŽ¥å…³é—­->userId: 21
[2m2022-11-04 15:09:07.146[0;39m [32m INFO[0;39m [35m15596[0;39m [2m---[0;39m [2m[nio-8080-exec-8][0;39m [36mc.c.L.c.SocketEndPointController        [0;39m [2m:[0;39m æ–°è¿žæŽ¥->userId:21,session:org.apache.tomcat.websocket.WsSession@2246b4d5
[2m2022-11-04 15:09:07.751[0;39m [32m INFO[0;39m [35m15596[0;39m [2m---[0;39m [2m[nio-8080-exec-8][0;39m [36mc.c.L.service.impl.ArticleServiceImpl   [0;39m [2m:[0;39m page: [1], size: [20]
[2m2022-11-04 15:09:34.003[0;39m [32m INFO[0;39m [35m15596[0;39m [2m---[0;39m [2m[nio-8080-exec-9][0;39m [36mc.c.L.c.SocketEndPointController        [0;39m [2m:[0;39m è¿žæŽ¥å…³é—­->userId: 21
[2m2022-11-04 15:11:25.906[0;39m [32m INFO[0;39m [35m15596[0;39m [2m---[0;39m [2m[nio-8080-exec-7][0;39m [36mc.c.L.service.impl.UserServiceImpl      [0;39m [2m:[0;39m ç”¨æˆ·åç™»å½•[a]
[2m2022-11-04 15:11:25.930[0;39m [32m INFO[0;39m [35m15596[0;39m [2m---[0;39m [2m[nio-8080-exec-7][0;39m [36mc.c.L.service.impl.UserServiceImpl      [0;39m [2m:[0;39m ç™»é™†æˆåŠŸ:token: 6f01637b-5b34-43fe-8882-8ca3f3d5a946
[2m2022-11-04 15:11:26.192[0;39m [32m INFO[0;39m [35m15596[0;39m [2m---[0;39m [2m[nio-8080-exec-4][0;39m [36mc.c.L.c.SocketEndPointController        [0;39m [2m:[0;39m æ–°è¿žæŽ¥->userId:21,session:org.apache.tomcat.websocket.WsSession@7e31d663
[2m2022-11-04 15:11:26.574[0;39m [32m INFO[0;39m [35m15596[0;39m [2m---[0;39m [2m[nio-8080-exec-5][0;39m [36mc.c.L.service.impl.ArticleServiceImpl   [0;39m [2m:[0;39m page: [1], size: [20]
[2m2022-11-04 15:12:45.963[0;39m [32m INFO[0;39m [35m15596[0;39m [2m---[0;39m [2m[io-8080-exec-10][0;39m [36mc.c.L.c.SocketEndPointController        [0;39m [2m:[0;39m æ–°è¿žæŽ¥->userId:21,session:org.apache.tomcat.websocket.WsSession@6446e7d6
[2m2022-11-04 15:12:46.127[0;39m [32m INFO[0;39m [35m15596[0;39m [2m---[0;39m [2m[nio-8080-exec-9][0;39m [36mc.c.L.c.SocketEndPointController        [0;39m [2m:[0;39m è¿žæŽ¥å…³é—­->userId: 21
[2m2022-11-04 15:12:46.127[0;39m [32m INFO[0;39m [35m15596[0;39m [2m---[0;39m [2m[nio-8080-exec-3][0;39m [36mc.c.L.c.SocketEndPointController        [0;39m [2m:[0;39m è¿žæŽ¥å…³é—­->userId: 21
[2m2022-11-04 15:12:48.185[0;39m [32m INFO[0;39m [35m15596[0;39m [2m---[0;39m [2m[nio-8080-exec-5][0;39m [36mc.c.L.c.SocketEndPointController        [0;39m [2m:[0;39m æ–°è¿žæŽ¥->userId:21,session:org.apache.tomcat.websocket.WsSession@1ceaf4b7
[2m2022-11-04 15:13:31.796[0;39m [32m INFO[0;39m [35m15596[0;39m [2m---[0;39m [2m[nio-8080-exec-7][0;39m [36mc.c.L.c.SocketEndPointController        [0;39m [2m:[0;39m æ–°è¿žæŽ¥->userId:21,session:org.apache.tomcat.websocket.WsSession@212fb4e1
[2m2022-11-04 15:13:32.307[0;39m [32m INFO[0;39m [35m15596[0;39m [2m---[0;39m [2m[nio-8080-exec-4][0;39m [36mc.c.L.service.impl.ArticleServiceImpl   [0;39m [2m:[0;39m page: [1], size: [20]
[2m2022-11-04 15:14:25.902[0;39m [32m INFO[0;39m [35m15596[0;39m [2m---[0;39m [2m[nio-8080-exec-9][0;39m [36mc.c.L.c.SocketEndPointController        [0;39m [2m:[0;39m æ–°è¿žæŽ¥->userId:21,session:org.apache.tomcat.websocket.WsSession@3c5a7b11
[2m2022-11-04 15:14:26.211[0;39m [32m INFO[0;39m [35m15596[0;39m [2m---[0;39m [2m[nio-8080-exec-4][0;39m [36mc.c.L.service.impl.ArticleServiceImpl   [0;39m [2m:[0;39m page: [1], size: [20]
[2m2022-11-04 15:14:26.313[0;39m [32m INFO[0;39m [35m15596[0;39m [2m---[0;39m [2m[nio-8080-exec-2][0;39m [36mc.c.L.c.SocketEndPointController        [0;39m [2m:[0;39m è¿žæŽ¥å…³é—­->userId: 21
[2m2022-11-04 15:14:26.313[0;39m [32m INFO[0;39m [35m15596[0;39m [2m---[0;39m [2m[nio-8080-exec-9][0;39m [36mc.c.L.c.SocketEndPointController        [0;39m [2m:[0;39m è¿žæŽ¥å…³é—­->userId: 21
[2m2022-11-04 15:14:26.316[0;39m [32m INFO[0;39m [35m15596[0;39m [2m---[0;39m [2m[nio-8080-exec-7][0;39m [36mc.c.L.c.SocketEndPointController        [0;39m [2m:[0;39m è¿žæŽ¥å…³é—­->userId: 21
[2m2022-11-04 15:14:28.410[0;39m [32m INFO[0;39m [35m15596[0;39m [2m---[0;39m [2m[io-8080-exec-10][0;39m [36mc.c.L.c.SocketEndPointController        [0;39m [2m:[0;39m æ–°è¿žæŽ¥->userId:21,session:org.apache.tomcat.websocket.WsSession@60d4b5ca
[2m2022-11-04 15:14:29.390[0;39m [32m INFO[0;39m [35m15596[0;39m [2m---[0;39m [2m[nio-8080-exec-5][0;39m [36mc.c.L.service.impl.ArticleServiceImpl   [0;39m [2m:[0;39m page: [1], size: [20]
[2m2022-11-04 15:14:34.987[0;39m [32m INFO[0;39m [35m15596[0;39m [2m---[0;39m [2m[nio-8080-exec-6][0;39m [36mc.c.L.service.impl.CommentServiceImpl   [0;39m [2m:[0;39m articleId: [4209162439360517]
[2m2022-11-04 15:14:35.032[0;39m [32m INFO[0;39m [35m15596[0;39m [2m---[0;39m [2m[nio-8080-exec-2][0;39m [36mc.c.L.service.impl.ArticleServiceImpl   [0;39m [2m:[0;39m articleId: [4209162439360517]
[2m2022-11-04 15:16:46.517[0;39m [32m INFO[0;39m [35m15596[0;39m [2m---[0;39m [2m[nio-8080-exec-8][0;39m [36mc.c.L.c.SocketEndPointController        [0;39m [2m:[0;39m è¿žæŽ¥å…³é—­->userId: 21
[2m2022-11-04 15:16:48.901[0;39m [32m INFO[0;39m [35m15596[0;39m [2m---[0;39m [2m[nio-8080-exec-6][0;39m [36mc.c.L.c.SocketEndPointController        [0;39m [2m:[0;39m æ–°è¿žæŽ¥->userId:21,session:org.apache.tomcat.websocket.WsSession@2ff78aa6
[2m2022-11-04 15:16:49.073[0;39m [32m INFO[0;39m [35m15596[0;39m [2m---[0;39m [2m[io-8080-exec-10][0;39m [36mc.c.L.service.impl.ArticleServiceImpl   [0;39m [2m:[0;39m articleId: [4209162439360517]
[2m2022-11-04 15:16:49.086[0;39m [32m INFO[0;39m [35m15596[0;39m [2m---[0;39m [2m[nio-8080-exec-4][0;39m [36mc.c.L.service.impl.CommentServiceImpl   [0;39m [2m:[0;39m articleId: [4209162439360517]
[2m2022-11-04 15:16:52.112[0;39m [32m INFO[0;39m [35m15596[0;39m [2m---[0;39m [2m[nio-8080-exec-4][0;39m [36mc.c.L.service.impl.ArticleServiceImpl   [0;39m [2m:[0;39m page: [1], size: [20]
[2m2022-11-04 15:17:16.289[0;39m [32m INFO[0;39m [35m15596[0;39m [2m---[0;39m [2m[io-8080-exec-10][0;39m [36mc.c.L.c.SocketEndPointController        [0;39m [2m:[0;39m è¿žæŽ¥å…³é—­->userId: 21
[2m2022-11-04 15:17:18.594[0;39m [32m INFO[0;39m [35m15596[0;39m [2m---[0;39m [2m[nio-8080-exec-8][0;39m [36mc.c.L.c.SocketEndPointController        [0;39m [2m:[0;39m æ–°è¿žæŽ¥->userId:21,session:org.apache.tomcat.websocket.WsSession@ec48407
[2m2022-11-04 15:17:18.734[0;39m [32m INFO[0;39m [35m15596[0;39m [2m---[0;39m [2m[nio-8080-exec-7][0;39m [36mc.c.L.service.impl.CommentServiceImpl   [0;39m [2m:[0;39m articleId: [4209162439360517]
[2m2022-11-04 15:17:18.734[0;39m [32m INFO[0;39m [35m15596[0;39m [2m---[0;39m [2m[nio-8080-exec-1][0;39m [36mc.c.L.service.impl.ArticleServiceImpl   [0;39m [2m:[0;39m articleId: [4209162439360517]
[2m2022-11-04 15:17:21.527[0;39m [32m INFO[0;39m [35m15596[0;39m [2m---[0;39m [2m[nio-8080-exec-3][0;39m [36mc.c.L.service.impl.ArticleServiceImpl   [0;39m [2m:[0;39m page: [1], size: [20]
[2m2022-11-04 15:17:23.940[0;39m [32m INFO[0;39m [35m15596[0;39m [2m---[0;39m [2m[nio-8080-exec-8][0;39m [36mc.c.L.service.impl.ArticleServiceImpl   [0;39m [2m:[0;39m page: [1], size: [20]
[2m2022-11-04 15:18:17.297[0;39m [32m INFO[0;39m [35m15596[0;39m [2m---[0;39m [2m[nio-8080-exec-9][0;39m [36mc.c.L.c.SocketEndPointController        [0;39m [2m:[0;39m æ–°è¿žæŽ¥->userId:21,session:org.apache.tomcat.websocket.WsSession@2a6806bb
[2m2022-11-04 15:18:17.513[0;39m [32m INFO[0;39m [35m15596[0;39m [2m---[0;39m [2m[io-8080-exec-10][0;39m [36mc.c.L.service.impl.ArticleServiceImpl   [0;39m [2m:[0;39m page: [1], size: [20]
[2m2022-11-04 15:18:20.882[0;39m [32m INFO[0;39m [35m15596[0;39m [2m---[0;39m [2m[nio-8080-exec-5][0;39m [36mc.c.L.service.impl.ArticleServiceImpl   [0;39m [2m:[0;39m articleId: [4209162439360517]
[2m2022-11-04 15:18:20.882[0;39m [32m INFO[0;39m [35m15596[0;39m [2m---[0;39m [2m[nio-8080-exec-8][0;39m [36mc.c.L.service.impl.CommentServiceImpl   [0;39m [2m:[0;39m articleId: [4209162439360517]
[2m2022-11-04 15:18:22.867[0;39m [32m INFO[0;39m [35m15596[0;39m [2m---[0;39m [2m[nio-8080-exec-7][0;39m [36mc.c.L.service.impl.ArticleServiceImpl   [0;39m [2m:[0;39m page: [1], size: [20]
[2m2022-11-04 15:18:26.299[0;39m [32m INFO[0;39m [35m15596[0;39m [2m---[0;39m [2m[nio-8080-exec-8][0;39m [36mc.c.L.service.impl.ArticleServiceImpl   [0;39m [2m:[0;39m page: [1], size: [20]
[2m2022-11-04 15:18:29.123[0;39m [32m INFO[0;39m [35m15596[0;39m [2m---[0;39m [2m[io-8080-exec-14][0;39m [36mc.c.L.service.impl.ArticleServiceImpl   [0;39m [2m:[0;39m page: [1], size: [20]
[2m2022-11-04 15:18:48.801[0;39m [32m INFO[0;39m [35m15596[0;39m [2m---[0;39m [2m[io-8080-exec-10][0;39m [36mc.c.L.c.SocketEndPointController        [0;39m [2m:[0;39m æ–°è¿žæŽ¥->userId:21,session:org.apache.tomcat.websocket.WsSession@18c4a125
[2m2022-11-04 15:18:48.963[0;39m [32m INFO[0;39m [35m15596[0;39m [2m---[0;39m [2m[nio-8080-exec-4][0;39m [36mc.c.L.service.impl.ArticleServiceImpl   [0;39m [2m:[0;39m page: [1], size: [20]
[2m2022-11-04 15:22:19.817[0;39m [32m INFO[0;39m [35m15596[0;39m [2m---[0;39m [2m[nio-8080-exec-3][0;39m [36mc.c.L.c.SocketEndPointController        [0;39m [2m:[0;39m è¿žæŽ¥å…³é—­->userId: 21
[2m2022-11-04 15:22:19.817[0;39m [32m INFO[0;39m [35m15596[0;39m [2m---[0;39m [2m[nio-8080-exec-2][0;39m [36mc.c.L.c.SocketEndPointController        [0;39m [2m:[0;39m è¿žæŽ¥å…³é—­->userId: 21
[2m2022-11-04 15:22:19.817[0;39m [32m INFO[0;39m [35m15596[0;39m [2m---[0;39m [2m[io-8080-exec-12][0;39m [36mc.c.L.c.SocketEndPointController        [0;39m [2m:[0;39m è¿žæŽ¥å…³é—­->userId: 21
[2m2022-11-04 15:22:22.435[0;39m [32m INFO[0;39m [35m15596[0;39m [2m---[0;39m [2m[nio-8080-exec-9][0;39m [36mc.c.L.c.SocketEndPointController        [0;39m [2m:[0;39m æ–°è¿žæŽ¥->userId:21,session:org.apache.tomcat.websocket.WsSession@43a208e2
[2m2022-11-04 15:22:22.629[0;39m [32m INFO[0;39m [35m15596[0;39m [2m---[0;39m [2m[nio-8080-exec-7][0;39m [36mc.c.L.service.impl.ArticleServiceImpl   [0;39m [2m:[0;39m page: [1], size: [20]
[2m2022-11-04 15:22:27.411[0;39m [32m INFO[0;39m [35m15596[0;39m [2m---[0;39m [2m[nio-8080-exec-6][0;39m [36mc.c.L.service.impl.CommentServiceImpl   [0;39m [2m:[0;39m articleId: [3715653517180932]
[2m2022-11-04 15:22:27.428[0;39m [32m INFO[0;39m [35m15596[0;39m [2m---[0;39m [2m[nio-8080-exec-5][0;39m [36mc.c.L.service.impl.ArticleServiceImpl   [0;39m [2m:[0;39m articleId: [3715653517180932]
[2m2022-11-04 15:37:36.524[0;39m [32m INFO[0;39m [35m15596[0;39m [2m---[0;39m [2m[nio-8080-exec-7][0;39m [36mc.c.L.c.SocketEndPointController        [0;39m [2m:[0;39m è¿žæŽ¥å…³é—­->userId: 21
[2m2022-11-04 15:52:30.801[0;39m [32m INFO[0;39m [35m15596[0;39m [2m---[0;39m [2m[nio-8080-exec-6][0;39m [36mc.c.L.service.impl.UserServiceImpl      [0;39m [2m:[0;39m ç”¨æˆ·åç™»å½•[a]
[2m2022-11-04 15:52:30.825[0;39m [32m INFO[0;39m [35m15596[0;39m [2m---[0;39m [2m[nio-8080-exec-6][0;39m [36mc.c.L.service.impl.UserServiceImpl      [0;39m [2m:[0;39m ç™»é™†æˆåŠŸ:token: 6f01637b-5b34-43fe-8882-8ca3f3d5a946
[2m2022-11-04 15:52:31.849[0;39m [32m INFO[0;39m [35m15596[0;39m [2m---[0;39m [2m[nio-8080-exec-2][0;39m [36mc.c.L.c.SocketEndPointController        [0;39m [2m:[0;39m æ–°è¿žæŽ¥->userId:21,session:org.apache.tomcat.websocket.WsSession@5758365c
[2m2022-11-04 15:52:32.466[0;39m [32m INFO[0;39m [35m15596[0;39m [2m---[0;39m [2m[nio-8080-exec-6][0;39m [36mc.c.L.service.impl.ArticleServiceImpl   [0;39m [2m:[0;39m page: [1], size: [20]
[2m2022-11-04 16:01:26.549[0;39m [32m INFO[0;39m [35m15596[0;39m [2m---[0;39m [2m[io-8080-exec-11][0;39m [36mc.c.L.c.SocketEndPointController        [0;39m [2m:[0;39m è¿žæŽ¥å…³é—­->userId: 21
[2m2022-11-04 16:01:28.863[0;39m [32m INFO[0;39m [35m15596[0;39m [2m---[0;39m [2m[io-8080-exec-12][0;39m [36mc.c.L.c.SocketEndPointController        [0;39m [2m:[0;39m æ–°è¿žæŽ¥->userId:21,session:org.apache.tomcat.websocket.WsSession@3976b41b
[2m2022-11-04 16:02:56.037[0;39m [32m INFO[0;39m [35m15596[0;39m [2m---[0;39m [2m[io-8080-exec-14][0;39m [36mc.c.L.c.SocketEndPointController        [0;39m [2m:[0;39m è¿žæŽ¥å…³é—­->userId: 21
[2m2022-11-04 16:02:57.591[0;39m [32m INFO[0;39m [35m15596[0;39m [2m---[0;39m [2m[io-8080-exec-13][0;39m [36mc.c.L.c.SocketEndPointController        [0;39m [2m:[0;39m æ–°è¿žæŽ¥->userId:21,session:org.apache.tomcat.websocket.WsSession@1ad3c1d
[2m2022-11-04 16:26:35.270[0;39m [32m INFO[0;39m [35m15596[0;39m [2m---[0;39m [2m[io-8080-exec-13][0;39m [36mc.c.L.c.SocketEndPointController        [0;39m [2m:[0;39m è¿žæŽ¥å…³é—­->userId: 21
[2m2022-11-04 16:26:37.620[0;39m [32m INFO[0;39m [35m15596[0;39m [2m---[0;39m [2m[io-8080-exec-12][0;39m [36mc.c.L.c.SocketEndPointController        [0;39m [2m:[0;39m æ–°è¿žæŽ¥->userId:21,session:org.apache.tomcat.websocket.WsSession@4ab46e9b
[2m2022-11-04 16:27:25.979[0;39m [32m INFO[0;39m [35m15596[0;39m [2m---[0;39m [2m[nio-8080-exec-7][0;39m [36mc.c.L.c.SocketEndPointController        [0;39m [2m:[0;39m è¿žæŽ¥å…³é—­->userId: 21
[2m2022-11-04 16:27:28.213[0;39m [32m INFO[0;39m [35m15596[0;39m [2m---[0;39m [2m[nio-8080-exec-6][0;39m [36mc.c.L.c.SocketEndPointController        [0;39m [2m:[0;39m æ–°è¿žæŽ¥->userId:21,session:org.apache.tomcat.websocket.WsSession@49877ad1
[2m2022-11-04 16:28:47.521[0;39m [32m INFO[0;39m [35m15596[0;39m [2m---[0;39m [2m[io-8080-exec-11][0;39m [36mc.c.L.c.SocketEndPointController        [0;39m [2m:[0;39m è¿žæŽ¥å…³é—­->userId: 21
[2m2022-11-04 16:28:49.641[0;39m [32m INFO[0;39m [35m15596[0;39m [2m---[0;39m [2m[nio-8080-exec-8][0;39m [36mc.c.L.c.SocketEndPointController        [0;39m [2m:[0;39m æ–°è¿žæŽ¥->userId:21,session:org.apache.tomcat.websocket.WsSession@3589154a
[2m2022-11-04 16:30:16.947[0;39m [32m INFO[0;39m [35m15596[0;39m [2m---[0;39m [2m[nio-8080-exec-6][0;39m [36mc.c.L.c.SocketEndPointController        [0;39m [2m:[0;39m è¿žæŽ¥å…³é—­->userId: 21
[2m2022-11-04 16:30:19.276[0;39m [32m INFO[0;39m [35m15596[0;39m [2m---[0;39m [2m[io-8080-exec-13][0;39m [36mc.c.L.c.SocketEndPointController        [0;39m [2m:[0;39m æ–°è¿žæŽ¥->userId:21,session:org.apache.tomcat.websocket.WsSession@54a1412f
[2m2022-11-04 16:31:17.137[0;39m [32m INFO[0;39m [35m15596[0;39m [2m---[0;39m [2m[nio-8080-exec-7][0;39m [36mc.c.L.c.SocketEndPointController        [0;39m [2m:[0;39m è¿žæŽ¥å…³é—­->userId: 21
[2m2022-11-04 16:31:19.106[0;39m [32m INFO[0;39m [35m15596[0;39m [2m---[0;39m [2m[nio-8080-exec-6][0;39m [36mc.c.L.c.SocketEndPointController        [0;39m [2m:[0;39m æ–°è¿žæŽ¥->userId:21,session:org.apache.tomcat.websocket.WsSession@6c3cfa2a
[2m2022-11-04 16:32:07.577[0;39m [32m INFO[0;39m [35m15596[0;39m [2m---[0;39m [2m[io-8080-exec-12][0;39m [36mc.c.L.c.SocketEndPointController        [0;39m [2m:[0;39m è¿žæŽ¥å…³é—­->userId: 21
[2m2022-11-04 16:32:09.161[0;39m [32m INFO[0;39m [35m15596[0;39m [2m---[0;39m [2m[nio-8080-exec-5][0;39m [36mc.c.L.c.SocketEndPointController        [0;39m [2m:[0;39m æ–°è¿žæŽ¥->userId:21,session:org.apache.tomcat.websocket.WsSession@2f8e13d4
[2m2022-11-04 16:32:58.860[0;39m [32m INFO[0;39m [35m15596[0;39m [2m---[0;39m [2m[nio-8080-exec-6][0;39m [36mc.c.L.c.SocketEndPointController        [0;39m [2m:[0;39m è¿žæŽ¥å…³é—­->userId: 21
[2m2022-11-04 16:33:00.634[0;39m [32m INFO[0;39m [35m15596[0;39m [2m---[0;39m [2m[io-8080-exec-14][0;39m [36mc.c.L.c.SocketEndPointController        [0;39m [2m:[0;39m æ–°è¿žæŽ¥->userId:21,session:org.apache.tomcat.websocket.WsSession@43e83e6b
[2m2022-11-04 16:37:39.366[0;39m [32m INFO[0;39m [35m15596[0;39m [2m---[0;39m [2m[nio-8080-exec-2][0;39m [36mc.c.L.c.SocketEndPointController        [0;39m [2m:[0;39m è¿žæŽ¥å…³é—­->userId: 21
[2m2022-11-04 16:37:41.565[0;39m [32m INFO[0;39m [35m15596[0;39m [2m---[0;39m [2m[io-8080-exec-12][0;39m [36mc.c.L.c.SocketEndPointController        [0;39m [2m:[0;39m æ–°è¿žæŽ¥->userId:21,session:org.apache.tomcat.websocket.WsSession@3be21be5
[2m2022-11-04 16:40:39.200[0;39m [32m INFO[0;39m [35m15596[0;39m [2m---[0;39m [2m[nio-8080-exec-6][0;39m [36mc.c.L.c.SocketEndPointController        [0;39m [2m:[0;39m è¿žæŽ¥å…³é—­->userId: 21
[2m2022-11-04 16:40:41.690[0;39m [32m INFO[0;39m [35m15596[0;39m [2m---[0;39m [2m[nio-8080-exec-8][0;39m [36mc.c.L.c.SocketEndPointController        [0;39m [2m:[0;39m æ–°è¿žæŽ¥->userId:21,session:org.apache.tomcat.websocket.WsSession@7cb5a5a0
[2m2022-11-04 16:45:15.554[0;39m [32m INFO[0;39m [35m15596[0;39m [2m---[0;39m [2m[nio-8080-exec-8][0;39m [36mc.c.L.c.SocketEndPointController        [0;39m [2m:[0;39m è¿žæŽ¥å…³é—­->userId: 21
[2m2022-11-04 16:45:17.273[0;39m [32m INFO[0;39m [35m15596[0;39m [2m---[0;39m [2m[io-8080-exec-12][0;39m [36mc.c.L.c.SocketEndPointController        [0;39m [2m:[0;39m æ–°è¿žæŽ¥->userId:21,session:org.apache.tomcat.websocket.WsSession@311c904
[2m2022-11-04 16:48:34.959[0;39m [32m INFO[0;39m [35m15596[0;39m [2m---[0;39m [2m[io-8080-exec-11][0;39m [36mc.c.L.c.SocketEndPointController        [0;39m [2m:[0;39m è¿žæŽ¥å…³é—­->userId: 21
[2m2022-11-04 16:48:37.390[0;39m [32m INFO[0;39m [35m15596[0;39m [2m---[0;39m [2m[nio-8080-exec-8][0;39m [36mc.c.L.c.SocketEndPointController        [0;39m [2m:[0;39m æ–°è¿žæŽ¥->userId:21,session:org.apache.tomcat.websocket.WsSession@23f1a380
[2m2022-11-04 16:49:17.410[0;39m [32m INFO[0;39m [35m15596[0;39m [2m---[0;39m [2m[io-8080-exec-13][0;39m [36mc.c.L.c.SocketEndPointController        [0;39m [2m:[0;39m è¿žæŽ¥å…³é—­->userId: 21
[2m2022-11-04 16:49:19.449[0;39m [32m INFO[0;39m [35m15596[0;39m [2m---[0;39m [2m[nio-8080-exec-5][0;39m [36mc.c.L.c.SocketEndPointController        [0;39m [2m:[0;39m æ–°è¿žæŽ¥->userId:21,session:org.apache.tomcat.websocket.WsSession@6be48897
[2m2022-11-04 16:49:55.977[0;39m [32m INFO[0;39m [35m15596[0;39m [2m---[0;39m [2m[io-8080-exec-14][0;39m [36mc.c.L.c.SocketEndPointController        [0;39m [2m:[0;39m è¿žæŽ¥å…³é—­->userId: 21
[2m2022-11-04 16:49:57.852[0;39m [32m INFO[0;39m [35m15596[0;39m [2m---[0;39m [2m[io-8080-exec-12][0;39m [36mc.c.L.c.SocketEndPointController        [0;39m [2m:[0;39m æ–°è¿žæŽ¥->userId:21,session:org.apache.tomcat.websocket.WsSession@61338839
[2m2022-11-04 16:52:19.811[0;39m [32m INFO[0;39m [35m15596[0;39m [2m---[0;39m [2m[io-8080-exec-14][0;39m [36mc.c.L.c.SocketEndPointController        [0;39m [2m:[0;39m è¿žæŽ¥å…³é—­->userId: 21
[2m2022-11-04 16:52:21.954[0;39m [32m INFO[0;39m [35m15596[0;39m [2m---[0;39m [2m[nio-8080-exec-7][0;39m [36mc.c.L.c.SocketEndPointController        [0;39m [2m:[0;39m æ–°è¿žæŽ¥->userId:21,session:org.apache.tomcat.websocket.WsSession@1dc3b1b2
[2m2022-11-04 16:53:50.419[0;39m [32m INFO[0;39m [35m15596[0;39m [2m---[0;39m [2m[nio-8080-exec-8][0;39m [36mc.c.L.c.SocketEndPointController        [0;39m [2m:[0;39m è¿žæŽ¥å…³é—­->userId: 21
[2m2022-11-04 16:53:52.492[0;39m [32m INFO[0;39m [35m15596[0;39m [2m---[0;39m [2m[io-8080-exec-12][0;39m [36mc.c.L.c.SocketEndPointController        [0;39m [2m:[0;39m æ–°è¿žæŽ¥->userId:21,session:org.apache.tomcat.websocket.WsSession@6e848a59
[2m2022-11-04 16:54:44.325[0;39m [32m INFO[0;39m [35m15596[0;39m [2m---[0;39m [2m[io-8080-exec-13][0;39m [36mc.c.L.service.impl.ArticleServiceImpl   [0;39m [2m:[0;39m page: [1], size: [20]
[2m2022-11-04 16:56:52.132[0;39m [32m INFO[0;39m [35m15596[0;39m [2m---[0;39m [2m[io-8080-exec-12][0;39m [36mc.c.L.c.SocketEndPointController        [0;39m [2m:[0;39m è¿žæŽ¥å…³é—­->userId: 21
[2m2022-11-04 20:13:49.797[0;39m [32m INFO[0;39m [35m15596[0;39m [2m---[0;39m [2m[       Thread-4][0;39m [36mo.s.s.concurrent.ThreadPoolTaskExecutor [0;39m [2m:[0;39m Shutting down ExecutorService 'applicationTaskExecutor'
[2m2022-11-04 20:13:50.551[0;39m [32m INFO[0;39m [35m15596[0;39m [2m---[0;39m [2m[  restartedMain][0;39m [36mcom.chen.LeoBlog.Starter                [0;39m [2m:[0;39m Starting Starter using Java 16.0.2 on C-137 with PID 15596 (D:\Javacode\LeoBlog-back\target\classes started by 1 in D:\Javacode\LeoBlog-back)
[2m2022-11-04 20:13:50.551[0;39m [32m INFO[0;39m [35m15596[0;39m [2m---[0;39m [2m[  restartedMain][0;39m [36mcom.chen.LeoBlog.Starter                [0;39m [2m:[0;39m The following profiles are active: dev
[2m2022-11-04 20:13:51.277[0;39m [32m INFO[0;39m [35m15596[0;39m [2m---[0;39m [2m[  restartedMain][0;39m [36m.s.d.r.c.RepositoryConfigurationDelegate[0;39m [2m:[0;39m Multiple Spring Data modules found, entering strict repository configuration mode!
[2m2022-11-04 20:13:51.277[0;39m [32m INFO[0;39m [35m15596[0;39m [2m---[0;39m [2m[  restartedMain][0;39m [36m.s.d.r.c.RepositoryConfigurationDelegate[0;39m [2m:[0;39m Bootstrapping Spring Data Redis repositories in DEFAULT mode.
[2m2022-11-04 20:13:51.314[0;39m [32m INFO[0;39m [35m15596[0;39m [2m---[0;39m [2m[  restartedMain][0;39m [36m.s.d.r.c.RepositoryConfigurationDelegate[0;39m [2m:[0;39m Finished Spring Data repository scanning in 36 ms. Found 0 Redis repository interfaces.
[2m2022-11-04 20:13:51.541[0;39m [32m INFO[0;39m [35m15596[0;39m [2m---[0;39m [2m[  restartedMain][0;39m [36mo.s.b.w.embedded.tomcat.TomcatWebServer [0;39m [2m:[0;39m Tomcat initialized with port(s): 8080 (http)
[2m2022-11-04 20:13:51.544[0;39m [32m INFO[0;39m [35m15596[0;39m [2m---[0;39m [2m[  restartedMain][0;39m [36mo.a.coyote.http11.Http11NioProtocol     [0;39m [2m:[0;39m Initializing ProtocolHandler ["http-nio-8080"]
[2m2022-11-04 20:13:51.544[0;39m [32m INFO[0;39m [35m15596[0;39m [2m---[0;39m [2m[  restartedMain][0;39m [36mo.apache.catalina.core.StandardService  [0;39m [2m:[0;39m Starting service [Tomcat]
[2m2022-11-04 20:13:51.545[0;39m [32m INFO[0;39m [35m15596[0;39m [2m---[0;39m [2m[  restartedMain][0;39m [36morg.apache.catalina.core.StandardEngine [0;39m [2m:[0;39m Starting Servlet engine: [Apache Tomcat/9.0.45]
[2m2022-11-04 20:13:51.653[0;39m [32m INFO[0;39m [35m15596[0;39m [2m---[0;39m [2m[  restartedMain][0;39m [36mo.a.c.c.C.[Tomcat].[localhost].[/]      [0;39m [2m:[0;39m Initializing Spring embedded WebApplicationContext
[2m2022-11-04 20:13:51.653[0;39m [32m INFO[0;39m [35m15596[0;39m [2m---[0;39m [2m[  restartedMain][0;39m [36mw.s.c.ServletWebServerApplicationContext[0;39m [2m:[0;39m Root WebApplicationContext: initialization completed in 1099 ms
[2m2022-11-04 20:13:51.679[0;39m [32m INFO[0;39m [35m15596[0;39m [2m---[0;39m [2m[  restartedMain][0;39m [36mf.a.AutowiredAnnotationBeanPostProcessor[0;39m [2m:[0;39m Autowired annotation is not supported on static fields: private static int com.chen.LeoBlog.constant.BaseConstant.port
[2m2022-11-04 20:13:51.984[0;39m [33m WARN[0;39m [35m15596[0;39m [2m---[0;39m [2m[  restartedMain][0;39m [36mc.b.m.core.metadata.TableInfoHelper     [0;39m [2m:[0;39m Can not find table primary key in Class: "com.chen.LeoBlog.po.SetArticleLabel".
[2m2022-11-04 20:13:52.268[0;39m [32m INFO[0;39m [35m15596[0;39m [2m---[0;39m [2m[  restartedMain][0;39m [36mcom.chen.LeoBlog.config.WebMvcConfig    [0;39m [2m:[0;39m CORSé…ç½®æˆåŠŸ
[2m2022-11-04 20:13:52.312[0;39m [32m INFO[0;39m [35m15596[0;39m [2m---[0;39m [2m[  restartedMain][0;39m [36mpertySourcedRequestMappingHandlerMapping[0;39m [2m:[0;39m Mapped URL path [/v2/api-docs] onto method [springfox.documentation.swagger2.web.Swagger2Controller#getDocumentation(String, HttpServletRequest)]
[2m2022-11-04 20:13:52.344[0;39m [32m INFO[0;39m [35m15596[0;39m [2m---[0;39m [2m[  restartedMain][0;39m [36mo.s.s.concurrent.ThreadPoolTaskExecutor [0;39m [2m:[0;39m Initializing ExecutorService 'applicationTaskExecutor'
[2m2022-11-04 20:13:52.352[0;39m [32m INFO[0;39m [35m15596[0;39m [2m---[0;39m [2m[  restartedMain][0;39m [36mo.s.b.d.a.OptionalLiveReloadServer      [0;39m [2m:[0;39m LiveReload server is running on port 35729
[2m2022-11-04 20:13:52.369[0;39m [32m INFO[0;39m [35m15596[0;39m [2m---[0;39m [2m[  restartedMain][0;39m [36mcom.chen.LeoBlog.config.WebMvcConfig    [0;39m [2m:[0;39m é™æ€èµ„æºæ˜ å°„
[2m2022-11-04 20:13:52.472[0;39m [32m INFO[0;39m [35m15596[0;39m [2m---[0;39m [2m[  restartedMain][0;39m [36mo.a.coyote.http11.Http11NioProtocol     [0;39m [2m:[0;39m Starting ProtocolHandler ["http-nio-8080"]
[2m2022-11-04 20:13:52.477[0;39m [32m INFO[0;39m [35m15596[0;39m [2m---[0;39m [2m[  restartedMain][0;39m [36mo.s.b.w.embedded.tomcat.TomcatWebServer [0;39m [2m:[0;39m Tomcat started on port(s): 8080 (http) with context path ''
[2m2022-11-04 20:13:52.477[0;39m [32m INFO[0;39m [35m15596[0;39m [2m---[0;39m [2m[  restartedMain][0;39m [36md.s.w.p.DocumentationPluginsBootstrapper[0;39m [2m:[0;39m Context refreshed
[2m2022-11-04 20:13:52.478[0;39m [32m INFO[0;39m [35m15596[0;39m [2m---[0;39m [2m[  restartedMain][0;39m [36md.s.w.p.DocumentationPluginsBootstrapper[0;39m [2m:[0;39m Found 1 custom documentation plugin(s)
[2m2022-11-04 20:13:52.487[0;39m [32m INFO[0;39m [35m15596[0;39m [2m---[0;39m [2m[  restartedMain][0;39m [36ms.d.s.w.s.ApiListingReferenceScanner    [0;39m [2m:[0;39m Scanning for api listing references
[2m2022-11-04 20:13:52.672[0;39m [32m INFO[0;39m [35m15596[0;39m [2m---[0;39m [2m[  restartedMain][0;39m [36m.d.s.w.r.o.CachingOperationNameGenerator[0;39m [2m:[0;39m Generating unique operation named: getLabelListUsingGET_1
[2m2022-11-04 20:13:52.743[0;39m [32m INFO[0;39m [35m15596[0;39m [2m---[0;39m [2m[  restartedMain][0;39m [36mcom.chen.LeoBlog.Starter                [0;39m [2m:[0;39m Started Starter in 2.28 seconds (JVM running for 30367.933)
[2m2022-11-04 20:13:52.744[0;39m [32m INFO[0;39m [35m15596[0;39m [2m---[0;39m [2m[  restartedMain][0;39m [36m.ConditionEvaluationDeltaLoggingListener[0;39m [2m:[0;39m Condition evaluation unchanged
[2m2022-11-04 23:28:39.789[0;39m [32m INFO[0;39m [35m15596[0;39m [2m---[0;39m [2m[extShutdownHook][0;39m [36mo.s.s.concurrent.ThreadPoolTaskExecutor [0;39m [2m:[0;39m Shutting down ExecutorService 'applicationTaskExecutor'
