[2m2023-03-12 17:39:53.505[0;39m [31mERROR[0;39m [35m1116[0;39m [2m---[0;39m [2m[  restartedMain][0;39m [36mo.s.boot.SpringApplication              [0;39m [2m:[0;39m Application run failed

org.springframework.beans.factory.BeanCreationException: Error creating bean with name 'sqlSessionFactory' defined in class path resource [com/baomidou/mybatisplus/autoconfigure/MybatisPlusAutoConfiguration.class]: Bean instantiation via factory method failed; nested exception is org.springframework.beans.BeanInstantiationException: Failed to instantiate [org.apache.ibatis.session.SqlSessionFactory]: Factory method 'sqlSessionFactory' threw exception; nested exception is org.springframework.core.NestedIOException: Failed to parse mapping resource: 'file [D:\Javacode\LeoBlog-back\target\classes\mapper\ArticleMapper.xml]'; nested exception is org.apache.ibatis.builder.BuilderException: Error parsing Mapper XML. The XML location is 'file [D:\Javacode\LeoBlog-back\target\classes\mapper\ArticleMapper.xml]'. Cause: org.apache.ibatis.builder.BuilderException: Error resolving class. Cause: org.apache.ibatis.type.TypeException: Could not resolve type alias 'com.chen.LeoBlog.po.Article'.  Cause: java.lang.ClassNotFoundException: Cannot find class: com.chen.LeoBlog.po.Article
	at org.springframework.beans.factory.support.ConstructorResolver.instantiate(ConstructorResolver.java:658)
	at org.springframework.beans.factory.support.ConstructorResolver.instantiateUsingFactoryMethod(ConstructorResolver.java:638)
	at org.springframework.beans.factory.support.AbstractAutowireCapableBeanFactory.instantiateUsingFactoryMethod(AbstractAutowireCapableBeanFactory.java:1334)
	at org.springframework.beans.factory.support.AbstractAutowireCapableBeanFactory.createBeanInstance(AbstractAutowireCapableBeanFactory.java:1177)
	at org.springframework.beans.factory.support.AbstractAutowireCapableBeanFactory.doCreateBean(AbstractAutowireCapableBeanFactory.java:564)
	at org.springframework.beans.factory.support.AbstractAutowireCapableBeanFactory.createBean(AbstractAutowireCapableBeanFactory.java:524)
	at org.springframework.beans.factory.support.AbstractBeanFactory.lambda$doGetBean$0(AbstractBeanFactory.java:335)
	at org.springframework.beans.factory.support.DefaultSingletonBeanRegistry.getSingleton(DefaultSingletonBeanRegistry.java:234)
	at org.springframework.beans.factory.support.AbstractBeanFactory.doGetBean(AbstractBeanFactory.java:333)
	at org.springframework.beans.factory.support.AbstractBeanFactory.getBean(AbstractBeanFactory.java:208)
	at org.springframework.beans.factory.support.DefaultListableBeanFactory.preInstantiateSingletons(DefaultListableBeanFactory.java:944)
	at org.springframework.context.support.AbstractApplicationContext.finishBeanFactoryInitialization(AbstractApplicationContext.java:918)
	at org.springframework.context.support.AbstractApplicationContext.refresh(AbstractApplicationContext.java:583)
	at org.springframework.boot.web.servlet.context.ServletWebServerApplicationContext.refresh(ServletWebServerApplicationContext.java:144)
	at org.springframework.boot.SpringApplication.refresh(SpringApplication.java:782)
	at org.springframework.boot.SpringApplication.refresh(SpringApplication.java:774)
	at org.springframework.boot.SpringApplication.refreshContext(SpringApplication.java:439)
	at org.springframework.boot.SpringApplication.run(SpringApplication.java:339)
	at com.chen.LeoBlog.Starter.main(Starter.java:20)
	at java.base/jdk.internal.reflect.NativeMethodAccessorImpl.invoke0(Native Method)
	at java.base/jdk.internal.reflect.NativeMethodAccessorImpl.invoke(NativeMethodAccessorImpl.java:78)
	at java.base/jdk.internal.reflect.DelegatingMethodAccessorImpl.invoke(DelegatingMethodAccessorImpl.java:43)
	at java.base/java.lang.reflect.Method.invoke(Method.java:567)
	at org.springframework.boot.devtools.restart.RestartLauncher.run(RestartLauncher.java:49)
Caused by: org.springframework.beans.BeanInstantiationException: Failed to instantiate [org.apache.ibatis.session.SqlSessionFactory]: Factory method 'sqlSessionFactory' threw exception; nested exception is org.springframework.core.NestedIOException: Failed to parse mapping resource: 'file [D:\Javacode\LeoBlog-back\target\classes\mapper\ArticleMapper.xml]'; nested exception is org.apache.ibatis.builder.BuilderException: Error parsing Mapper XML. The XML location is 'file [D:\Javacode\LeoBlog-back\target\classes\mapper\ArticleMapper.xml]'. Cause: org.apache.ibatis.builder.BuilderException: Error resolving class. Cause: org.apache.ibatis.type.TypeException: Could not resolve type alias 'com.chen.LeoBlog.po.Article'.  Cause: java.lang.ClassNotFoundException: Cannot find class: com.chen.LeoBlog.po.Article
	at org.springframework.beans.factory.support.SimpleInstantiationStrategy.instantiate(SimpleInstantiationStrategy.java:185)
	at org.springframework.beans.factory.support.ConstructorResolver.instantiate(ConstructorResolver.java:653)
	... 23 common frames omitted
Caused by: org.springframework.core.NestedIOException: Failed to parse mapping resource: 'file [D:\Javacode\LeoBlog-back\target\classes\mapper\ArticleMapper.xml]'; nested exception is org.apache.ibatis.builder.BuilderException: Error parsing Mapper XML. The XML location is 'file [D:\Javacode\LeoBlog-back\target\classes\mapper\ArticleMapper.xml]'. Cause: org.apache.ibatis.builder.BuilderException: Error resolving class. Cause: org.apache.ibatis.type.TypeException: Could not resolve type alias 'com.chen.LeoBlog.po.Article'.  Cause: java.lang.ClassNotFoundException: Cannot find class: com.chen.LeoBlog.po.Article
	at com.baomidou.mybatisplus.extension.spring.MybatisSqlSessionFactoryBean.buildSqlSessionFactory(MybatisSqlSessionFactoryBean.java:595)
	at com.baomidou.mybatisplus.extension.spring.MybatisSqlSessionFactoryBean.afterPropertiesSet(MybatisSqlSessionFactoryBean.java:431)
	at com.baomidou.mybatisplus.extension.spring.MybatisSqlSessionFactoryBean.getObject(MybatisSqlSessionFactoryBean.java:628)
	at com.baomidou.mybatisplus.autoconfigure.MybatisPlusAutoConfiguration.sqlSessionFactory(MybatisPlusAutoConfiguration.java:218)
	at com.baomidou.mybatisplus.autoconfigure.MybatisPlusAutoConfiguration$$EnhancerBySpringCGLIB$$3bec72c8.CGLIB$sqlSessionFactory$2(<generated>)
	at com.baomidou.mybatisplus.autoconfigure.MybatisPlusAutoConfiguration$$EnhancerBySpringCGLIB$$3bec72c8$$FastClassBySpringCGLIB$$fd3f0081.invoke(<generated>)
	at org.springframework.cglib.proxy.MethodProxy.invokeSuper(MethodProxy.java:244)
	at org.springframework.context.annotation.ConfigurationClassEnhancer$BeanMethodInterceptor.intercept(ConfigurationClassEnhancer.java:331)
	at com.baomidou.mybatisplus.autoconfigure.MybatisPlusAutoConfiguration$$EnhancerBySpringCGLIB$$3bec72c8.sqlSessionFactory(<generated>)
	at java.base/jdk.internal.reflect.NativeMethodAccessorImpl.invoke0(Native Method)
	at java.base/jdk.internal.reflect.NativeMethodAccessorImpl.invoke(NativeMethodAccessorImpl.java:78)
	at java.base/jdk.internal.reflect.DelegatingMethodAccessorImpl.invoke(DelegatingMethodAccessorImpl.java:43)
	at java.base/java.lang.reflect.Method.invoke(Method.java:567)
	at org.springframework.beans.factory.support.SimpleInstantiationStrategy.instantiate(SimpleInstantiationStrategy.java:154)
	... 24 common frames omitted
Caused by: org.apache.ibatis.builder.BuilderException: Error parsing Mapper XML. The XML location is 'file [D:\Javacode\LeoBlog-back\target\classes\mapper\ArticleMapper.xml]'. Cause: org.apache.ibatis.builder.BuilderException: Error resolving class. Cause: org.apache.ibatis.type.TypeException: Could not resolve type alias 'com.chen.LeoBlog.po.Article'.  Cause: java.lang.ClassNotFoundException: Cannot find class: com.chen.LeoBlog.po.Article
	at org.apache.ibatis.builder.xml.XMLMapperBuilder.configurationElement(XMLMapperBuilder.java:123)
	at org.apache.ibatis.builder.xml.XMLMapperBuilder.parse(XMLMapperBuilder.java:95)
	at com.baomidou.mybatisplus.extension.spring.MybatisSqlSessionFactoryBean.buildSqlSessionFactory(MybatisSqlSessionFactoryBean.java:593)
	... 37 common frames omitted
Caused by: org.apache.ibatis.builder.BuilderException: Error resolving class. Cause: org.apache.ibatis.type.TypeException: Could not resolve type alias 'com.chen.LeoBlog.po.Article'.  Cause: java.lang.ClassNotFoundException: Cannot find class: com.chen.LeoBlog.po.Article
	at org.apache.ibatis.builder.BaseBuilder.resolveClass(BaseBuilder.java:118)
	at org.apache.ibatis.builder.xml.XMLMapperBuilder.resultMapElement(XMLMapperBuilder.java:263)
	at org.apache.ibatis.builder.xml.XMLMapperBuilder.resultMapElement(XMLMapperBuilder.java:254)
	at org.apache.ibatis.builder.xml.XMLMapperBuilder.resultMapElements(XMLMapperBuilder.java:246)
	at org.apache.ibatis.builder.xml.XMLMapperBuilder.configurationElement(XMLMapperBuilder.java:119)
	... 39 common frames omitted
Caused by: org.apache.ibatis.type.TypeException: Could not resolve type alias 'com.chen.LeoBlog.po.Article'.  Cause: java.lang.ClassNotFoundException: Cannot find class: com.chen.LeoBlog.po.Article
	at org.apache.ibatis.type.TypeAliasRegistry.resolveAlias(TypeAliasRegistry.java:120)
	at org.apache.ibatis.builder.BaseBuilder.resolveAlias(BaseBuilder.java:149)
	at org.apache.ibatis.builder.BaseBuilder.resolveClass(BaseBuilder.java:116)
	... 43 common frames omitted
Caused by: java.lang.ClassNotFoundException: Cannot find class: com.chen.LeoBlog.po.Article
	at org.apache.ibatis.io.ClassLoaderWrapper.classForName(ClassLoaderWrapper.java:196)
	at org.apache.ibatis.io.ClassLoaderWrapper.classForName(ClassLoaderWrapper.java:89)
	at org.apache.ibatis.io.Resources.classForName(Resources.java:261)
	at org.apache.ibatis.type.TypeAliasRegistry.resolveAlias(TypeAliasRegistry.java:116)
	... 45 common frames omitted

[2m2023-03-12 17:43:32.203[0;39m [31mERROR[0;39m [35m19420[0;39m [2m---[0;39m [2m[nio-8080-exec-8][0;39m [36mc.c.L.i.RefreshTTLInterceptor           [0;39m [2m:[0;39m redis查询异常:[user:login:91149ef1-cdd2-4c8e-bcfc-cffe0e083f7d]

org.springframework.data.redis.RedisSystemException: Redis exception; nested exception is io.lettuce.core.RedisException: java.net.SocketException: Connection reset
	at org.springframework.data.redis.connection.lettuce.LettuceExceptionConverter.convert(LettuceExceptionConverter.java:74)
	at org.springframework.data.redis.connection.lettuce.LettuceExceptionConverter.convert(LettuceExceptionConverter.java:41)
	at org.springframework.data.redis.PassThroughExceptionTranslationStrategy.translate(PassThroughExceptionTranslationStrategy.java:44)
	at org.springframework.data.redis.FallbackExceptionTranslationStrategy.translate(FallbackExceptionTranslationStrategy.java:42)
	at org.springframework.data.redis.connection.lettuce.LettuceConnection.convertLettuceAccessException(LettuceConnection.java:274)
	at org.springframework.data.redis.connection.lettuce.LettuceHashCommands.convertLettuceAccessException(LettuceHashCommands.java:472)
	at org.springframework.data.redis.connection.lettuce.LettuceHashCommands.hGet(LettuceHashCommands.java:173)
	at org.springframework.data.redis.connection.DefaultedRedisConnection.hGet(DefaultedRedisConnection.java:1138)
	at org.springframework.data.redis.connection.DefaultStringRedisConnection.hGet(DefaultStringRedisConnection.java:487)
	at org.springframework.data.redis.core.DefaultHashOperations.lambda$get$0(DefaultHashOperations.java:53)
	at org.springframework.data.redis.core.RedisTemplate.execute(RedisTemplate.java:222)
	at org.springframework.data.redis.core.RedisTemplate.execute(RedisTemplate.java:189)
	at org.springframework.data.redis.core.AbstractOperations.execute(AbstractOperations.java:96)
	at org.springframework.data.redis.core.DefaultHashOperations.get(DefaultHashOperations.java:53)
	at com.chen.LeoBlog.interceptors.RefreshTTLInterceptor.preHandle(RefreshTTLInterceptor.java:39)
	at org.springframework.web.servlet.HandlerExecutionChain.applyPreHandle(HandlerExecutionChain.java:148)
	at org.springframework.web.servlet.DispatcherServlet.doDispatch(DispatcherServlet.java:1055)
	at org.springframework.web.servlet.DispatcherServlet.doService(DispatcherServlet.java:962)
	at org.springframework.web.servlet.FrameworkServlet.processRequest(FrameworkServlet.java:1006)
	at org.springframework.web.servlet.FrameworkServlet.doGet(FrameworkServlet.java:898)
	at javax.servlet.http.HttpServlet.service(HttpServlet.java:626)
	at org.springframework.web.servlet.FrameworkServlet.service(FrameworkServlet.java:883)
	at javax.servlet.http.HttpServlet.service(HttpServlet.java:733)
	at org.apache.catalina.core.ApplicationFilterChain.internalDoFilter(ApplicationFilterChain.java:227)
	at org.apache.catalina.core.ApplicationFilterChain.doFilter(ApplicationFilterChain.java:162)
	at org.apache.tomcat.websocket.server.WsFilter.doFilter(WsFilter.java:53)
	at org.apache.catalina.core.ApplicationFilterChain.internalDoFilter(ApplicationFilterChain.java:189)
	at org.apache.catalina.core.ApplicationFilterChain.doFilter(ApplicationFilterChain.java:162)
	at org.springframework.web.filter.OncePerRequestFilter.doFilter(OncePerRequestFilter.java:113)
	at org.apache.catalina.core.ApplicationFilterChain.internalDoFilter(ApplicationFilterChain.java:189)
	at org.apache.catalina.core.ApplicationFilterChain.doFilter(ApplicationFilterChain.java:162)
	at org.springframework.web.filter.OncePerRequestFilter.doFilter(OncePerRequestFilter.java:103)
	at org.apache.catalina.core.ApplicationFilterChain.internalDoFilter(ApplicationFilterChain.java:189)
	at org.apache.catalina.core.ApplicationFilterChain.doFilter(ApplicationFilterChain.java:162)
	at org.springframework.web.filter.OncePerRequestFilter.doFilter(OncePerRequestFilter.java:103)
	at org.apache.catalina.core.ApplicationFilterChain.internalDoFilter(ApplicationFilterChain.java:189)
	at org.apache.catalina.core.ApplicationFilterChain.doFilter(ApplicationFilterChain.java:162)
	at org.apache.catalina.core.ApplicationDispatcher.invoke(ApplicationDispatcher.java:710)
	at org.apache.catalina.core.ApplicationDispatcher.processRequest(ApplicationDispatcher.java:457)
	at org.apache.catalina.core.ApplicationDispatcher.doForward(ApplicationDispatcher.java:384)
	at org.apache.catalina.core.ApplicationDispatcher.forward(ApplicationDispatcher.java:312)
	at org.springframework.web.servlet.view.InternalResourceView.renderMergedOutputModel(InternalResourceView.java:171)
	at org.springframework.web.servlet.view.AbstractView.render(AbstractView.java:316)
	at org.springframework.web.servlet.DispatcherServlet.render(DispatcherServlet.java:1393)
	at org.springframework.web.servlet.DispatcherServlet.processDispatchResult(DispatcherServlet.java:1138)
	at org.springframework.web.servlet.DispatcherServlet.doDispatch(DispatcherServlet.java:1077)
	at org.springframework.web.servlet.DispatcherServlet.doService(DispatcherServlet.java:962)
	at org.springframework.web.servlet.FrameworkServlet.processRequest(FrameworkServlet.java:1006)
	at org.springframework.web.servlet.FrameworkServlet.doGet(FrameworkServlet.java:898)
	at javax.servlet.http.HttpServlet.service(HttpServlet.java:626)
	at org.springframework.web.servlet.FrameworkServlet.service(FrameworkServlet.java:883)
	at javax.servlet.http.HttpServlet.service(HttpServlet.java:733)
	at org.apache.catalina.core.ApplicationFilterChain.internalDoFilter(ApplicationFilterChain.java:227)
	at org.apache.catalina.core.ApplicationFilterChain.doFilter(ApplicationFilterChain.java:162)
	at org.apache.tomcat.websocket.server.WsFilter.doFilter(WsFilter.java:53)
	at org.apache.catalina.core.ApplicationFilterChain.internalDoFilter(ApplicationFilterChain.java:189)
	at org.apache.catalina.core.ApplicationFilterChain.doFilter(ApplicationFilterChain.java:162)
	at org.springframework.web.filter.RequestContextFilter.doFilterInternal(RequestContextFilter.java:100)
	at org.springframework.web.filter.OncePerRequestFilter.doFilter(OncePerRequestFilter.java:119)
	at org.apache.catalina.core.ApplicationFilterChain.internalDoFilter(ApplicationFilterChain.java:189)
	at org.apache.catalina.core.ApplicationFilterChain.doFilter(ApplicationFilterChain.java:162)
	at org.springframework.web.filter.FormContentFilter.doFilterInternal(FormContentFilter.java:93)
	at org.springframework.web.filter.OncePerRequestFilter.doFilter(OncePerRequestFilter.java:119)
	at org.apache.catalina.core.ApplicationFilterChain.internalDoFilter(ApplicationFilterChain.java:189)
	at org.apache.catalina.core.ApplicationFilterChain.doFilter(ApplicationFilterChain.java:162)
	at org.springframework.web.filter.CharacterEncodingFilter.doFilterInternal(CharacterEncodingFilter.java:201)
	at org.springframework.web.filter.OncePerRequestFilter.doFilter(OncePerRequestFilter.java:119)
	at org.apache.catalina.core.ApplicationFilterChain.internalDoFilter(ApplicationFilterChain.java:189)
	at org.apache.catalina.core.ApplicationFilterChain.doFilter(ApplicationFilterChain.java:162)
	at org.apache.catalina.core.StandardWrapperValve.invoke(StandardWrapperValve.java:202)
	at org.apache.catalina.core.StandardContextValve.invoke(StandardContextValve.java:97)
	at org.apache.catalina.authenticator.AuthenticatorBase.invoke(AuthenticatorBase.java:542)
	at org.apache.catalina.core.StandardHostValve.invoke(StandardHostValve.java:143)
	at org.apache.catalina.valves.ErrorReportValve.invoke(ErrorReportValve.java:92)
	at org.apache.catalina.core.StandardEngineValve.invoke(StandardEngineValve.java:78)
	at org.apache.catalina.connector.CoyoteAdapter.service(CoyoteAdapter.java:357)
	at org.apache.coyote.http11.Http11Processor.service(Http11Processor.java:374)
	at org.apache.coyote.AbstractProcessorLight.process(AbstractProcessorLight.java:65)
	at org.apache.coyote.AbstractProtocol$ConnectionHandler.process(AbstractProtocol.java:893)
	at org.apache.tomcat.util.net.NioEndpoint$SocketProcessor.doRun(NioEndpoint.java:1707)
	at org.apache.tomcat.util.net.SocketProcessorBase.run(SocketProcessorBase.java:49)
	at java.base/java.util.concurrent.ThreadPoolExecutor.runWorker(ThreadPoolExecutor.java:1130)
	at java.base/java.util.concurrent.ThreadPoolExecutor$Worker.run(ThreadPoolExecutor.java:630)
	at org.apache.tomcat.util.threads.TaskThread$WrappingRunnable.run(TaskThread.java:61)
	at java.base/java.lang.Thread.run(Thread.java:831)
Caused by: io.lettuce.core.RedisException: java.net.SocketException: Connection reset
	at io.lettuce.core.internal.Exceptions.bubble(Exceptions.java:83)
	at io.lettuce.core.internal.Futures.awaitOrCancel(Futures.java:250)
	at io.lettuce.core.FutureSyncInvocationHandler.handleInvocation(FutureSyncInvocationHandler.java:75)
	at io.lettuce.core.internal.AbstractInvocationHandler.invoke(AbstractInvocationHandler.java:80)
	at jdk.proxy2/jdk.proxy2.$Proxy128.hget(Unknown Source)
	at org.springframework.data.redis.connection.lettuce.LettuceHashCommands.hGet(LettuceHashCommands.java:171)
	... 78 common frames omitted
Caused by: java.net.SocketException: Connection reset
	at java.base/sun.nio.ch.SocketChannelImpl.throwConnectionReset(SocketChannelImpl.java:394)
	at java.base/sun.nio.ch.SocketChannelImpl.read(SocketChannelImpl.java:426)
	at io.netty.buffer.PooledByteBuf.setBytes(PooledByteBuf.java:253)
	at io.netty.buffer.AbstractByteBuf.writeBytes(AbstractByteBuf.java:1132)
	at io.netty.channel.socket.nio.NioSocketChannel.doReadBytes(NioSocketChannel.java:350)
	at io.netty.channel.nio.AbstractNioByteChannel$NioByteUnsafe.read(AbstractNioByteChannel.java:151)
	at io.netty.channel.nio.NioEventLoop.processSelectedKey(NioEventLoop.java:719)
	at io.netty.channel.nio.NioEventLoop.processSelectedKeysOptimized(NioEventLoop.java:655)
	at io.netty.channel.nio.NioEventLoop.processSelectedKeys(NioEventLoop.java:581)
	at io.netty.channel.nio.NioEventLoop.run(NioEventLoop.java:493)
	at io.netty.util.concurrent.SingleThreadEventExecutor$4.run(SingleThreadEventExecutor.java:989)
	at io.netty.util.internal.ThreadExecutorMap$2.run(ThreadExecutorMap.java:74)
	at io.netty.util.concurrent.FastThreadLocalRunnable.run(FastThreadLocalRunnable.java:30)
	... 1 common frames omitted

[2m2023-03-12 17:44:21.486[0;39m [31mERROR[0;39m [35m19420[0;39m [2m---[0;39m [2m[  restartedMain][0;39m [36mo.s.boot.SpringApplication              [0;39m [2m:[0;39m Application run failed

org.springframework.beans.factory.BeanCreationException: Error creating bean with name 'codeSender': Injection of resource dependencies failed; nested exception is org.springframework.beans.factory.BeanNotOfRequiredTypeException: Bean named 'redisTemplate' is expected to be of type 'org.springframework.data.redis.core.StringRedisTemplate' but was actually of type 'org.springframework.data.redis.core.RedisTemplate'
	at org.springframework.context.annotation.CommonAnnotationBeanPostProcessor.postProcessProperties(CommonAnnotationBeanPostProcessor.java:321)
	at org.springframework.beans.factory.support.AbstractAutowireCapableBeanFactory.populateBean(AbstractAutowireCapableBeanFactory.java:1413)
	at org.springframework.beans.factory.support.AbstractAutowireCapableBeanFactory.doCreateBean(AbstractAutowireCapableBeanFactory.java:601)
	at org.springframework.beans.factory.support.AbstractAutowireCapableBeanFactory.createBean(AbstractAutowireCapableBeanFactory.java:524)
	at org.springframework.beans.factory.support.AbstractBeanFactory.lambda$doGetBean$0(AbstractBeanFactory.java:335)
	at org.springframework.beans.factory.support.DefaultSingletonBeanRegistry.getSingleton(DefaultSingletonBeanRegistry.java:234)
	at org.springframework.beans.factory.support.AbstractBeanFactory.doGetBean(AbstractBeanFactory.java:333)
	at org.springframework.beans.factory.support.AbstractBeanFactory.getBean(AbstractBeanFactory.java:208)
	at org.springframework.beans.factory.support.DefaultListableBeanFactory.preInstantiateSingletons(DefaultListableBeanFactory.java:944)
	at org.springframework.context.support.AbstractApplicationContext.finishBeanFactoryInitialization(AbstractApplicationContext.java:918)
	at org.springframework.context.support.AbstractApplicationContext.refresh(AbstractApplicationContext.java:583)
	at org.springframework.boot.web.servlet.context.ServletWebServerApplicationContext.refresh(ServletWebServerApplicationContext.java:144)
	at org.springframework.boot.SpringApplication.refresh(SpringApplication.java:782)
	at org.springframework.boot.SpringApplication.refresh(SpringApplication.java:774)
	at org.springframework.boot.SpringApplication.refreshContext(SpringApplication.java:439)
	at org.springframework.boot.SpringApplication.run(SpringApplication.java:339)
	at com.chen.LeoBlog.Starter.main(Starter.java:20)
	at java.base/jdk.internal.reflect.NativeMethodAccessorImpl.invoke0(Native Method)
	at java.base/jdk.internal.reflect.NativeMethodAccessorImpl.invoke(NativeMethodAccessorImpl.java:78)
	at java.base/jdk.internal.reflect.DelegatingMethodAccessorImpl.invoke(DelegatingMethodAccessorImpl.java:43)
	at java.base/java.lang.reflect.Method.invoke(Method.java:567)
	at org.springframework.boot.devtools.restart.RestartLauncher.run(RestartLauncher.java:49)
Caused by: org.springframework.beans.factory.BeanNotOfRequiredTypeException: Bean named 'redisTemplate' is expected to be of type 'org.springframework.data.redis.core.StringRedisTemplate' but was actually of type 'org.springframework.data.redis.core.RedisTemplate'
	at org.springframework.beans.factory.support.AbstractBeanFactory.adaptBeanInstance(AbstractBeanFactory.java:417)
	at org.springframework.beans.factory.support.AbstractBeanFactory.doGetBean(AbstractBeanFactory.java:398)
	at org.springframework.beans.factory.support.AbstractBeanFactory.getBean(AbstractBeanFactory.java:213)
	at org.springframework.beans.factory.support.AbstractAutowireCapableBeanFactory.resolveBeanByName(AbstractAutowireCapableBeanFactory.java:461)
	at org.springframework.context.annotation.CommonAnnotationBeanPostProcessor.autowireResource(CommonAnnotationBeanPostProcessor.java:527)
	at org.springframework.context.annotation.CommonAnnotationBeanPostProcessor.getResource(CommonAnnotationBeanPostProcessor.java:497)
	at org.springframework.context.annotation.CommonAnnotationBeanPostProcessor$ResourceElement.getResourceToInject(CommonAnnotationBeanPostProcessor.java:650)
	at org.springframework.beans.factory.annotation.InjectionMetadata$InjectedElement.inject(InjectionMetadata.java:228)
	at org.springframework.beans.factory.annotation.InjectionMetadata.inject(InjectionMetadata.java:119)
	at org.springframework.context.annotation.CommonAnnotationBeanPostProcessor.postProcessProperties(CommonAnnotationBeanPostProcessor.java:318)
	... 21 common frames omitted

[2m2023-03-12 18:26:12.546[0;39m [31mERROR[0;39m [35m2204[0;39m [2m---[0;39m [2m[nio-8080-exec-6][0;39m [36mc.c.L.interceptors.NoLoginInterceptor   [0;39m [2m:[0;39m token为空
[2m2023-03-12 18:26:12.548[0;39m [31mERROR[0;39m [35m2204[0;39m [2m---[0;39m [2m[io-8080-exec-10][0;39m [36mc.c.L.interceptors.NoLoginInterceptor   [0;39m [2m:[0;39m token为空
[2m2023-03-12 18:26:13.146[0;39m [31mERROR[0;39m [35m2204[0;39m [2m---[0;39m [2m[nio-8080-exec-6][0;39m [36mc.c.L.interceptors.NoLoginInterceptor   [0;39m [2m:[0;39m token为空
[2m2023-03-12 18:26:13.345[0;39m [31mERROR[0;39m [35m2204[0;39m [2m---[0;39m [2m[nio-8080-exec-5][0;39m [36mc.c.L.interceptors.NoLoginInterceptor   [0;39m [2m:[0;39m token为空
[2m2023-03-12 18:26:13.388[0;39m [31mERROR[0;39m [35m2204[0;39m [2m---[0;39m [2m[nio-8080-exec-8][0;39m [36mc.c.L.interceptors.NoLoginInterceptor   [0;39m [2m:[0;39m token为空
[2m2023-03-12 18:26:13.391[0;39m [31mERROR[0;39m [35m2204[0;39m [2m---[0;39m [2m[nio-8080-exec-3][0;39m [36mc.c.L.interceptors.NoLoginInterceptor   [0;39m [2m:[0;39m token为空
[2m2023-03-12 18:26:13.402[0;39m [31mERROR[0;39m [35m2204[0;39m [2m---[0;39m [2m[nio-8080-exec-6][0;39m [36mc.c.L.interceptors.NoLoginInterceptor   [0;39m [2m:[0;39m token为空
[2m2023-03-12 18:26:13.405[0;39m [31mERROR[0;39m [35m2204[0;39m [2m---[0;39m [2m[nio-8080-exec-4][0;39m [36mc.c.L.interceptors.NoLoginInterceptor   [0;39m [2m:[0;39m token为空
[2m2023-03-12 18:26:13.455[0;39m [31mERROR[0;39m [35m2204[0;39m [2m---[0;39m [2m[nio-8080-exec-9][0;39m [36mc.c.L.interceptors.NoLoginInterceptor   [0;39m [2m:[0;39m token为空
[2m2023-03-12 18:26:13.458[0;39m [31mERROR[0;39m [35m2204[0;39m [2m---[0;39m [2m[io-8080-exec-10][0;39m [36mc.c.L.interceptors.NoLoginInterceptor   [0;39m [2m:[0;39m token为空
[2m2023-03-12 18:26:13.469[0;39m [31mERROR[0;39m [35m2204[0;39m [2m---[0;39m [2m[nio-8080-exec-5][0;39m [36mc.c.L.interceptors.NoLoginInterceptor   [0;39m [2m:[0;39m token为空
[2m2023-03-12 18:26:13.472[0;39m [31mERROR[0;39m [35m2204[0;39m [2m---[0;39m [2m[nio-8080-exec-2][0;39m [36mc.c.L.interceptors.NoLoginInterceptor   [0;39m [2m:[0;39m token为空
[2m2023-03-12 18:26:13.526[0;39m [31mERROR[0;39m [35m2204[0;39m [2m---[0;39m [2m[nio-8080-exec-3][0;39m [36mc.c.L.interceptors.NoLoginInterceptor   [0;39m [2m:[0;39m token为空
[2m2023-03-12 18:26:13.529[0;39m [31mERROR[0;39m [35m2204[0;39m [2m---[0;39m [2m[nio-8080-exec-6][0;39m [36mc.c.L.interceptors.NoLoginInterceptor   [0;39m [2m:[0;39m token为空
[2m2023-03-12 18:26:13.536[0;39m [31mERROR[0;39m [35m2204[0;39m [2m---[0;39m [2m[nio-8080-exec-4][0;39m [36mc.c.L.interceptors.NoLoginInterceptor   [0;39m [2m:[0;39m token为空
[2m2023-03-12 18:26:13.539[0;39m [31mERROR[0;39m [35m2204[0;39m [2m---[0;39m [2m[nio-8080-exec-1][0;39m [36mc.c.L.interceptors.NoLoginInterceptor   [0;39m [2m:[0;39m token为空
[2m2023-03-12 18:26:13.552[0;39m [31mERROR[0;39m [35m2204[0;39m [2m---[0;39m [2m[nio-8080-exec-9][0;39m [36mc.c.L.interceptors.NoLoginInterceptor   [0;39m [2m:[0;39m token为空
[2m2023-03-12 18:26:13.554[0;39m [31mERROR[0;39m [35m2204[0;39m [2m---[0;39m [2m[io-8080-exec-10][0;39m [36mc.c.L.interceptors.NoLoginInterceptor   [0;39m [2m:[0;39m token为空
[2m2023-03-12 18:26:13.569[0;39m [31mERROR[0;39m [35m2204[0;39m [2m---[0;39m [2m[nio-8080-exec-5][0;39m [36mc.c.L.interceptors.NoLoginInterceptor   [0;39m [2m:[0;39m token为空
[2m2023-03-12 18:26:13.572[0;39m [31mERROR[0;39m [35m2204[0;39m [2m---[0;39m [2m[nio-8080-exec-2][0;39m [36mc.c.L.interceptors.NoLoginInterceptor   [0;39m [2m:[0;39m token为空
[2m2023-03-12 18:26:13.590[0;39m [31mERROR[0;39m [35m2204[0;39m [2m---[0;39m [2m[nio-8080-exec-7][0;39m [36mc.c.L.interceptors.NoLoginInterceptor   [0;39m [2m:[0;39m token为空
[2m2023-03-12 18:26:13.592[0;39m [31mERROR[0;39m [35m2204[0;39m [2m---[0;39m [2m[nio-8080-exec-3][0;39m [36mc.c.L.interceptors.NoLoginInterceptor   [0;39m [2m:[0;39m token为空
[2m2023-03-12 18:26:13.599[0;39m [31mERROR[0;39m [35m2204[0;39m [2m---[0;39m [2m[nio-8080-exec-6][0;39m [36mc.c.L.interceptors.NoLoginInterceptor   [0;39m [2m:[0;39m token为空
[2m2023-03-12 18:26:13.602[0;39m [31mERROR[0;39m [35m2204[0;39m [2m---[0;39m [2m[nio-8080-exec-4][0;39m [36mc.c.L.interceptors.NoLoginInterceptor   [0;39m [2m:[0;39m token为空
[2m2023-03-12 18:26:13.611[0;39m [31mERROR[0;39m [35m2204[0;39m [2m---[0;39m [2m[nio-8080-exec-1][0;39m [36mc.c.L.interceptors.NoLoginInterceptor   [0;39m [2m:[0;39m token为空
[2m2023-03-12 18:26:13.618[0;39m [31mERROR[0;39m [35m2204[0;39m [2m---[0;39m [2m[nio-8080-exec-8][0;39m [36mc.c.L.interceptors.NoLoginInterceptor   [0;39m [2m:[0;39m token为空
[2m2023-03-12 18:26:13.622[0;39m [31mERROR[0;39m [35m2204[0;39m [2m---[0;39m [2m[nio-8080-exec-9][0;39m [36mc.c.L.interceptors.NoLoginInterceptor   [0;39m [2m:[0;39m token为空
[2m2023-03-12 18:26:13.634[0;39m [31mERROR[0;39m [35m2204[0;39m [2m---[0;39m [2m[io-8080-exec-10][0;39m [36mc.c.L.interceptors.NoLoginInterceptor   [0;39m [2m:[0;39m token为空
[2m2023-03-12 18:26:13.637[0;39m [31mERROR[0;39m [35m2204[0;39m [2m---[0;39m [2m[nio-8080-exec-5][0;39m [36mc.c.L.interceptors.NoLoginInterceptor   [0;39m [2m:[0;39m token为空
[2m2023-03-12 18:26:13.643[0;39m [31mERROR[0;39m [35m2204[0;39m [2m---[0;39m [2m[nio-8080-exec-2][0;39m [36mc.c.L.interceptors.NoLoginInterceptor   [0;39m [2m:[0;39m token为空
[2m2023-03-12 18:26:13.650[0;39m [31mERROR[0;39m [35m2204[0;39m [2m---[0;39m [2m[nio-8080-exec-7][0;39m [36mc.c.L.interceptors.NoLoginInterceptor   [0;39m [2m:[0;39m token为空
[2m2023-03-12 18:26:13.653[0;39m [31mERROR[0;39m [35m2204[0;39m [2m---[0;39m [2m[nio-8080-exec-3][0;39m [36mc.c.L.interceptors.NoLoginInterceptor   [0;39m [2m:[0;39m token为空
[2m2023-03-12 18:26:13.660[0;39m [31mERROR[0;39m [35m2204[0;39m [2m---[0;39m [2m[nio-8080-exec-6][0;39m [36mc.c.L.interceptors.NoLoginInterceptor   [0;39m [2m:[0;39m token为空
[2m2023-03-12 18:26:13.667[0;39m [31mERROR[0;39m [35m2204[0;39m [2m---[0;39m [2m[nio-8080-exec-4][0;39m [36mc.c.L.interceptors.NoLoginInterceptor   [0;39m [2m:[0;39m token为空
[2m2023-03-12 18:26:13.670[0;39m [31mERROR[0;39m [35m2204[0;39m [2m---[0;39m [2m[nio-8080-exec-1][0;39m [36mc.c.L.interceptors.NoLoginInterceptor   [0;39m [2m:[0;39m token为空
[2m2023-03-12 18:26:13.678[0;39m [31mERROR[0;39m [35m2204[0;39m [2m---[0;39m [2m[nio-8080-exec-8][0;39m [36mc.c.L.interceptors.NoLoginInterceptor   [0;39m [2m:[0;39m token为空
[2m2023-03-12 18:26:13.683[0;39m [31mERROR[0;39m [35m2204[0;39m [2m---[0;39m [2m[nio-8080-exec-9][0;39m [36mc.c.L.interceptors.NoLoginInterceptor   [0;39m [2m:[0;39m token为空
[2m2023-03-12 18:26:13.686[0;39m [31mERROR[0;39m [35m2204[0;39m [2m---[0;39m [2m[io-8080-exec-10][0;39m [36mc.c.L.interceptors.NoLoginInterceptor   [0;39m [2m:[0;39m token为空
[2m2023-03-12 18:26:13.693[0;39m [31mERROR[0;39m [35m2204[0;39m [2m---[0;39m [2m[nio-8080-exec-5][0;39m [36mc.c.L.interceptors.NoLoginInterceptor   [0;39m [2m:[0;39m token为空
[2m2023-03-12 18:26:13.700[0;39m [31mERROR[0;39m [35m2204[0;39m [2m---[0;39m [2m[nio-8080-exec-2][0;39m [36mc.c.L.interceptors.NoLoginInterceptor   [0;39m [2m:[0;39m token为空
[2m2023-03-12 18:26:13.702[0;39m [31mERROR[0;39m [35m2204[0;39m [2m---[0;39m [2m[nio-8080-exec-7][0;39m [36mc.c.L.interceptors.NoLoginInterceptor   [0;39m [2m:[0;39m token为空
[2m2023-03-12 18:26:13.709[0;39m [31mERROR[0;39m [35m2204[0;39m [2m---[0;39m [2m[nio-8080-exec-3][0;39m [36mc.c.L.interceptors.NoLoginInterceptor   [0;39m [2m:[0;39m token为空
[2m2023-03-12 18:30:11.138[0;39m [31mERROR[0;39m [35m15452[0;39m [2m---[0;39m [2m[nio-8080-exec-8][0;39m [36mc.c.L.interceptors.NoLoginInterceptor   [0;39m [2m:[0;39m token为空
[2m2023-03-12 18:30:11.163[0;39m [31mERROR[0;39m [35m15452[0;39m [2m---[0;39m [2m[nio-8080-exec-8][0;39m [36mc.c.L.interceptors.NoLoginInterceptor   [0;39m [2m:[0;39m redis中没有用户信息:[user:login:null]
[2m2023-03-12 18:30:11.164[0;39m [31mERROR[0;39m [35m15452[0;39m [2m---[0;39m [2m[io-8080-exec-10][0;39m [36mc.c.L.interceptors.NoLoginInterceptor   [0;39m [2m:[0;39m token为空
[2m2023-03-12 18:30:11.180[0;39m [31mERROR[0;39m [35m15452[0;39m [2m---[0;39m [2m[io-8080-exec-10][0;39m [36mc.c.L.interceptors.NoLoginInterceptor   [0;39m [2m:[0;39m redis中没有用户信息:[user:login:null]
[2m2023-03-12 18:30:11.848[0;39m [31mERROR[0;39m [35m15452[0;39m [2m---[0;39m [2m[nio-8080-exec-6][0;39m [36mc.c.L.interceptors.NoLoginInterceptor   [0;39m [2m:[0;39m token为空
[2m2023-03-12 18:30:11.864[0;39m [31mERROR[0;39m [35m15452[0;39m [2m---[0;39m [2m[nio-8080-exec-6][0;39m [36mc.c.L.interceptors.NoLoginInterceptor   [0;39m [2m:[0;39m redis中没有用户信息:[user:login:null]
[2m2023-03-12 18:30:11.868[0;39m [31mERROR[0;39m [35m15452[0;39m [2m---[0;39m [2m[nio-8080-exec-5][0;39m [36mc.c.L.interceptors.NoLoginInterceptor   [0;39m [2m:[0;39m token为空
[2m2023-03-12 18:30:11.887[0;39m [31mERROR[0;39m [35m15452[0;39m [2m---[0;39m [2m[nio-8080-exec-5][0;39m [36mc.c.L.interceptors.NoLoginInterceptor   [0;39m [2m:[0;39m redis中没有用户信息:[user:login:null]
[2m2023-03-12 18:30:11.890[0;39m [31mERROR[0;39m [35m15452[0;39m [2m---[0;39m [2m[nio-8080-exec-3][0;39m [36mc.c.L.interceptors.NoLoginInterceptor   [0;39m [2m:[0;39m token为空
[2m2023-03-12 18:30:11.907[0;39m [31mERROR[0;39m [35m15452[0;39m [2m---[0;39m [2m[nio-8080-exec-3][0;39m [36mc.c.L.interceptors.NoLoginInterceptor   [0;39m [2m:[0;39m redis中没有用户信息:[user:login:null]
[2m2023-03-12 18:30:11.910[0;39m [31mERROR[0;39m [35m15452[0;39m [2m---[0;39m [2m[nio-8080-exec-1][0;39m [36mc.c.L.interceptors.NoLoginInterceptor   [0;39m [2m:[0;39m token为空
[2m2023-03-12 18:30:11.929[0;39m [31mERROR[0;39m [35m15452[0;39m [2m---[0;39m [2m[nio-8080-exec-1][0;39m [36mc.c.L.interceptors.NoLoginInterceptor   [0;39m [2m:[0;39m redis中没有用户信息:[user:login:null]
[2m2023-03-12 18:30:11.932[0;39m [31mERROR[0;39m [35m15452[0;39m [2m---[0;39m [2m[nio-8080-exec-7][0;39m [36mc.c.L.interceptors.NoLoginInterceptor   [0;39m [2m:[0;39m token为空
[2m2023-03-12 18:30:11.949[0;39m [31mERROR[0;39m [35m15452[0;39m [2m---[0;39m [2m[nio-8080-exec-7][0;39m [36mc.c.L.interceptors.NoLoginInterceptor   [0;39m [2m:[0;39m redis中没有用户信息:[user:login:null]
[2m2023-03-12 18:30:11.953[0;39m [31mERROR[0;39m [35m15452[0;39m [2m---[0;39m [2m[nio-8080-exec-8][0;39m [36mc.c.L.interceptors.NoLoginInterceptor   [0;39m [2m:[0;39m token为空
[2m2023-03-12 18:30:11.970[0;39m [31mERROR[0;39m [35m15452[0;39m [2m---[0;39m [2m[nio-8080-exec-8][0;39m [36mc.c.L.interceptors.NoLoginInterceptor   [0;39m [2m:[0;39m redis中没有用户信息:[user:login:null]
[2m2023-03-12 18:30:11.973[0;39m [31mERROR[0;39m [35m15452[0;39m [2m---[0;39m [2m[io-8080-exec-10][0;39m [36mc.c.L.interceptors.NoLoginInterceptor   [0;39m [2m:[0;39m token为空
[2m2023-03-12 18:30:11.993[0;39m [31mERROR[0;39m [35m15452[0;39m [2m---[0;39m [2m[io-8080-exec-10][0;39m [36mc.c.L.interceptors.NoLoginInterceptor   [0;39m [2m:[0;39m redis中没有用户信息:[user:login:null]
[2m2023-03-12 18:30:11.997[0;39m [31mERROR[0;39m [35m15452[0;39m [2m---[0;39m [2m[nio-8080-exec-2][0;39m [36mc.c.L.interceptors.NoLoginInterceptor   [0;39m [2m:[0;39m token为空
[2m2023-03-12 18:30:12.016[0;39m [31mERROR[0;39m [35m15452[0;39m [2m---[0;39m [2m[nio-8080-exec-2][0;39m [36mc.c.L.interceptors.NoLoginInterceptor   [0;39m [2m:[0;39m redis中没有用户信息:[user:login:null]
[2m2023-03-12 18:30:12.019[0;39m [31mERROR[0;39m [35m15452[0;39m [2m---[0;39m [2m[nio-8080-exec-9][0;39m [36mc.c.L.interceptors.NoLoginInterceptor   [0;39m [2m:[0;39m token为空
[2m2023-03-12 18:30:12.037[0;39m [31mERROR[0;39m [35m15452[0;39m [2m---[0;39m [2m[nio-8080-exec-9][0;39m [36mc.c.L.interceptors.NoLoginInterceptor   [0;39m [2m:[0;39m redis中没有用户信息:[user:login:null]
[2m2023-03-12 18:30:12.041[0;39m [31mERROR[0;39m [35m15452[0;39m [2m---[0;39m [2m[nio-8080-exec-4][0;39m [36mc.c.L.interceptors.NoLoginInterceptor   [0;39m [2m:[0;39m token为空
[2m2023-03-12 18:30:12.058[0;39m [31mERROR[0;39m [35m15452[0;39m [2m---[0;39m [2m[nio-8080-exec-4][0;39m [36mc.c.L.interceptors.NoLoginInterceptor   [0;39m [2m:[0;39m redis中没有用户信息:[user:login:null]
[2m2023-03-12 18:30:12.062[0;39m [31mERROR[0;39m [35m15452[0;39m [2m---[0;39m [2m[nio-8080-exec-6][0;39m [36mc.c.L.interceptors.NoLoginInterceptor   [0;39m [2m:[0;39m token为空
[2m2023-03-12 18:30:12.081[0;39m [31mERROR[0;39m [35m15452[0;39m [2m---[0;39m [2m[nio-8080-exec-6][0;39m [36mc.c.L.interceptors.NoLoginInterceptor   [0;39m [2m:[0;39m redis中没有用户信息:[user:login:null]
[2m2023-03-12 18:30:12.085[0;39m [31mERROR[0;39m [35m15452[0;39m [2m---[0;39m [2m[nio-8080-exec-5][0;39m [36mc.c.L.interceptors.NoLoginInterceptor   [0;39m [2m:[0;39m token为空
[2m2023-03-12 18:30:12.104[0;39m [31mERROR[0;39m [35m15452[0;39m [2m---[0;39m [2m[nio-8080-exec-5][0;39m [36mc.c.L.interceptors.NoLoginInterceptor   [0;39m [2m:[0;39m redis中没有用户信息:[user:login:null]
[2m2023-03-12 18:30:12.108[0;39m [31mERROR[0;39m [35m15452[0;39m [2m---[0;39m [2m[nio-8080-exec-3][0;39m [36mc.c.L.interceptors.NoLoginInterceptor   [0;39m [2m:[0;39m token为空
[2m2023-03-12 18:30:12.188[0;39m [31mERROR[0;39m [35m15452[0;39m [2m---[0;39m [2m[nio-8080-exec-3][0;39m [36mc.c.L.interceptors.NoLoginInterceptor   [0;39m [2m:[0;39m redis中没有用户信息:[user:login:null]
[2m2023-03-12 18:30:12.195[0;39m [31mERROR[0;39m [35m15452[0;39m [2m---[0;39m [2m[nio-8080-exec-1][0;39m [36mc.c.L.interceptors.NoLoginInterceptor   [0;39m [2m:[0;39m token为空
[2m2023-03-12 18:30:12.295[0;39m [31mERROR[0;39m [35m15452[0;39m [2m---[0;39m [2m[nio-8080-exec-1][0;39m [36mc.c.L.interceptors.NoLoginInterceptor   [0;39m [2m:[0;39m redis中没有用户信息:[user:login:null]
[2m2023-03-12 18:30:12.298[0;39m [31mERROR[0;39m [35m15452[0;39m [2m---[0;39m [2m[nio-8080-exec-7][0;39m [36mc.c.L.interceptors.NoLoginInterceptor   [0;39m [2m:[0;39m token为空
[2m2023-03-12 18:30:12.321[0;39m [31mERROR[0;39m [35m15452[0;39m [2m---[0;39m [2m[nio-8080-exec-7][0;39m [36mc.c.L.interceptors.NoLoginInterceptor   [0;39m [2m:[0;39m redis中没有用户信息:[user:login:null]
[2m2023-03-12 18:30:12.323[0;39m [31mERROR[0;39m [35m15452[0;39m [2m---[0;39m [2m[nio-8080-exec-8][0;39m [36mc.c.L.interceptors.NoLoginInterceptor   [0;39m [2m:[0;39m token为空
[2m2023-03-12 18:30:12.341[0;39m [31mERROR[0;39m [35m15452[0;39m [2m---[0;39m [2m[nio-8080-exec-8][0;39m [36mc.c.L.interceptors.NoLoginInterceptor   [0;39m [2m:[0;39m redis中没有用户信息:[user:login:null]
[2m2023-03-12 18:30:12.344[0;39m [31mERROR[0;39m [35m15452[0;39m [2m---[0;39m [2m[io-8080-exec-10][0;39m [36mc.c.L.interceptors.NoLoginInterceptor   [0;39m [2m:[0;39m token为空
[2m2023-03-12 18:30:12.364[0;39m [31mERROR[0;39m [35m15452[0;39m [2m---[0;39m [2m[io-8080-exec-10][0;39m [36mc.c.L.interceptors.NoLoginInterceptor   [0;39m [2m:[0;39m redis中没有用户信息:[user:login:null]
[2m2023-03-12 18:30:12.367[0;39m [31mERROR[0;39m [35m15452[0;39m [2m---[0;39m [2m[nio-8080-exec-2][0;39m [36mc.c.L.interceptors.NoLoginInterceptor   [0;39m [2m:[0;39m token为空
[2m2023-03-12 18:30:12.385[0;39m [31mERROR[0;39m [35m15452[0;39m [2m---[0;39m [2m[nio-8080-exec-2][0;39m [36mc.c.L.interceptors.NoLoginInterceptor   [0;39m [2m:[0;39m redis中没有用户信息:[user:login:null]
[2m2023-03-12 18:30:12.388[0;39m [31mERROR[0;39m [35m15452[0;39m [2m---[0;39m [2m[nio-8080-exec-9][0;39m [36mc.c.L.interceptors.NoLoginInterceptor   [0;39m [2m:[0;39m token为空
[2m2023-03-12 18:30:12.407[0;39m [31mERROR[0;39m [35m15452[0;39m [2m---[0;39m [2m[nio-8080-exec-9][0;39m [36mc.c.L.interceptors.NoLoginInterceptor   [0;39m [2m:[0;39m redis中没有用户信息:[user:login:null]
[2m2023-03-12 18:30:12.410[0;39m [31mERROR[0;39m [35m15452[0;39m [2m---[0;39m [2m[nio-8080-exec-4][0;39m [36mc.c.L.interceptors.NoLoginInterceptor   [0;39m [2m:[0;39m token为空
[2m2023-03-12 18:30:12.432[0;39m [31mERROR[0;39m [35m15452[0;39m [2m---[0;39m [2m[nio-8080-exec-4][0;39m [36mc.c.L.interceptors.NoLoginInterceptor   [0;39m [2m:[0;39m redis中没有用户信息:[user:login:null]
[2m2023-03-12 18:30:12.435[0;39m [31mERROR[0;39m [35m15452[0;39m [2m---[0;39m [2m[nio-8080-exec-6][0;39m [36mc.c.L.interceptors.NoLoginInterceptor   [0;39m [2m:[0;39m token为空
[2m2023-03-12 18:30:12.466[0;39m [31mERROR[0;39m [35m15452[0;39m [2m---[0;39m [2m[nio-8080-exec-6][0;39m [36mc.c.L.interceptors.NoLoginInterceptor   [0;39m [2m:[0;39m redis中没有用户信息:[user:login:null]
[2m2023-03-12 18:30:12.468[0;39m [31mERROR[0;39m [35m15452[0;39m [2m---[0;39m [2m[nio-8080-exec-5][0;39m [36mc.c.L.interceptors.NoLoginInterceptor   [0;39m [2m:[0;39m token为空
[2m2023-03-12 18:30:12.488[0;39m [31mERROR[0;39m [35m15452[0;39m [2m---[0;39m [2m[nio-8080-exec-5][0;39m [36mc.c.L.interceptors.NoLoginInterceptor   [0;39m [2m:[0;39m redis中没有用户信息:[user:login:null]
[2m2023-03-12 18:30:12.491[0;39m [31mERROR[0;39m [35m15452[0;39m [2m---[0;39m [2m[nio-8080-exec-3][0;39m [36mc.c.L.interceptors.NoLoginInterceptor   [0;39m [2m:[0;39m token为空
[2m2023-03-12 18:30:12.512[0;39m [31mERROR[0;39m [35m15452[0;39m [2m---[0;39m [2m[nio-8080-exec-3][0;39m [36mc.c.L.interceptors.NoLoginInterceptor   [0;39m [2m:[0;39m redis中没有用户信息:[user:login:null]
[2m2023-03-12 18:30:12.516[0;39m [31mERROR[0;39m [35m15452[0;39m [2m---[0;39m [2m[nio-8080-exec-1][0;39m [36mc.c.L.interceptors.NoLoginInterceptor   [0;39m [2m:[0;39m token为空
[2m2023-03-12 18:30:12.539[0;39m [31mERROR[0;39m [35m15452[0;39m [2m---[0;39m [2m[nio-8080-exec-1][0;39m [36mc.c.L.interceptors.NoLoginInterceptor   [0;39m [2m:[0;39m redis中没有用户信息:[user:login:null]
[2m2023-03-12 18:30:12.543[0;39m [31mERROR[0;39m [35m15452[0;39m [2m---[0;39m [2m[nio-8080-exec-7][0;39m [36mc.c.L.interceptors.NoLoginInterceptor   [0;39m [2m:[0;39m token为空
[2m2023-03-12 18:30:12.559[0;39m [31mERROR[0;39m [35m15452[0;39m [2m---[0;39m [2m[nio-8080-exec-7][0;39m [36mc.c.L.interceptors.NoLoginInterceptor   [0;39m [2m:[0;39m redis中没有用户信息:[user:login:null]
[2m2023-03-12 18:30:12.563[0;39m [31mERROR[0;39m [35m15452[0;39m [2m---[0;39m [2m[nio-8080-exec-8][0;39m [36mc.c.L.interceptors.NoLoginInterceptor   [0;39m [2m:[0;39m token为空
[2m2023-03-12 18:30:12.581[0;39m [31mERROR[0;39m [35m15452[0;39m [2m---[0;39m [2m[nio-8080-exec-8][0;39m [36mc.c.L.interceptors.NoLoginInterceptor   [0;39m [2m:[0;39m redis中没有用户信息:[user:login:null]
[2m2023-03-12 18:30:12.583[0;39m [31mERROR[0;39m [35m15452[0;39m [2m---[0;39m [2m[io-8080-exec-10][0;39m [36mc.c.L.interceptors.NoLoginInterceptor   [0;39m [2m:[0;39m token为空
[2m2023-03-12 18:30:12.602[0;39m [31mERROR[0;39m [35m15452[0;39m [2m---[0;39m [2m[io-8080-exec-10][0;39m [36mc.c.L.interceptors.NoLoginInterceptor   [0;39m [2m:[0;39m redis中没有用户信息:[user:login:null]
[2m2023-03-12 18:30:12.606[0;39m [31mERROR[0;39m [35m15452[0;39m [2m---[0;39m [2m[nio-8080-exec-2][0;39m [36mc.c.L.interceptors.NoLoginInterceptor   [0;39m [2m:[0;39m token为空
[2m2023-03-12 18:30:12.623[0;39m [31mERROR[0;39m [35m15452[0;39m [2m---[0;39m [2m[nio-8080-exec-2][0;39m [36mc.c.L.interceptors.NoLoginInterceptor   [0;39m [2m:[0;39m redis中没有用户信息:[user:login:null]
[2m2023-03-12 18:30:12.626[0;39m [31mERROR[0;39m [35m15452[0;39m [2m---[0;39m [2m[nio-8080-exec-9][0;39m [36mc.c.L.interceptors.NoLoginInterceptor   [0;39m [2m:[0;39m token为空
[2m2023-03-12 18:30:12.651[0;39m [31mERROR[0;39m [35m15452[0;39m [2m---[0;39m [2m[nio-8080-exec-9][0;39m [36mc.c.L.interceptors.NoLoginInterceptor   [0;39m [2m:[0;39m redis中没有用户信息:[user:login:null]
[2m2023-03-12 18:30:12.654[0;39m [31mERROR[0;39m [35m15452[0;39m [2m---[0;39m [2m[nio-8080-exec-4][0;39m [36mc.c.L.interceptors.NoLoginInterceptor   [0;39m [2m:[0;39m token为空
[2m2023-03-12 18:30:12.670[0;39m [31mERROR[0;39m [35m15452[0;39m [2m---[0;39m [2m[nio-8080-exec-4][0;39m [36mc.c.L.interceptors.NoLoginInterceptor   [0;39m [2m:[0;39m redis中没有用户信息:[user:login:null]
[2m2023-03-12 18:30:12.673[0;39m [31mERROR[0;39m [35m15452[0;39m [2m---[0;39m [2m[nio-8080-exec-6][0;39m [36mc.c.L.interceptors.NoLoginInterceptor   [0;39m [2m:[0;39m token为空
[2m2023-03-12 18:30:12.690[0;39m [31mERROR[0;39m [35m15452[0;39m [2m---[0;39m [2m[nio-8080-exec-6][0;39m [36mc.c.L.interceptors.NoLoginInterceptor   [0;39m [2m:[0;39m redis中没有用户信息:[user:login:null]
[2m2023-03-12 18:30:12.693[0;39m [31mERROR[0;39m [35m15452[0;39m [2m---[0;39m [2m[nio-8080-exec-5][0;39m [36mc.c.L.interceptors.NoLoginInterceptor   [0;39m [2m:[0;39m token为空
[2m2023-03-12 18:30:12.715[0;39m [31mERROR[0;39m [35m15452[0;39m [2m---[0;39m [2m[nio-8080-exec-5][0;39m [36mc.c.L.interceptors.NoLoginInterceptor   [0;39m [2m:[0;39m redis中没有用户信息:[user:login:null]
[2m2023-03-12 18:30:12.718[0;39m [31mERROR[0;39m [35m15452[0;39m [2m---[0;39m [2m[nio-8080-exec-3][0;39m [36mc.c.L.interceptors.NoLoginInterceptor   [0;39m [2m:[0;39m token为空
[2m2023-03-12 18:30:12.743[0;39m [31mERROR[0;39m [35m15452[0;39m [2m---[0;39m [2m[nio-8080-exec-3][0;39m [36mc.c.L.interceptors.NoLoginInterceptor   [0;39m [2m:[0;39m redis中没有用户信息:[user:login:null]
[2m2023-03-12 18:30:12.747[0;39m [31mERROR[0;39m [35m15452[0;39m [2m---[0;39m [2m[nio-8080-exec-1][0;39m [36mc.c.L.interceptors.NoLoginInterceptor   [0;39m [2m:[0;39m token为空
[2m2023-03-12 18:30:12.772[0;39m [31mERROR[0;39m [35m15452[0;39m [2m---[0;39m [2m[nio-8080-exec-1][0;39m [36mc.c.L.interceptors.NoLoginInterceptor   [0;39m [2m:[0;39m redis中没有用户信息:[user:login:null]
[2m2023-03-12 18:30:12.775[0;39m [31mERROR[0;39m [35m15452[0;39m [2m---[0;39m [2m[nio-8080-exec-7][0;39m [36mc.c.L.interceptors.NoLoginInterceptor   [0;39m [2m:[0;39m token为空
[2m2023-03-12 18:30:12.793[0;39m [31mERROR[0;39m [35m15452[0;39m [2m---[0;39m [2m[nio-8080-exec-7][0;39m [36mc.c.L.interceptors.NoLoginInterceptor   [0;39m [2m:[0;39m redis中没有用户信息:[user:login:null]
[2m2023-03-12 18:30:12.796[0;39m [31mERROR[0;39m [35m15452[0;39m [2m---[0;39m [2m[nio-8080-exec-8][0;39m [36mc.c.L.interceptors.NoLoginInterceptor   [0;39m [2m:[0;39m token为空
[2m2023-03-12 18:30:12.842[0;39m [31mERROR[0;39m [35m15452[0;39m [2m---[0;39m [2m[nio-8080-exec-8][0;39m [36mc.c.L.interceptors.NoLoginInterceptor   [0;39m [2m:[0;39m redis中没有用户信息:[user:login:null]
[2m2023-03-12 18:30:12.844[0;39m [31mERROR[0;39m [35m15452[0;39m [2m---[0;39m [2m[io-8080-exec-10][0;39m [36mc.c.L.interceptors.NoLoginInterceptor   [0;39m [2m:[0;39m token为空
[2m2023-03-12 18:30:12.861[0;39m [31mERROR[0;39m [35m15452[0;39m [2m---[0;39m [2m[io-8080-exec-10][0;39m [36mc.c.L.interceptors.NoLoginInterceptor   [0;39m [2m:[0;39m redis中没有用户信息:[user:login:null]
[2m2023-03-12 18:30:12.863[0;39m [31mERROR[0;39m [35m15452[0;39m [2m---[0;39m [2m[nio-8080-exec-2][0;39m [36mc.c.L.interceptors.NoLoginInterceptor   [0;39m [2m:[0;39m token为空
[2m2023-03-12 18:30:12.880[0;39m [31mERROR[0;39m [35m15452[0;39m [2m---[0;39m [2m[nio-8080-exec-2][0;39m [36mc.c.L.interceptors.NoLoginInterceptor   [0;39m [2m:[0;39m redis中没有用户信息:[user:login:null]
[2m2023-03-12 18:30:12.883[0;39m [31mERROR[0;39m [35m15452[0;39m [2m---[0;39m [2m[nio-8080-exec-9][0;39m [36mc.c.L.interceptors.NoLoginInterceptor   [0;39m [2m:[0;39m token为空
[2m2023-03-12 18:30:12.901[0;39m [31mERROR[0;39m [35m15452[0;39m [2m---[0;39m [2m[nio-8080-exec-9][0;39m [36mc.c.L.interceptors.NoLoginInterceptor   [0;39m [2m:[0;39m redis中没有用户信息:[user:login:null]
[2m2023-03-12 18:30:12.904[0;39m [31mERROR[0;39m [35m15452[0;39m [2m---[0;39m [2m[nio-8080-exec-4][0;39m [36mc.c.L.interceptors.NoLoginInterceptor   [0;39m [2m:[0;39m token为空
[2m2023-03-12 18:30:12.944[0;39m [31mERROR[0;39m [35m15452[0;39m [2m---[0;39m [2m[nio-8080-exec-4][0;39m [36mc.c.L.interceptors.NoLoginInterceptor   [0;39m [2m:[0;39m redis中没有用户信息:[user:login:null]
[2m2023-03-12 18:32:24.674[0;39m [31mERROR[0;39m [35m5340[0;39m [2m---[0;39m [2m[nio-8080-exec-5][0;39m [36mc.c.L.interceptors.NoLoginInterceptor   [0;39m [2m:[0;39m token为空
[2m2023-03-12 18:32:24.695[0;39m [31mERROR[0;39m [35m5340[0;39m [2m---[0;39m [2m[nio-8080-exec-5][0;39m [36mc.c.L.interceptors.NoLoginInterceptor   [0;39m [2m:[0;39m redis中没有用户信息:[user:login:null]
[2m2023-03-12 18:32:24.696[0;39m [31mERROR[0;39m [35m5340[0;39m [2m---[0;39m [2m[nio-8080-exec-7][0;39m [36mc.c.L.interceptors.NoLoginInterceptor   [0;39m [2m:[0;39m token为空
[2m2023-03-12 18:32:24.740[0;39m [31mERROR[0;39m [35m5340[0;39m [2m---[0;39m [2m[nio-8080-exec-7][0;39m [36mc.c.L.interceptors.NoLoginInterceptor   [0;39m [2m:[0;39m redis中没有用户信息:[user:login:null]
[2m2023-03-12 18:32:25.191[0;39m [31mERROR[0;39m [35m5340[0;39m [2m---[0;39m [2m[nio-8080-exec-2][0;39m [36mc.c.L.interceptors.NoLoginInterceptor   [0;39m [2m:[0;39m token为空
[2m2023-03-12 18:32:25.213[0;39m [31mERROR[0;39m [35m5340[0;39m [2m---[0;39m [2m[nio-8080-exec-2][0;39m [36mc.c.L.interceptors.NoLoginInterceptor   [0;39m [2m:[0;39m redis中没有用户信息:[user:login:null]
[2m2023-03-12 18:32:25.217[0;39m [31mERROR[0;39m [35m5340[0;39m [2m---[0;39m [2m[nio-8080-exec-4][0;39m [36mc.c.L.interceptors.NoLoginInterceptor   [0;39m [2m:[0;39m token为空
[2m2023-03-12 18:32:25.242[0;39m [31mERROR[0;39m [35m5340[0;39m [2m---[0;39m [2m[nio-8080-exec-4][0;39m [36mc.c.L.interceptors.NoLoginInterceptor   [0;39m [2m:[0;39m redis中没有用户信息:[user:login:null]
[2m2023-03-12 18:32:25.245[0;39m [31mERROR[0;39m [35m5340[0;39m [2m---[0;39m [2m[nio-8080-exec-1][0;39m [36mc.c.L.interceptors.NoLoginInterceptor   [0;39m [2m:[0;39m token为空
[2m2023-03-12 18:32:25.267[0;39m [31mERROR[0;39m [35m5340[0;39m [2m---[0;39m [2m[nio-8080-exec-1][0;39m [36mc.c.L.interceptors.NoLoginInterceptor   [0;39m [2m:[0;39m redis中没有用户信息:[user:login:null]
[2m2023-03-12 18:32:25.271[0;39m [31mERROR[0;39m [35m5340[0;39m [2m---[0;39m [2m[nio-8080-exec-3][0;39m [36mc.c.L.interceptors.NoLoginInterceptor   [0;39m [2m:[0;39m token为空
[2m2023-03-12 18:32:25.288[0;39m [31mERROR[0;39m [35m5340[0;39m [2m---[0;39m [2m[nio-8080-exec-3][0;39m [36mc.c.L.interceptors.NoLoginInterceptor   [0;39m [2m:[0;39m redis中没有用户信息:[user:login:null]
[2m2023-03-12 18:32:25.291[0;39m [31mERROR[0;39m [35m5340[0;39m [2m---[0;39m [2m[nio-8080-exec-9][0;39m [36mc.c.L.interceptors.NoLoginInterceptor   [0;39m [2m:[0;39m token为空
[2m2023-03-12 18:32:25.308[0;39m [31mERROR[0;39m [35m5340[0;39m [2m---[0;39m [2m[nio-8080-exec-9][0;39m [36mc.c.L.interceptors.NoLoginInterceptor   [0;39m [2m:[0;39m redis中没有用户信息:[user:login:null]
[2m2023-03-12 18:32:25.311[0;39m [31mERROR[0;39m [35m5340[0;39m [2m---[0;39m [2m[nio-8080-exec-6][0;39m [36mc.c.L.interceptors.NoLoginInterceptor   [0;39m [2m:[0;39m token为空
[2m2023-03-12 18:32:25.328[0;39m [31mERROR[0;39m [35m5340[0;39m [2m---[0;39m [2m[nio-8080-exec-6][0;39m [36mc.c.L.interceptors.NoLoginInterceptor   [0;39m [2m:[0;39m redis中没有用户信息:[user:login:null]
[2m2023-03-12 18:32:25.331[0;39m [31mERROR[0;39m [35m5340[0;39m [2m---[0;39m [2m[nio-8080-exec-7][0;39m [36mc.c.L.interceptors.NoLoginInterceptor   [0;39m [2m:[0;39m token为空
[2m2023-03-12 18:32:25.359[0;39m [31mERROR[0;39m [35m5340[0;39m [2m---[0;39m [2m[nio-8080-exec-7][0;39m [36mc.c.L.interceptors.NoLoginInterceptor   [0;39m [2m:[0;39m redis中没有用户信息:[user:login:null]
[2m2023-03-12 18:32:25.362[0;39m [31mERROR[0;39m [35m5340[0;39m [2m---[0;39m [2m[nio-8080-exec-5][0;39m [36mc.c.L.interceptors.NoLoginInterceptor   [0;39m [2m:[0;39m token为空
[2m2023-03-12 18:32:25.380[0;39m [31mERROR[0;39m [35m5340[0;39m [2m---[0;39m [2m[nio-8080-exec-5][0;39m [36mc.c.L.interceptors.NoLoginInterceptor   [0;39m [2m:[0;39m redis中没有用户信息:[user:login:null]
[2m2023-03-12 18:32:25.382[0;39m [31mERROR[0;39m [35m5340[0;39m [2m---[0;39m [2m[io-8080-exec-10][0;39m [36mc.c.L.interceptors.NoLoginInterceptor   [0;39m [2m:[0;39m token为空
[2m2023-03-12 18:32:25.401[0;39m [31mERROR[0;39m [35m5340[0;39m [2m---[0;39m [2m[io-8080-exec-10][0;39m [36mc.c.L.interceptors.NoLoginInterceptor   [0;39m [2m:[0;39m redis中没有用户信息:[user:login:null]
[2m2023-03-12 18:32:25.405[0;39m [31mERROR[0;39m [35m5340[0;39m [2m---[0;39m [2m[nio-8080-exec-8][0;39m [36mc.c.L.interceptors.NoLoginInterceptor   [0;39m [2m:[0;39m token为空
[2m2023-03-12 18:32:25.426[0;39m [31mERROR[0;39m [35m5340[0;39m [2m---[0;39m [2m[nio-8080-exec-8][0;39m [36mc.c.L.interceptors.NoLoginInterceptor   [0;39m [2m:[0;39m redis中没有用户信息:[user:login:null]
[2m2023-03-12 18:32:25.430[0;39m [31mERROR[0;39m [35m5340[0;39m [2m---[0;39m [2m[nio-8080-exec-2][0;39m [36mc.c.L.interceptors.NoLoginInterceptor   [0;39m [2m:[0;39m token为空
[2m2023-03-12 18:32:25.458[0;39m [31mERROR[0;39m [35m5340[0;39m [2m---[0;39m [2m[nio-8080-exec-2][0;39m [36mc.c.L.interceptors.NoLoginInterceptor   [0;39m [2m:[0;39m redis中没有用户信息:[user:login:null]
[2m2023-03-12 18:32:25.462[0;39m [31mERROR[0;39m [35m5340[0;39m [2m---[0;39m [2m[nio-8080-exec-4][0;39m [36mc.c.L.interceptors.NoLoginInterceptor   [0;39m [2m:[0;39m token为空
[2m2023-03-12 18:32:25.479[0;39m [31mERROR[0;39m [35m5340[0;39m [2m---[0;39m [2m[nio-8080-exec-4][0;39m [36mc.c.L.interceptors.NoLoginInterceptor   [0;39m [2m:[0;39m redis中没有用户信息:[user:login:null]
[2m2023-03-12 18:32:25.484[0;39m [31mERROR[0;39m [35m5340[0;39m [2m---[0;39m [2m[nio-8080-exec-1][0;39m [36mc.c.L.interceptors.NoLoginInterceptor   [0;39m [2m:[0;39m token为空
[2m2023-03-12 18:32:25.502[0;39m [31mERROR[0;39m [35m5340[0;39m [2m---[0;39m [2m[nio-8080-exec-1][0;39m [36mc.c.L.interceptors.NoLoginInterceptor   [0;39m [2m:[0;39m redis中没有用户信息:[user:login:null]
[2m2023-03-12 18:32:25.507[0;39m [31mERROR[0;39m [35m5340[0;39m [2m---[0;39m [2m[nio-8080-exec-3][0;39m [36mc.c.L.interceptors.NoLoginInterceptor   [0;39m [2m:[0;39m token为空
[2m2023-03-12 18:32:25.524[0;39m [31mERROR[0;39m [35m5340[0;39m [2m---[0;39m [2m[nio-8080-exec-3][0;39m [36mc.c.L.interceptors.NoLoginInterceptor   [0;39m [2m:[0;39m redis中没有用户信息:[user:login:null]
[2m2023-03-12 18:32:25.528[0;39m [31mERROR[0;39m [35m5340[0;39m [2m---[0;39m [2m[nio-8080-exec-9][0;39m [36mc.c.L.interceptors.NoLoginInterceptor   [0;39m [2m:[0;39m token为空
[2m2023-03-12 18:32:25.549[0;39m [31mERROR[0;39m [35m5340[0;39m [2m---[0;39m [2m[nio-8080-exec-9][0;39m [36mc.c.L.interceptors.NoLoginInterceptor   [0;39m [2m:[0;39m redis中没有用户信息:[user:login:null]
[2m2023-03-12 18:32:25.553[0;39m [31mERROR[0;39m [35m5340[0;39m [2m---[0;39m [2m[nio-8080-exec-6][0;39m [36mc.c.L.interceptors.NoLoginInterceptor   [0;39m [2m:[0;39m token为空
[2m2023-03-12 18:32:25.570[0;39m [31mERROR[0;39m [35m5340[0;39m [2m---[0;39m [2m[nio-8080-exec-6][0;39m [36mc.c.L.interceptors.NoLoginInterceptor   [0;39m [2m:[0;39m redis中没有用户信息:[user:login:null]
[2m2023-03-12 18:32:25.572[0;39m [31mERROR[0;39m [35m5340[0;39m [2m---[0;39m [2m[nio-8080-exec-7][0;39m [36mc.c.L.interceptors.NoLoginInterceptor   [0;39m [2m:[0;39m token为空
[2m2023-03-12 18:32:25.596[0;39m [31mERROR[0;39m [35m5340[0;39m [2m---[0;39m [2m[nio-8080-exec-7][0;39m [36mc.c.L.interceptors.NoLoginInterceptor   [0;39m [2m:[0;39m redis中没有用户信息:[user:login:null]
[2m2023-03-12 18:32:25.599[0;39m [31mERROR[0;39m [35m5340[0;39m [2m---[0;39m [2m[nio-8080-exec-5][0;39m [36mc.c.L.interceptors.NoLoginInterceptor   [0;39m [2m:[0;39m token为空
[2m2023-03-12 18:32:25.617[0;39m [31mERROR[0;39m [35m5340[0;39m [2m---[0;39m [2m[nio-8080-exec-5][0;39m [36mc.c.L.interceptors.NoLoginInterceptor   [0;39m [2m:[0;39m redis中没有用户信息:[user:login:null]
[2m2023-03-12 18:32:25.620[0;39m [31mERROR[0;39m [35m5340[0;39m [2m---[0;39m [2m[io-8080-exec-10][0;39m [36mc.c.L.interceptors.NoLoginInterceptor   [0;39m [2m:[0;39m token为空
[2m2023-03-12 18:32:25.640[0;39m [31mERROR[0;39m [35m5340[0;39m [2m---[0;39m [2m[io-8080-exec-10][0;39m [36mc.c.L.interceptors.NoLoginInterceptor   [0;39m [2m:[0;39m redis中没有用户信息:[user:login:null]
[2m2023-03-12 18:32:25.643[0;39m [31mERROR[0;39m [35m5340[0;39m [2m---[0;39m [2m[nio-8080-exec-8][0;39m [36mc.c.L.interceptors.NoLoginInterceptor   [0;39m [2m:[0;39m token为空
[2m2023-03-12 18:32:25.668[0;39m [31mERROR[0;39m [35m5340[0;39m [2m---[0;39m [2m[nio-8080-exec-8][0;39m [36mc.c.L.interceptors.NoLoginInterceptor   [0;39m [2m:[0;39m redis中没有用户信息:[user:login:null]
[2m2023-03-12 18:32:25.672[0;39m [31mERROR[0;39m [35m5340[0;39m [2m---[0;39m [2m[nio-8080-exec-2][0;39m [36mc.c.L.interceptors.NoLoginInterceptor   [0;39m [2m:[0;39m token为空
[2m2023-03-12 18:32:25.689[0;39m [31mERROR[0;39m [35m5340[0;39m [2m---[0;39m [2m[nio-8080-exec-2][0;39m [36mc.c.L.interceptors.NoLoginInterceptor   [0;39m [2m:[0;39m redis中没有用户信息:[user:login:null]
[2m2023-03-12 18:32:25.692[0;39m [31mERROR[0;39m [35m5340[0;39m [2m---[0;39m [2m[nio-8080-exec-4][0;39m [36mc.c.L.interceptors.NoLoginInterceptor   [0;39m [2m:[0;39m token为空
[2m2023-03-12 18:32:25.720[0;39m [31mERROR[0;39m [35m5340[0;39m [2m---[0;39m [2m[nio-8080-exec-4][0;39m [36mc.c.L.interceptors.NoLoginInterceptor   [0;39m [2m:[0;39m redis中没有用户信息:[user:login:null]
[2m2023-03-12 18:32:25.724[0;39m [31mERROR[0;39m [35m5340[0;39m [2m---[0;39m [2m[nio-8080-exec-1][0;39m [36mc.c.L.interceptors.NoLoginInterceptor   [0;39m [2m:[0;39m token为空
[2m2023-03-12 18:32:25.752[0;39m [31mERROR[0;39m [35m5340[0;39m [2m---[0;39m [2m[nio-8080-exec-1][0;39m [36mc.c.L.interceptors.NoLoginInterceptor   [0;39m [2m:[0;39m redis中没有用户信息:[user:login:null]
[2m2023-03-12 18:32:25.756[0;39m [31mERROR[0;39m [35m5340[0;39m [2m---[0;39m [2m[nio-8080-exec-3][0;39m [36mc.c.L.interceptors.NoLoginInterceptor   [0;39m [2m:[0;39m token为空
[2m2023-03-12 18:32:25.777[0;39m [31mERROR[0;39m [35m5340[0;39m [2m---[0;39m [2m[nio-8080-exec-3][0;39m [36mc.c.L.interceptors.NoLoginInterceptor   [0;39m [2m:[0;39m redis中没有用户信息:[user:login:null]
[2m2023-03-12 18:32:25.780[0;39m [31mERROR[0;39m [35m5340[0;39m [2m---[0;39m [2m[nio-8080-exec-9][0;39m [36mc.c.L.interceptors.NoLoginInterceptor   [0;39m [2m:[0;39m token为空
[2m2023-03-12 18:32:25.801[0;39m [31mERROR[0;39m [35m5340[0;39m [2m---[0;39m [2m[nio-8080-exec-9][0;39m [36mc.c.L.interceptors.NoLoginInterceptor   [0;39m [2m:[0;39m redis中没有用户信息:[user:login:null]
[2m2023-03-12 18:32:25.805[0;39m [31mERROR[0;39m [35m5340[0;39m [2m---[0;39m [2m[nio-8080-exec-6][0;39m [36mc.c.L.interceptors.NoLoginInterceptor   [0;39m [2m:[0;39m token为空
[2m2023-03-12 18:32:25.822[0;39m [31mERROR[0;39m [35m5340[0;39m [2m---[0;39m [2m[nio-8080-exec-6][0;39m [36mc.c.L.interceptors.NoLoginInterceptor   [0;39m [2m:[0;39m redis中没有用户信息:[user:login:null]
[2m2023-03-12 18:32:25.826[0;39m [31mERROR[0;39m [35m5340[0;39m [2m---[0;39m [2m[nio-8080-exec-7][0;39m [36mc.c.L.interceptors.NoLoginInterceptor   [0;39m [2m:[0;39m token为空
[2m2023-03-12 18:32:25.847[0;39m [31mERROR[0;39m [35m5340[0;39m [2m---[0;39m [2m[nio-8080-exec-7][0;39m [36mc.c.L.interceptors.NoLoginInterceptor   [0;39m [2m:[0;39m redis中没有用户信息:[user:login:null]
[2m2023-03-12 18:32:25.850[0;39m [31mERROR[0;39m [35m5340[0;39m [2m---[0;39m [2m[nio-8080-exec-5][0;39m [36mc.c.L.interceptors.NoLoginInterceptor   [0;39m [2m:[0;39m token为空
[2m2023-03-12 18:32:25.874[0;39m [31mERROR[0;39m [35m5340[0;39m [2m---[0;39m [2m[nio-8080-exec-5][0;39m [36mc.c.L.interceptors.NoLoginInterceptor   [0;39m [2m:[0;39m redis中没有用户信息:[user:login:null]
[2m2023-03-12 18:32:25.877[0;39m [31mERROR[0;39m [35m5340[0;39m [2m---[0;39m [2m[io-8080-exec-10][0;39m [36mc.c.L.interceptors.NoLoginInterceptor   [0;39m [2m:[0;39m token为空
[2m2023-03-12 18:32:25.895[0;39m [31mERROR[0;39m [35m5340[0;39m [2m---[0;39m [2m[io-8080-exec-10][0;39m [36mc.c.L.interceptors.NoLoginInterceptor   [0;39m [2m:[0;39m redis中没有用户信息:[user:login:null]
[2m2023-03-12 18:32:25.899[0;39m [31mERROR[0;39m [35m5340[0;39m [2m---[0;39m [2m[nio-8080-exec-8][0;39m [36mc.c.L.interceptors.NoLoginInterceptor   [0;39m [2m:[0;39m token为空
[2m2023-03-12 18:32:25.916[0;39m [31mERROR[0;39m [35m5340[0;39m [2m---[0;39m [2m[nio-8080-exec-8][0;39m [36mc.c.L.interceptors.NoLoginInterceptor   [0;39m [2m:[0;39m redis中没有用户信息:[user:login:null]
[2m2023-03-12 18:32:25.919[0;39m [31mERROR[0;39m [35m5340[0;39m [2m---[0;39m [2m[nio-8080-exec-2][0;39m [36mc.c.L.interceptors.NoLoginInterceptor   [0;39m [2m:[0;39m token为空
[2m2023-03-12 18:32:25.948[0;39m [31mERROR[0;39m [35m5340[0;39m [2m---[0;39m [2m[nio-8080-exec-2][0;39m [36mc.c.L.interceptors.NoLoginInterceptor   [0;39m [2m:[0;39m redis中没有用户信息:[user:login:null]
[2m2023-03-12 18:32:25.951[0;39m [31mERROR[0;39m [35m5340[0;39m [2m---[0;39m [2m[nio-8080-exec-4][0;39m [36mc.c.L.interceptors.NoLoginInterceptor   [0;39m [2m:[0;39m token为空
[2m2023-03-12 18:32:25.975[0;39m [31mERROR[0;39m [35m5340[0;39m [2m---[0;39m [2m[nio-8080-exec-4][0;39m [36mc.c.L.interceptors.NoLoginInterceptor   [0;39m [2m:[0;39m redis中没有用户信息:[user:login:null]
[2m2023-03-12 18:32:25.978[0;39m [31mERROR[0;39m [35m5340[0;39m [2m---[0;39m [2m[nio-8080-exec-1][0;39m [36mc.c.L.interceptors.NoLoginInterceptor   [0;39m [2m:[0;39m token为空
[2m2023-03-12 18:32:25.996[0;39m [31mERROR[0;39m [35m5340[0;39m [2m---[0;39m [2m[nio-8080-exec-1][0;39m [36mc.c.L.interceptors.NoLoginInterceptor   [0;39m [2m:[0;39m redis中没有用户信息:[user:login:null]
[2m2023-03-12 18:32:25.999[0;39m [31mERROR[0;39m [35m5340[0;39m [2m---[0;39m [2m[nio-8080-exec-3][0;39m [36mc.c.L.interceptors.NoLoginInterceptor   [0;39m [2m:[0;39m token为空
[2m2023-03-12 18:32:26.021[0;39m [31mERROR[0;39m [35m5340[0;39m [2m---[0;39m [2m[nio-8080-exec-3][0;39m [36mc.c.L.interceptors.NoLoginInterceptor   [0;39m [2m:[0;39m redis中没有用户信息:[user:login:null]
[2m2023-03-12 18:32:26.023[0;39m [31mERROR[0;39m [35m5340[0;39m [2m---[0;39m [2m[nio-8080-exec-9][0;39m [36mc.c.L.interceptors.NoLoginInterceptor   [0;39m [2m:[0;39m token为空
[2m2023-03-12 18:32:26.045[0;39m [31mERROR[0;39m [35m5340[0;39m [2m---[0;39m [2m[nio-8080-exec-9][0;39m [36mc.c.L.interceptors.NoLoginInterceptor   [0;39m [2m:[0;39m redis中没有用户信息:[user:login:null]
[2m2023-03-12 18:32:26.049[0;39m [31mERROR[0;39m [35m5340[0;39m [2m---[0;39m [2m[nio-8080-exec-6][0;39m [36mc.c.L.interceptors.NoLoginInterceptor   [0;39m [2m:[0;39m token为空
[2m2023-03-12 18:32:26.081[0;39m [31mERROR[0;39m [35m5340[0;39m [2m---[0;39m [2m[nio-8080-exec-6][0;39m [36mc.c.L.interceptors.NoLoginInterceptor   [0;39m [2m:[0;39m redis中没有用户信息:[user:login:null]
[2m2023-03-12 18:32:26.084[0;39m [31mERROR[0;39m [35m5340[0;39m [2m---[0;39m [2m[nio-8080-exec-7][0;39m [36mc.c.L.interceptors.NoLoginInterceptor   [0;39m [2m:[0;39m token为空
[2m2023-03-12 18:32:26.100[0;39m [31mERROR[0;39m [35m5340[0;39m [2m---[0;39m [2m[nio-8080-exec-7][0;39m [36mc.c.L.interceptors.NoLoginInterceptor   [0;39m [2m:[0;39m redis中没有用户信息:[user:login:null]
[2m2023-03-12 18:32:26.104[0;39m [31mERROR[0;39m [35m5340[0;39m [2m---[0;39m [2m[nio-8080-exec-5][0;39m [36mc.c.L.interceptors.NoLoginInterceptor   [0;39m [2m:[0;39m token为空
[2m2023-03-12 18:32:26.121[0;39m [31mERROR[0;39m [35m5340[0;39m [2m---[0;39m [2m[nio-8080-exec-5][0;39m [36mc.c.L.interceptors.NoLoginInterceptor   [0;39m [2m:[0;39m redis中没有用户信息:[user:login:null]
[2m2023-03-12 18:32:26.124[0;39m [31mERROR[0;39m [35m5340[0;39m [2m---[0;39m [2m[io-8080-exec-10][0;39m [36mc.c.L.interceptors.NoLoginInterceptor   [0;39m [2m:[0;39m token为空
[2m2023-03-12 18:32:26.144[0;39m [31mERROR[0;39m [35m5340[0;39m [2m---[0;39m [2m[io-8080-exec-10][0;39m [36mc.c.L.interceptors.NoLoginInterceptor   [0;39m [2m:[0;39m redis中没有用户信息:[user:login:null]
[2m2023-03-12 18:32:26.147[0;39m [31mERROR[0;39m [35m5340[0;39m [2m---[0;39m [2m[nio-8080-exec-8][0;39m [36mc.c.L.interceptors.NoLoginInterceptor   [0;39m [2m:[0;39m token为空
[2m2023-03-12 18:32:26.165[0;39m [31mERROR[0;39m [35m5340[0;39m [2m---[0;39m [2m[nio-8080-exec-8][0;39m [36mc.c.L.interceptors.NoLoginInterceptor   [0;39m [2m:[0;39m redis中没有用户信息:[user:login:null]
[2m2023-03-12 18:33:26.687[0;39m [31mERROR[0;39m [35m20312[0;39m [2m---[0;39m [2m[nio-8080-exec-8][0;39m [36mc.c.L.interceptors.NoLoginInterceptor   [0;39m [2m:[0;39m token为空
[2m2023-03-12 18:33:26.688[0;39m [31mERROR[0;39m [35m20312[0;39m [2m---[0;39m [2m[io-8080-exec-10][0;39m [36mc.c.L.interceptors.NoLoginInterceptor   [0;39m [2m:[0;39m token为空
[2m2023-03-12 18:33:26.945[0;39m [31mERROR[0;39m [35m20312[0;39m [2m---[0;39m [2m[nio-8080-exec-7][0;39m [36mc.c.L.interceptors.NoLoginInterceptor   [0;39m [2m:[0;39m token为空
[2m2023-03-12 18:33:27.101[0;39m [31mERROR[0;39m [35m20312[0;39m [2m---[0;39m [2m[nio-8080-exec-6][0;39m [36mc.c.L.interceptors.NoLoginInterceptor   [0;39m [2m:[0;39m token为空
[2m2023-03-12 18:33:27.104[0;39m [31mERROR[0;39m [35m20312[0;39m [2m---[0;39m [2m[nio-8080-exec-3][0;39m [36mc.c.L.interceptors.NoLoginInterceptor   [0;39m [2m:[0;39m token为空
[2m2023-03-12 18:33:27.110[0;39m [31mERROR[0;39m [35m20312[0;39m [2m---[0;39m [2m[nio-8080-exec-4][0;39m [36mc.c.L.interceptors.NoLoginInterceptor   [0;39m [2m:[0;39m token为空
[2m2023-03-12 18:33:27.113[0;39m [31mERROR[0;39m [35m20312[0;39m [2m---[0;39m [2m[nio-8080-exec-5][0;39m [36mc.c.L.interceptors.NoLoginInterceptor   [0;39m [2m:[0;39m token为空
[2m2023-03-12 18:33:27.158[0;39m [31mERROR[0;39m [35m20312[0;39m [2m---[0;39m [2m[io-8080-exec-10][0;39m [36mc.c.L.interceptors.NoLoginInterceptor   [0;39m [2m:[0;39m token为空
[2m2023-03-12 18:33:27.161[0;39m [31mERROR[0;39m [35m20312[0;39m [2m---[0;39m [2m[nio-8080-exec-8][0;39m [36mc.c.L.interceptors.NoLoginInterceptor   [0;39m [2m:[0;39m token为空
[2m2023-03-12 18:33:27.168[0;39m [31mERROR[0;39m [35m20312[0;39m [2m---[0;39m [2m[nio-8080-exec-2][0;39m [36mc.c.L.interceptors.NoLoginInterceptor   [0;39m [2m:[0;39m token为空
[2m2023-03-12 18:33:27.178[0;39m [31mERROR[0;39m [35m20312[0;39m [2m---[0;39m [2m[nio-8080-exec-9][0;39m [36mc.c.L.interceptors.NoLoginInterceptor   [0;39m [2m:[0;39m token为空
[2m2023-03-12 18:33:27.181[0;39m [31mERROR[0;39m [35m20312[0;39m [2m---[0;39m [2m[nio-8080-exec-6][0;39m [36mc.c.L.interceptors.NoLoginInterceptor   [0;39m [2m:[0;39m token为空
[2m2023-03-12 18:33:27.195[0;39m [31mERROR[0;39m [35m20312[0;39m [2m---[0;39m [2m[nio-8080-exec-3][0;39m [36mc.c.L.interceptors.NoLoginInterceptor   [0;39m [2m:[0;39m token为空
[2m2023-03-12 18:33:27.198[0;39m [31mERROR[0;39m [35m20312[0;39m [2m---[0;39m [2m[nio-8080-exec-4][0;39m [36mc.c.L.interceptors.NoLoginInterceptor   [0;39m [2m:[0;39m token为空
[2m2023-03-12 18:33:27.210[0;39m [31mERROR[0;39m [35m20312[0;39m [2m---[0;39m [2m[nio-8080-exec-5][0;39m [36mc.c.L.interceptors.NoLoginInterceptor   [0;39m [2m:[0;39m token为空
[2m2023-03-12 18:33:27.212[0;39m [31mERROR[0;39m [35m20312[0;39m [2m---[0;39m [2m[nio-8080-exec-1][0;39m [36mc.c.L.interceptors.NoLoginInterceptor   [0;39m [2m:[0;39m token为空
[2m2023-03-12 18:33:27.224[0;39m [31mERROR[0;39m [35m20312[0;39m [2m---[0;39m [2m[io-8080-exec-10][0;39m [36mc.c.L.interceptors.NoLoginInterceptor   [0;39m [2m:[0;39m token为空
[2m2023-03-12 18:33:27.226[0;39m [31mERROR[0;39m [35m20312[0;39m [2m---[0;39m [2m[nio-8080-exec-8][0;39m [36mc.c.L.interceptors.NoLoginInterceptor   [0;39m [2m:[0;39m token为空
[2m2023-03-12 18:33:27.233[0;39m [31mERROR[0;39m [35m20312[0;39m [2m---[0;39m [2m[nio-8080-exec-2][0;39m [36mc.c.L.interceptors.NoLoginInterceptor   [0;39m [2m:[0;39m token为空
[2m2023-03-12 18:33:27.241[0;39m [31mERROR[0;39m [35m20312[0;39m [2m---[0;39m [2m[nio-8080-exec-9][0;39m [36mc.c.L.interceptors.NoLoginInterceptor   [0;39m [2m:[0;39m token为空
[2m2023-03-12 18:33:27.243[0;39m [31mERROR[0;39m [35m20312[0;39m [2m---[0;39m [2m[nio-8080-exec-6][0;39m [36mc.c.L.interceptors.NoLoginInterceptor   [0;39m [2m:[0;39m token为空
[2m2023-03-12 18:33:27.251[0;39m [31mERROR[0;39m [35m20312[0;39m [2m---[0;39m [2m[nio-8080-exec-7][0;39m [36mc.c.L.interceptors.NoLoginInterceptor   [0;39m [2m:[0;39m token为空
[2m2023-03-12 18:33:27.259[0;39m [31mERROR[0;39m [35m20312[0;39m [2m---[0;39m [2m[nio-8080-exec-3][0;39m [36mc.c.L.interceptors.NoLoginInterceptor   [0;39m [2m:[0;39m token为空
[2m2023-03-12 18:33:27.261[0;39m [31mERROR[0;39m [35m20312[0;39m [2m---[0;39m [2m[nio-8080-exec-4][0;39m [36mc.c.L.interceptors.NoLoginInterceptor   [0;39m [2m:[0;39m token为空
[2m2023-03-12 18:33:27.271[0;39m [31mERROR[0;39m [35m20312[0;39m [2m---[0;39m [2m[nio-8080-exec-5][0;39m [36mc.c.L.interceptors.NoLoginInterceptor   [0;39m [2m:[0;39m token为空
[2m2023-03-12 18:33:27.273[0;39m [31mERROR[0;39m [35m20312[0;39m [2m---[0;39m [2m[nio-8080-exec-1][0;39m [36mc.c.L.interceptors.NoLoginInterceptor   [0;39m [2m:[0;39m token为空
[2m2023-03-12 18:33:27.284[0;39m [31mERROR[0;39m [35m20312[0;39m [2m---[0;39m [2m[io-8080-exec-10][0;39m [36mc.c.L.interceptors.NoLoginInterceptor   [0;39m [2m:[0;39m token为空
[2m2023-03-12 18:33:27.286[0;39m [31mERROR[0;39m [35m20312[0;39m [2m---[0;39m [2m[nio-8080-exec-8][0;39m [36mc.c.L.interceptors.NoLoginInterceptor   [0;39m [2m:[0;39m token为空
[2m2023-03-12 18:33:27.296[0;39m [31mERROR[0;39m [35m20312[0;39m [2m---[0;39m [2m[nio-8080-exec-2][0;39m [36mc.c.L.interceptors.NoLoginInterceptor   [0;39m [2m:[0;39m token为空
[2m2023-03-12 18:33:27.299[0;39m [31mERROR[0;39m [35m20312[0;39m [2m---[0;39m [2m[nio-8080-exec-9][0;39m [36mc.c.L.interceptors.NoLoginInterceptor   [0;39m [2m:[0;39m token为空
[2m2023-03-12 18:33:27.308[0;39m [31mERROR[0;39m [35m20312[0;39m [2m---[0;39m [2m[nio-8080-exec-6][0;39m [36mc.c.L.interceptors.NoLoginInterceptor   [0;39m [2m:[0;39m token为空
[2m2023-03-12 18:33:27.311[0;39m [31mERROR[0;39m [35m20312[0;39m [2m---[0;39m [2m[nio-8080-exec-7][0;39m [36mc.c.L.interceptors.NoLoginInterceptor   [0;39m [2m:[0;39m token为空
[2m2023-03-12 18:33:27.322[0;39m [31mERROR[0;39m [35m20312[0;39m [2m---[0;39m [2m[nio-8080-exec-3][0;39m [36mc.c.L.interceptors.NoLoginInterceptor   [0;39m [2m:[0;39m token为空
[2m2023-03-12 18:33:27.329[0;39m [31mERROR[0;39m [35m20312[0;39m [2m---[0;39m [2m[nio-8080-exec-4][0;39m [36mc.c.L.interceptors.NoLoginInterceptor   [0;39m [2m:[0;39m token为空
[2m2023-03-12 18:33:27.332[0;39m [31mERROR[0;39m [35m20312[0;39m [2m---[0;39m [2m[nio-8080-exec-5][0;39m [36mc.c.L.interceptors.NoLoginInterceptor   [0;39m [2m:[0;39m token为空
[2m2023-03-12 18:33:27.341[0;39m [31mERROR[0;39m [35m20312[0;39m [2m---[0;39m [2m[nio-8080-exec-1][0;39m [36mc.c.L.interceptors.NoLoginInterceptor   [0;39m [2m:[0;39m token为空
[2m2023-03-12 18:33:27.343[0;39m [31mERROR[0;39m [35m20312[0;39m [2m---[0;39m [2m[io-8080-exec-10][0;39m [36mc.c.L.interceptors.NoLoginInterceptor   [0;39m [2m:[0;39m token为空
[2m2023-03-12 18:33:27.354[0;39m [31mERROR[0;39m [35m20312[0;39m [2m---[0;39m [2m[nio-8080-exec-8][0;39m [36mc.c.L.interceptors.NoLoginInterceptor   [0;39m [2m:[0;39m token为空
[2m2023-03-12 18:33:27.357[0;39m [31mERROR[0;39m [35m20312[0;39m [2m---[0;39m [2m[nio-8080-exec-2][0;39m [36mc.c.L.interceptors.NoLoginInterceptor   [0;39m [2m:[0;39m token为空
[2m2023-03-12 18:33:27.369[0;39m [31mERROR[0;39m [35m20312[0;39m [2m---[0;39m [2m[nio-8080-exec-9][0;39m [36mc.c.L.interceptors.NoLoginInterceptor   [0;39m [2m:[0;39m token为空
[2m2023-03-12 18:33:27.372[0;39m [31mERROR[0;39m [35m20312[0;39m [2m---[0;39m [2m[nio-8080-exec-6][0;39m [36mc.c.L.interceptors.NoLoginInterceptor   [0;39m [2m:[0;39m token为空
[2m2023-03-12 18:33:27.385[0;39m [31mERROR[0;39m [35m20312[0;39m [2m---[0;39m [2m[nio-8080-exec-7][0;39m [36mc.c.L.interceptors.NoLoginInterceptor   [0;39m [2m:[0;39m token为空
